2025-04-17T22:13:05.258935+0800 | INFO | move /Users/10254072/si-im/app/src/google/res/drawable-xxhdpi/s_chat_logo.webp to ./img/origin
2025-04-17T22:13:05.262476+0800 | INFO | move /Users/10254072/si-im/app/src/main/res/drawable/icon_meeting_gray_no_background.xml to ./img/origin
2025-04-17T22:13:05.263349+0800 | INFO | move /Users/10254072/si-im/app/src/main/res/drawable/default_avatar.png to ./img/origin
2025-04-17T22:13:05.263970+0800 | INFO | move /Users/10254072/si-im/app/src/main/res/drawable/icon_scan_light_off.xml to ./img/origin
2025-04-17T22:13:05.264899+0800 | INFO | move /Users/10254072/si-im/app/src/main/res/drawable/icon_checkin_position.xml to ./img/origin
2025-04-17T22:13:05.265358+0800 | INFO | move /Users/10254072/si-im/app/src/main/res/drawable/contact_my_client.png to ./img/origin
2025-04-17T22:13:05.266230+0800 | INFO | move /Users/10254072/si-im/app/src/main/res/drawable/sui_icon_nav_more_back.xml to ./img/origin
2025-04-17T22:13:05.267150+0800 | INFO | move /Users/10254072/si-im/app/src/main/res/drawable/ic_notice.xml to ./img/origin
2025-04-17T22:13:05.267765+0800 | INFO | move /Users/10254072/si-im/app/src/main/res/drawable/icon_contacts_line_30px.xml to ./img/origin
2025-04-17T22:13:05.268300+0800 | INFO | move /Users/10254072/si-im/app/src/main/res/drawable/icon_wechat_16px.xml to ./img/origin
2025-04-17T22:13:05.268867+0800 | INFO | move /Users/10254072/si-im/app/src/main/res/drawable/icon_insertion_close_32px.xml to ./img/origin
2025-04-17T22:13:05.269612+0800 | INFO | move /Users/10254072/si-im/app/src/main/res/drawable/icon_expend_20px.xml to ./img/origin
2025-04-17T22:13:05.270020+0800 | INFO | move /Users/10254072/si-im/app/src/main/res/drawable/contact_shein.png to ./img/origin
2025-04-17T22:13:05.270547+0800 | INFO | move /Users/10254072/si-im/app/src/main/res/drawable/icon_copylink_24px.xml to ./img/origin
2025-04-17T22:13:05.270905+0800 | INFO | move /Users/10254072/si-im/app/src/main/res/drawable/ic_volume_dialog_length_short.png to ./img/origin
2025-04-17T22:13:05.271410+0800 | INFO | move /Users/10254072/si-im/app/src/main/res/drawable/icon_check_unselected.xml to ./img/origin
2025-04-17T22:13:05.271929+0800 | INFO | move /Users/10254072/si-im/app/src/main/res/drawable/sign_clear.xml to ./img/origin
2025-04-17T22:13:05.272664+0800 | INFO | move /Users/10254072/si-im/app/src/main/res/drawable/search_filter_delete.xml to ./img/origin
2025-04-17T22:13:05.273079+0800 | INFO | move /Users/10254072/si-im/app/src/main/res/drawable/icon_tip.xml to ./img/origin
2025-04-17T22:13:05.273523+0800 | INFO | move /Users/10254072/si-im/app/src/main/res/drawable/icon_email_fill_30px.xml to ./img/origin
2025-04-17T22:13:05.274114+0800 | INFO | move /Users/10254072/si-im/app/src/main/res/drawable/icon_input_32dp.xml to ./img/origin
2025-04-17T22:13:05.274709+0800 | INFO | move /Users/10254072/si-im/app/src/main/res/drawable/contact_other.png to ./img/origin
2025-04-17T22:13:05.275414+0800 | INFO | move /Users/10254072/si-im/app/src/main/res/drawable/icon_meeting_blue_no_background.xml to ./img/origin
2025-04-17T22:13:05.276581+0800 | INFO | move /Users/10254072/si-im/app/src/main/res/drawable/chat_more_action_file.png to ./img/origin
2025-04-17T22:13:05.277776+0800 | INFO | move /Users/10254072/si-im/app/src/main/res/drawable/icon_scan_corner_lt.xml to ./img/origin
2025-04-17T22:13:05.278509+0800 | INFO | move /Users/10254072/si-im/app/src/main/res/drawable/tuiemoji_default_emoji_group_icon.png to ./img/origin
2025-04-17T22:13:05.278957+0800 | INFO | move /Users/10254072/si-im/app/src/main/res/drawable/chat_more_action_dot_selected.png to ./img/origin
2025-04-17T22:13:05.279298+0800 | INFO | move /Users/10254072/si-im/app/src/main/res/drawable/sui_icon_save_filled.png to ./img/origin
2025-04-17T22:13:05.279885+0800 | INFO | move /Users/10254072/si-im/app/src/main/res/drawable/icon_scan_corner_lb.xml to ./img/origin
2025-04-17T22:13:05.281062+0800 | INFO | move /Users/10254072/si-im/app/src/main/res/drawable/icon_message_line_30px.xml to ./img/origin
2025-04-17T22:13:05.282263+0800 | INFO | move /Users/10254072/si-im/app/src/main/res/drawable/icon_download.xml to ./img/origin
2025-04-17T22:13:05.282915+0800 | INFO | move /Users/10254072/si-im/app/src/main/res/drawable/icon_deleteclose_20px.xml to ./img/origin
2025-04-17T22:13:05.283272+0800 | INFO | move /Users/10254072/si-im/app/src/main/res/drawable/chat_more_action_fav.png to ./img/origin
2025-04-17T22:13:05.284111+0800 | INFO | move /Users/10254072/si-im/app/src/main/res/drawable/icon_pinned_sound.xml to ./img/origin
2025-04-17T22:13:05.284658+0800 | INFO | move /Users/10254072/si-im/app/src/main/res/drawable/chat_more_action_shot.png to ./img/origin
2025-04-17T22:13:05.285063+0800 | INFO | move /Users/10254072/si-im/app/src/main/res/drawable/search_pre_month.xml to ./img/origin
2025-04-17T22:13:05.285439+0800 | INFO | move /Users/10254072/si-im/app/src/main/res/drawable/search_time_checked.xml to ./img/origin
2025-04-17T22:13:05.285944+0800 | INFO | move /Users/10254072/si-im/app/src/main/res/drawable/icon_menu_line_30px.xml to ./img/origin
2025-04-17T22:13:05.286732+0800 | INFO | move /Users/10254072/si-im/app/src/main/res/drawable/icon_voicecall_fill_34px.xml to ./img/origin
2025-04-17T22:13:05.287209+0800 | INFO | move /Users/10254072/si-im/app/src/main/res/drawable/me_sign_image.xml to ./img/origin
2025-04-17T22:13:05.287879+0800 | INFO | move /Users/10254072/si-im/app/src/main/res/drawable/icon_translate_done.xml to ./img/origin
2025-04-17T22:13:05.288484+0800 | INFO | move /Users/10254072/si-im/app/src/main/res/drawable/icon_check_selected.xml to ./img/origin
2025-04-17T22:13:05.289674+0800 | INFO | move /Users/10254072/si-im/app/src/main/res/drawable/ic_volume_dialog_cancel.png to ./img/origin
2025-04-17T22:13:05.291003+0800 | INFO | move /Users/10254072/si-im/app/src/main/res/drawable/icon_phonecall_30px.xml to ./img/origin
2025-04-17T22:13:05.291489+0800 | INFO | move /Users/10254072/si-im/app/src/main/res/drawable/icon_position.xml to ./img/origin
2025-04-17T22:13:05.292122+0800 | INFO | move /Users/10254072/si-im/app/src/main/res/drawable/icon_speech_32px.xml to ./img/origin
2025-04-17T22:13:05.292500+0800 | INFO | move /Users/10254072/si-im/app/src/main/res/drawable/icon_scan.xml to ./img/origin
2025-04-17T22:13:05.293068+0800 | INFO | move /Users/10254072/si-im/app/src/main/res/drawable/ic_meeting_search.xml to ./img/origin
2025-04-17T22:13:05.294243+0800 | INFO | move /Users/10254072/si-im/app/src/main/res/drawable/icon_save_32px.xml to ./img/origin
2025-04-17T22:13:05.294953+0800 | INFO | move /Users/10254072/si-im/app/src/main/res/drawable/edit_notify_top.xml to ./img/origin
2025-04-17T22:13:05.295618+0800 | INFO | move /Users/10254072/si-im/app/src/main/res/drawable/icon_contacts_fill_30px.xml to ./img/origin
2025-04-17T22:13:05.296179+0800 | INFO | move /Users/10254072/si-im/app/src/main/res/drawable/icon_arrowdown_fill_8px.xml to ./img/origin
2025-04-17T22:13:05.297034+0800 | INFO | move /Users/10254072/si-im/app/src/main/res/drawable/icon_nav_back.xml to ./img/origin
2025-04-17T22:13:05.297928+0800 | INFO | move /Users/10254072/si-im/app/src/main/res/drawable/icon_pinned_notice.xml to ./img/origin
2025-04-17T22:13:05.298886+0800 | INFO | move /Users/10254072/si-im/app/src/main/res/drawable/icon_rm_pin.xml to ./img/origin
2025-04-17T22:13:05.299445+0800 | INFO | move /Users/10254072/si-im/app/src/main/res/drawable/icon_email_line_30px.xml to ./img/origin
2025-04-17T22:13:05.299845+0800 | INFO | move /Users/10254072/si-im/app/src/main/res/drawable/icon_scan_corner_rt.xml to ./img/origin
2025-04-17T22:13:05.300335+0800 | INFO | move /Users/10254072/si-im/app/src/main/res/drawable/ic_launcher_foreground.xml to ./img/origin
2025-04-17T22:13:05.300798+0800 | INFO | move /Users/10254072/si-im/app/src/main/res/drawable/icon_scan_corner_rb.xml to ./img/origin
2025-04-17T22:13:05.302656+0800 | INFO | move /Users/10254072/si-im/app/src/main/res/drawable/icon_keyboard_32px.xml to ./img/origin
2025-04-17T22:13:05.303969+0800 | INFO | move /Users/10254072/si-im/app/src/main/res/drawable/chat_more_action_quick_meeting.xml to ./img/origin
2025-04-17T22:13:05.305390+0800 | INFO | move /Users/10254072/si-im/app/src/main/res/drawable/icon_menu.xml to ./img/origin
2025-04-17T22:13:05.307211+0800 | INFO | move /Users/10254072/si-im/app/src/main/res/drawable/icon_meeting_overview_booking_meeting.xml to ./img/origin
2025-04-17T22:13:05.308258+0800 | INFO | move /Users/10254072/si-im/app/src/main/res/drawable/icon_translation_24px.xml to ./img/origin
2025-04-17T22:13:05.308780+0800 | INFO | move /Users/10254072/si-im/app/src/main/res/drawable/chat_more_action_location.png to ./img/origin
2025-04-17T22:13:05.310455+0800 | INFO | move /Users/10254072/si-im/app/src/main/res/drawable/album_ic_rtc_meeting_finished.xml to ./img/origin
2025-04-17T22:13:05.311692+0800 | INFO | move /Users/10254072/si-im/app/src/main/res/drawable/icon_checkin_set.xml to ./img/origin
2025-04-17T22:13:05.313839+0800 | INFO | move /Users/10254072/si-im/app/src/main/res/drawable/icon_checkin_summary.xml to ./img/origin
2025-04-17T22:13:05.314588+0800 | INFO | move /Users/10254072/si-im/app/src/main/res/drawable/icon_message_fill_30px.xml to ./img/origin
2025-04-17T22:13:05.315074+0800 | INFO | move /Users/10254072/si-im/app/src/main/res/drawable/load_fail.png to ./img/origin
2025-04-17T22:13:05.315397+0800 | INFO | move /Users/10254072/si-im/app/src/main/res/drawable/chat_more_action_card.png to ./img/origin
2025-04-17T22:13:05.315777+0800 | INFO | move /Users/10254072/si-im/app/src/main/res/drawable/ic_meeting_blue.xml to ./img/origin
2025-04-17T22:13:05.316385+0800 | INFO | move /Users/10254072/si-im/app/src/main/res/drawable/icon_delete_32px.xml to ./img/origin
2025-04-17T22:13:05.316878+0800 | INFO | move /Users/10254072/si-im/app/src/main/res/drawable/icon_menu_fill_30px.xml to ./img/origin
2025-04-17T22:13:05.317363+0800 | INFO | move /Users/10254072/si-im/app/src/main/res/drawable/icon_meeting_overview_join_meeting.xml to ./img/origin
2025-04-17T22:13:05.317775+0800 | INFO | move /Users/10254072/si-im/app/src/main/res/drawable/chat_more_action_schedule.png to ./img/origin
2025-04-17T22:13:05.318075+0800 | INFO | move /Users/10254072/si-im/app/src/main/res/drawable/ic_volume_8.png to ./img/origin
2025-04-17T22:13:05.318463+0800 | INFO | move /Users/10254072/si-im/app/src/main/res/drawable/icon_pin_24px.xml to ./img/origin
2025-04-17T22:13:05.319087+0800 | INFO | move /Users/10254072/si-im/app/src/main/res/drawable/icon_pinned_msg.xml to ./img/origin
2025-04-17T22:13:05.319474+0800 | INFO | move /Users/10254072/si-im/app/src/main/res/drawable/icon_scan_line.xml to ./img/origin
2025-04-17T22:13:05.319735+0800 | INFO | move /Users/10254072/si-im/app/src/main/res/drawable/contact_add.png to ./img/origin
2025-04-17T22:13:05.320333+0800 | INFO | move /Users/10254072/si-im/app/src/main/res/drawable/chat_revoke.xml to ./img/origin
2025-04-17T22:13:05.320647+0800 | INFO | move /Users/10254072/si-im/app/src/main/res/drawable/ic_volume_5.png to ./img/origin
2025-04-17T22:13:05.320930+0800 | INFO | move /Users/10254072/si-im/app/src/main/res/drawable/shein.png to ./img/origin
2025-04-17T22:13:05.321327+0800 | INFO | move /Users/10254072/si-im/app/src/main/res/drawable/chat_voice_msg_playing_1.png to ./img/origin
2025-04-17T22:13:05.321732+0800 | INFO | move /Users/10254072/si-im/app/src/main/res/drawable/icon_meeting_overview_quick_meeting.xml to ./img/origin
2025-04-17T22:13:05.322100+0800 | INFO | move /Users/10254072/si-im/app/src/main/res/drawable/me_right.xml to ./img/origin
2025-04-17T22:13:05.322380+0800 | INFO | move /Users/10254072/si-im/app/src/main/res/drawable/ic_volume_4.png to ./img/origin
2025-04-17T22:13:05.322755+0800 | INFO | move /Users/10254072/si-im/app/src/main/res/drawable/conversation_no_network.png to ./img/origin
2025-04-17T22:13:05.323463+0800 | INFO | move /Users/10254072/si-im/app/src/main/res/drawable/at_all_member.xml to ./img/origin
2025-04-17T22:13:05.324027+0800 | INFO | move /Users/10254072/si-im/app/src/main/res/drawable/icon_check_blue_16px.xml to ./img/origin
2025-04-17T22:13:05.324330+0800 | INFO | move /Users/10254072/si-im/app/src/main/res/drawable/chat_send_fail.png to ./img/origin
2025-04-17T22:13:05.324767+0800 | INFO | move /Users/10254072/si-im/app/src/main/res/drawable/icon_expression_32px.xml to ./img/origin
2025-04-17T22:13:05.325319+0800 | INFO | move /Users/10254072/si-im/app/src/main/res/drawable/ic_message_sending_state.xml to ./img/origin
2025-04-17T22:13:05.326168+0800 | INFO | move /Users/10254072/si-im/app/src/main/res/drawable/chat_sent.png to ./img/origin
2025-04-17T22:13:05.326447+0800 | INFO | move /Users/10254072/si-im/app/src/main/res/drawable/ic_volume_6.png to ./img/origin
2025-04-17T22:13:05.326834+0800 | INFO | move /Users/10254072/si-im/app/src/main/res/drawable/chat_voice_msg_playing_2.png to ./img/origin
2025-04-17T22:13:05.327240+0800 | INFO | move /Users/10254072/si-im/app/src/main/res/drawable/icon_add_32px.xml to ./img/origin
2025-04-17T22:13:05.327832+0800 | INFO | move /Users/10254072/si-im/app/src/main/res/drawable/icon_fail_96px.xml to ./img/origin
2025-04-17T22:13:05.328315+0800 | INFO | move /Users/10254072/si-im/app/src/main/res/drawable/chat_voice_msg_playing_3.png to ./img/origin
2025-04-17T22:13:05.328711+0800 | INFO | move /Users/10254072/si-im/app/src/main/res/drawable/message_send_fail.png to ./img/origin
2025-04-17T22:13:05.329145+0800 | INFO | move /Users/10254072/si-im/app/src/main/res/drawable/at_close.xml to ./img/origin
2025-04-17T22:13:05.329519+0800 | INFO | move /Users/10254072/si-im/app/src/main/res/drawable/search_back.xml to ./img/origin
2025-04-17T22:13:05.329809+0800 | INFO | move /Users/10254072/si-im/app/src/main/res/drawable/ic_volume_7.png to ./img/origin
2025-04-17T22:13:05.330304+0800 | INFO | move /Users/10254072/si-im/app/src/main/res/drawable/chat_down_position_tips.xml to ./img/origin
2025-04-17T22:13:05.330593+0800 | INFO | move /Users/10254072/si-im/app/src/main/res/drawable/default_avatar2.png to ./img/origin
2025-04-17T22:13:05.330867+0800 | INFO | move /Users/10254072/si-im/app/src/main/res/drawable/chat_more_action_meeting.png to ./img/origin
2025-04-17T22:13:05.332355+0800 | INFO | move /Users/10254072/si-im/app/src/main/res/drawable/default_emoji.xml to ./img/origin
2025-04-17T22:13:05.332715+0800 | INFO | move /Users/10254072/si-im/app/src/main/res/drawable/search_next_month.xml to ./img/origin
2025-04-17T22:13:05.333256+0800 | INFO | move /Users/10254072/si-im/app/src/main/res/drawable/ic_volume_3.png to ./img/origin
2025-04-17T22:13:05.333801+0800 | INFO | move /Users/10254072/si-im/app/src/main/res/drawable/ic_meeting_green.xml to ./img/origin
2025-04-17T22:13:05.334405+0800 | INFO | move /Users/10254072/si-im/app/src/main/res/drawable/icon_quick_meeting_24px.xml to ./img/origin
2025-04-17T22:13:05.334891+0800 | INFO | move /Users/10254072/si-im/app/src/main/res/drawable/icon_has_child_menu.xml to ./img/origin
2025-04-17T22:13:05.335398+0800 | INFO | move /Users/10254072/si-im/app/src/main/res/drawable/icon_meeting_blue.xml to ./img/origin
2025-04-17T22:13:05.336042+0800 | INFO | move /Users/10254072/si-im/app/src/main/res/drawable/album_ic_rtc_meeting_in_meeting.xml to ./img/origin
2025-04-17T22:13:05.336355+0800 | INFO | move /Users/10254072/si-im/app/src/main/res/drawable/chat_face_delete_btn_icon.png to ./img/origin
2025-04-17T22:13:05.337988+0800 | INFO | move /Users/10254072/si-im/app/src/main/res/drawable/icon_group_notify.xml to ./img/origin
2025-04-17T22:13:05.338273+0800 | INFO | move /Users/10254072/si-im/app/src/main/res/drawable/ic_volume_2.png to ./img/origin
2025-04-17T22:13:05.338731+0800 | INFO | move /Users/10254072/si-im/app/src/main/res/drawable/icon_right_more.xml to ./img/origin
2025-04-17T22:13:05.339226+0800 | INFO | move /Users/10254072/si-im/app/src/main/res/drawable/icon_map_loading.xml to ./img/origin
2025-04-17T22:13:05.339551+0800 | INFO | move /Users/10254072/si-im/app/src/main/res/drawable/chat_more_action_red_pocket.png to ./img/origin
2025-04-17T22:13:05.339960+0800 | INFO | move /Users/10254072/si-im/app/src/main/res/drawable/chat_position_up_tips.xml to ./img/origin
2025-04-17T22:13:05.340611+0800 | INFO | move /Users/10254072/si-im/app/src/main/res/drawable/chat_play.png to ./img/origin
2025-04-17T22:13:05.341104+0800 | INFO | move /Users/10254072/si-im/app/src/main/res/drawable/at_selector_unchecked.xml to ./img/origin
2025-04-17T22:13:05.341973+0800 | INFO | move /Users/10254072/si-im/app/src/main/res/drawable/search_reset.png to ./img/origin
2025-04-17T22:13:05.342290+0800 | INFO | move /Users/10254072/si-im/app/src/main/res/drawable/ic_volume_1.png to ./img/origin
2025-04-17T22:13:05.342787+0800 | INFO | move /Users/10254072/si-im/app/src/main/res/drawable/icon_tag_24px.xml to ./img/origin
2025-04-17T22:13:05.343239+0800 | INFO | move /Users/10254072/si-im/app/src/main/res/drawable/icon_check_selected_disable.xml to ./img/origin
2025-04-17T22:13:05.343759+0800 | INFO | move /Users/10254072/si-im/app/src/main/res/drawable/icon_announcement_16px.xml to ./img/origin
2025-04-17T22:13:05.344097+0800 | INFO | move /Users/10254072/si-im/app/src/main/res/drawable/icon_meeting_green_no_background.xml to ./img/origin
2025-04-17T22:13:05.344519+0800 | INFO | move /Users/10254072/si-im/app/src/main/res/drawable/edit_notify_top_unselected.xml to ./img/origin
2025-04-17T22:13:05.345039+0800 | INFO | move /Users/10254072/si-im/app/src/main/res/drawable/icon_untranslation_24px.xml to ./img/origin
2025-04-17T22:13:05.345816+0800 | INFO | move /Users/10254072/si-im/app/src/main/res/drawable/search_filter_down_arrow.xml to ./img/origin
2025-04-17T22:13:05.346094+0800 | INFO | move /Users/10254072/si-im/app/src/main/res/drawable/chat_read.png to ./img/origin
2025-04-17T22:13:05.346918+0800 | INFO | move /Users/10254072/si-im/app/src/main/res/drawable/at_selector_checked.xml to ./img/origin
2025-04-17T22:13:05.347595+0800 | INFO | move /Users/10254072/si-im/app/src/main/res/drawable/icon_group_forward_to_chat.xml to ./img/origin
2025-04-17T22:13:05.348365+0800 | INFO | move /Users/10254072/si-im/app/src/main/res/drawable/icon_meeting_gray.xml to ./img/origin
2025-04-17T22:13:05.348727+0800 | INFO | move /Users/10254072/si-im/app/src/main/res/drawable/icon_insertion_32px.xml to ./img/origin
2025-04-17T22:13:05.349381+0800 | INFO | move /Users/10254072/si-im/app/src/main/res/drawable/icon_repost_32px.xml to ./img/origin
2025-04-17T22:13:05.349977+0800 | INFO | move /Users/10254072/si-im/app/src/main/res/drawable/chat_more_action_photo.png to ./img/origin
2025-04-17T22:13:05.350517+0800 | INFO | move /Users/10254072/si-im/app/src/main/res/drawable/icon_position_60px.xml to ./img/origin
2025-04-17T22:13:05.350994+0800 | INFO | move /Users/10254072/si-im/app/src/main/res/drawable/icon_earth_24px.xml to ./img/origin
2025-04-17T22:13:05.351405+0800 | INFO | move /Users/10254072/si-im/app/src/main/res/drawable/icon_unpin_24px.xml to ./img/origin
2025-04-17T22:13:05.352160+0800 | INFO | move /Users/10254072/si-im/app/src/main/res/drawable/icon_nosearch_120px.xml to ./img/origin
2025-04-17T22:13:05.352770+0800 | INFO | move /Users/10254072/si-im/app/src/main/res/drawable/search_no_match.xml to ./img/origin
2025-04-17T22:13:05.353186+0800 | INFO | move /Users/10254072/si-im/app/src/main/res/drawable/chat_more_action_phone.png to ./img/origin
2025-04-17T22:13:05.353591+0800 | INFO | move /Users/10254072/si-im/app/src/main/res/drawable/icon_arrow_up_gray.xml to ./img/origin
2025-04-17T22:13:05.354076+0800 | INFO | move /Users/10254072/si-im/app/src/main/res/drawable/chat_more_action_dot.png to ./img/origin
2025-04-17T22:13:05.354344+0800 | INFO | move /Users/10254072/si-im/app/src/main/res/drawable/chat_more_action_doc.png to ./img/origin
2025-04-17T22:13:05.355161+0800 | INFO | move /Users/10254072/si-im/app/src/main/res/drawable/search_contact_button.xml to ./img/origin
2025-04-17T22:13:05.355506+0800 | INFO | move /Users/10254072/si-im/app/src/main/res/drawable/search_right_arrow.xml to ./img/origin
2025-04-17T22:13:05.355957+0800 | INFO | move /Users/10254072/si-im/app/src/main/res/drawable/rectangle_789.png to ./img/origin
2025-04-17T22:13:05.356353+0800 | INFO | move /Users/10254072/si-im/app/src/main/res/drawable/converstaion_empty.xml to ./img/origin
2025-04-17T22:13:05.356937+0800 | INFO | move /Users/10254072/si-im/app/src/main/res/drawable/ic_meeting_setting.xml to ./img/origin
2025-04-17T22:13:05.357223+0800 | INFO | move /Users/10254072/si-im/app/src/main/res/drawable/ic_volume_dialog_bg.9.png to ./img/origin
2025-04-17T22:13:05.357621+0800 | INFO | move /Users/10254072/si-im/app/src/main/res/drawable/icon_chat_add.xml to ./img/origin
2025-04-17T22:13:05.358377+0800 | INFO | move /Users/10254072/si-im/app/src/main/res/drawable/icon_scan_light_on.xml to ./img/origin
2025-04-17T22:13:05.358911+0800 | INFO | move /Users/10254072/si-im/app/src/main/res/drawable/ic_launcher_background.xml to ./img/origin
2025-04-17T22:13:05.359341+0800 | INFO | move /Users/10254072/si-im/app/src/main/res/drawable/icon_chat_ignore.xml to ./img/origin
2025-04-17T22:13:05.359775+0800 | INFO | move /Users/10254072/si-im/app/src/main/res/drawable/contact_service.png to ./img/origin
2025-04-17T22:13:05.362302+0800 | INFO | move /Users/10254072/si-im/app/src/main/res/drawable-xxhdpi/icon_delete_24px.webp to ./img/origin
2025-04-17T22:13:05.362566+0800 | INFO | move /Users/10254072/si-im/app/src/main/res/drawable-xxhdpi/icon_label_custom.webp to ./img/origin
2025-04-17T22:13:05.362839+0800 | INFO | move /Users/10254072/si-im/app/src/main/res/drawable-xxhdpi/sui_icon_select_img_selected_transparent.webp to ./img/origin
2025-04-17T22:13:05.363192+0800 | INFO | move /Users/10254072/si-im/app/src/main/res/drawable-xxhdpi/icon_multiselect_filled_24px.webp to ./img/origin
2025-04-17T22:13:05.363445+0800 | INFO | move /Users/10254072/si-im/app/src/main/res/drawable-xxhdpi/icon_link_24px.webp to ./img/origin
2025-04-17T22:13:05.363823+0800 | INFO | move /Users/10254072/si-im/app/src/main/res/drawable-xxhdpi/icon_chat.webp to ./img/origin
2025-04-17T22:13:05.364076+0800 | INFO | move /Users/10254072/si-im/app/src/main/res/drawable-xxhdpi/icon_group_chat.webp to ./img/origin
2025-04-17T22:13:05.364320+0800 | INFO | move /Users/10254072/si-im/app/src/main/res/drawable-xxhdpi/icon_online_doc.webp to ./img/origin
2025-04-17T22:13:05.364560+0800 | INFO | move /Users/10254072/si-im/app/src/main/res/drawable-xxhdpi/icon_config.webp to ./img/origin
2025-04-17T22:13:05.364826+0800 | INFO | move /Users/10254072/si-im/app/src/main/res/drawable-xxhdpi/icon_contact_search_empty.webp to ./img/origin
2025-04-17T22:13:05.365295+0800 | INFO | move /Users/10254072/si-im/app/src/main/res/drawable-xxhdpi/icon_item_refresh.webp to ./img/origin
2025-04-17T22:13:05.365635+0800 | INFO | move /Users/10254072/si-im/app/src/main/res/drawable-xxhdpi/icon_item_copy.webp to ./img/origin
2025-04-17T22:13:05.365921+0800 | INFO | move /Users/10254072/si-im/app/src/main/res/drawable-xxhdpi/login_password_hide.webp to ./img/origin
2025-04-17T22:13:05.366265+0800 | INFO | move /Users/10254072/si-im/app/src/main/res/drawable-xxhdpi/ic_setting.png to ./img/origin
2025-04-17T22:13:05.366556+0800 | INFO | move /Users/10254072/si-im/app/src/main/res/drawable-xxhdpi/icon_meeting.webp to ./img/origin
2025-04-17T22:13:05.367606+0800 | INFO | move /Users/10254072/si-im/app/src/main/res/drawable-xxhdpi/login_bg.webp to ./img/origin
2025-04-17T22:13:05.367896+0800 | INFO | move /Users/10254072/si-im/app/src/main/res/drawable-xxhdpi/icon_label_me.webp to ./img/origin
2025-04-17T22:13:05.368258+0800 | INFO | move /Users/10254072/si-im/app/src/main/res/drawable-xxhdpi/icon_album.png to ./img/origin
2025-04-17T22:13:05.368536+0800 | INFO | move /Users/10254072/si-im/app/src/main/res/drawable-xxhdpi/icon_label_single.webp to ./img/origin
2025-04-17T22:13:05.368792+0800 | INFO | move /Users/10254072/si-im/app/src/main/res/drawable-xxhdpi/icon_file.webp to ./img/origin
2025-04-17T22:13:05.369044+0800 | INFO | move /Users/10254072/si-im/app/src/main/res/drawable-xxhdpi/icon_quote_24px.webp to ./img/origin
2025-04-17T22:13:05.369309+0800 | INFO | move /Users/10254072/si-im/app/src/main/res/drawable-xxhdpi/icon_defaultheadpic_48px.webp to ./img/origin
2025-04-17T22:13:05.405522+0800 | INFO | move /Users/10254072/si-im/app/src/main/res/drawable-xxhdpi/icon_label_edit.webp to ./img/origin
2025-04-17T22:13:05.406402+0800 | INFO | move /Users/10254072/si-im/app/src/main/res/drawable-xxhdpi/icon_defaultheadpic_group_48px.webp to ./img/origin
2025-04-17T22:13:05.407526+0800 | INFO | move /Users/10254072/si-im/app/src/main/res/drawable-xxhdpi/icon_qrcode.png to ./img/origin
2025-04-17T22:13:05.408462+0800 | INFO | move /Users/10254072/si-im/app/src/main/res/drawable-xxhdpi/icon_item_browser.webp to ./img/origin
2025-04-17T22:13:05.433696+0800 | INFO | move /Users/10254072/si-im/app/src/main/res/drawable-xxhdpi/icon_qr_code.webp to ./img/origin
2025-04-17T22:13:05.439649+0800 | INFO | move /Users/10254072/si-im/app/src/main/res/drawable-xxhdpi/icon_add.webp to ./img/origin
2025-04-17T22:13:05.440278+0800 | INFO | move /Users/10254072/si-im/app/src/main/res/drawable-xxhdpi/ic_arrow.png to ./img/origin
2025-04-17T22:13:05.441561+0800 | INFO | move /Users/10254072/si-im/app/src/main/res/drawable-xxhdpi/icon_select.webp to ./img/origin
2025-04-17T22:13:05.442195+0800 | INFO | move /Users/10254072/si-im/app/src/main/res/drawable-xxhdpi/sui_icon_select_m_transparent.webp to ./img/origin
2025-04-17T22:13:05.442689+0800 | INFO | move /Users/10254072/si-im/app/src/main/res/drawable-xxhdpi/icon_copy_24px.webp to ./img/origin
2025-04-17T22:13:05.443342+0800 | INFO | move /Users/10254072/si-im/app/src/main/res/drawable-xxhdpi/icon_label_unread.webp to ./img/origin
2025-04-17T22:13:05.443770+0800 | INFO | move /Users/10254072/si-im/app/src/main/res/drawable-xxhdpi/icon_repo_24px.webp to ./img/origin
2025-04-17T22:13:05.444310+0800 | INFO | move /Users/10254072/si-im/app/src/main/res/drawable-xxhdpi/ic_big_img_download.png to ./img/origin
2025-04-17T22:13:05.444728+0800 | INFO | move /Users/10254072/si-im/app/src/main/res/drawable-xxhdpi/icon_item_forward.webp to ./img/origin
2025-04-17T22:13:05.445319+0800 | INFO | move /Users/10254072/si-im/app/src/main/res/drawable-xxhdpi/icon_label_group.webp to ./img/origin
2025-04-17T22:13:05.445765+0800 | INFO | move /Users/10254072/si-im/app/src/main/res/drawable-xxhdpi/login_password_show.webp to ./img/origin
2025-04-17T22:13:05.446167+0800 | INFO | move /Users/10254072/si-im/app/src/main/res/drawable-xxhdpi/icon_pics_24px.webp to ./img/origin
2025-04-17T22:13:05.446619+0800 | INFO | move /Users/10254072/si-im/app/src/main/res/drawable-xxhdpi/icon_notification_remind.png to ./img/origin
2025-04-17T22:13:05.447074+0800 | INFO | move /Users/10254072/si-im/app/src/main/res/drawable-xxhdpi/icon_file_24px.webp to ./img/origin
2025-04-17T22:13:05.448207+0800 | INFO | move /Users/10254072/si-im/app/src/main/res/drawable-xxhdpi/ic_collection.png to ./img/origin
2025-04-17T22:13:05.448831+0800 | INFO | move /Users/10254072/si-im/app/src/main/res/drawable-xxhdpi/icon_collect_empty.png to ./img/origin
2025-04-17T22:13:05.449364+0800 | INFO | move /Users/10254072/si-im/app/src/main/res/drawable-xxhdpi/icon_right_arrow_small.png to ./img/origin
2025-04-17T22:13:05.449893+0800 | INFO | move /Users/10254072/si-im/app/src/main/res/drawable-xxhdpi/chat_back_white.png to ./img/origin
2025-04-17T22:13:05.450438+0800 | INFO | move /Users/10254072/si-im/app/src/main/res/drawable-xxhdpi/icon_save_24px.png to ./img/origin
2025-04-17T22:13:05.450951+0800 | INFO | move /Users/10254072/si-im/app/src/main/res/drawable-xxhdpi/icon_arrow_down.png to ./img/origin
2025-04-17T22:13:05.451378+0800 | INFO | move /Users/10254072/si-im/app/src/main/res/drawable-xxhdpi/icon_label_mark.webp to ./img/origin
2025-04-17T22:13:05.451821+0800 | INFO | move /Users/10254072/si-im/app/src/main/res/drawable-xxhdpi/core_close_icon.png to ./img/origin
2025-04-17T22:13:05.452255+0800 | INFO | move /Users/10254072/si-im/app/src/main/res/drawable-xxhdpi/icon_email_line_black.webp to ./img/origin
2025-04-17T22:13:05.575419+0800 | INFO | move /Users/10254072/si-im/si_rtc_call/component/videocall/src/main/res/drawable/icon_voice_calling_blue_24px.xml to ./img/origin
2025-04-17T22:13:05.577842+0800 | INFO | move /Users/10254072/si-im/si_rtc_call/component/videocall/src/main/res/drawable-xxhdpi/ic_effect_filter_sparkling_water.png to ./img/origin
2025-04-17T22:13:05.578400+0800 | INFO | move /Users/10254072/si-im/si_rtc_call/component/videocall/src/main/res/drawable-xxhdpi/ic_effect_sharp.png to ./img/origin
2025-04-17T22:13:05.578952+0800 | INFO | move /Users/10254072/si-im/si_rtc_call/component/videocall/src/main/res/drawable-xxhdpi/ic_audio_route_speaker.png to ./img/origin
2025-04-17T22:13:05.579570+0800 | INFO | move /Users/10254072/si-im/si_rtc_call/component/videocall/src/main/res/drawable-xxhdpi/ic_effect_filter_bright.png to ./img/origin
2025-04-17T22:13:05.580066+0800 | INFO | move /Users/10254072/si-im/si_rtc_call/component/videocall/src/main/res/drawable-xxhdpi/effect_seekbar_thumb.png to ./img/origin
2025-04-17T22:13:05.580511+0800 | INFO | move /Users/10254072/si-im/si_rtc_call/component/videocall/src/main/res/drawable-xxhdpi/ic_camera_off_red.png to ./img/origin
2025-04-17T22:13:05.581264+0800 | INFO | move /Users/10254072/si-im/si_rtc_call/component/videocall/src/main/res/drawable-xxhdpi/ic_video_call.png to ./img/origin
2025-04-17T22:13:05.582966+0800 | INFO | move /Users/10254072/si-im/si_rtc_call/component/videocall/src/main/res/drawable-xxhdpi/scene_video_call.png to ./img/origin
2025-04-17T22:13:05.583845+0800 | INFO | move /Users/10254072/si-im/si_rtc_call/component/videocall/src/main/res/drawable-xxhdpi/ic_effect_boy.png to ./img/origin
2025-04-17T22:13:05.584389+0800 | INFO | move /Users/10254072/si-im/si_rtc_call/component/videocall/src/main/res/drawable-xxhdpi/ic_effect_nose.png to ./img/origin
2025-04-17T22:13:05.584732+0800 | INFO | move /Users/10254072/si-im/si_rtc_call/component/videocall/src/main/res/drawable-xxhdpi/ic_close.png to ./img/origin
2025-04-17T22:13:05.585137+0800 | INFO | move /Users/10254072/si-im/si_rtc_call/component/videocall/src/main/res/drawable-xxhdpi/ic_effect_filter_vintage.png to ./img/origin
2025-04-17T22:13:05.585602+0800 | INFO | move /Users/10254072/si-im/si_rtc_call/component/videocall/src/main/res/drawable-xxhdpi/effect_selected_rec_bg.png to ./img/origin
2025-04-17T22:13:05.586037+0800 | INFO | move /Users/10254072/si-im/si_rtc_call/component/videocall/src/main/res/drawable-xxhdpi/ic_voice_call.png to ./img/origin
2025-04-17T22:13:05.586405+0800 | INFO | move /Users/10254072/si-im/si_rtc_call/component/videocall/src/main/res/drawable-xxhdpi/ic_camera_off_white.png to ./img/origin
2025-04-17T22:13:05.586805+0800 | INFO | move /Users/10254072/si-im/si_rtc_call/component/videocall/src/main/res/drawable-xxhdpi/ic_effect_whiten.png to ./img/origin
2025-04-17T22:13:05.587164+0800 | INFO | move /Users/10254072/si-im/si_rtc_call/component/videocall/src/main/res/drawable-xxhdpi/ic_microphone_off.png to ./img/origin
2025-04-17T22:13:05.587516+0800 | INFO | move /Users/10254072/si-im/si_rtc_call/component/videocall/src/main/res/drawable-xxhdpi/ic_camera_switch.png to ./img/origin
2025-04-17T22:13:05.588128+0800 | INFO | move /Users/10254072/si-im/si_rtc_call/component/videocall/src/main/res/drawable-xxhdpi/ic_effect_filter_milk_tea.png to ./img/origin
2025-04-17T22:13:05.588714+0800 | INFO | move /Users/10254072/si-im/si_rtc_call/component/videocall/src/main/res/drawable-xxhdpi/ic_effect_filter_dracula.png to ./img/origin
2025-04-17T22:13:05.592088+0800 | INFO | move /Users/10254072/si-im/si_rtc_call/component/videocall/src/main/res/drawable-xxhdpi/ic_effect_filter_nature.png to ./img/origin
2025-04-17T22:13:05.592506+0800 | INFO | move /Users/10254072/si-im/si_rtc_call/component/videocall/src/main/res/drawable-xxhdpi/ic_audio_route_earpiece.png to ./img/origin
2025-04-17T22:13:05.592886+0800 | INFO | move /Users/10254072/si-im/si_rtc_call/component/videocall/src/main/res/drawable-xxhdpi/ic_effect_filter_landscape.png to ./img/origin
2025-04-17T22:13:05.593274+0800 | INFO | move /Users/10254072/si-im/si_rtc_call/component/videocall/src/main/res/drawable-xxhdpi/ic_back_arrow.png to ./img/origin
2025-04-17T22:13:05.593638+0800 | INFO | move /Users/10254072/si-im/si_rtc_call/component/videocall/src/main/res/drawable-xxhdpi/ic_effect_smooth.png to ./img/origin
2025-04-17T22:13:05.594235+0800 | INFO | move /Users/10254072/si-im/si_rtc_call/component/videocall/src/main/res/drawable-xxhdpi/empty_view.png to ./img/origin
2025-04-17T22:13:05.594655+0800 | INFO | move /Users/10254072/si-im/si_rtc_call/component/videocall/src/main/res/drawable-xxhdpi/ic_effect_no_select.png to ./img/origin
2025-04-17T22:13:05.595062+0800 | INFO | move /Users/10254072/si-im/si_rtc_call/component/videocall/src/main/res/drawable-xxhdpi/ic_effect_remove_pouch.png to ./img/origin
2025-04-17T22:13:05.595657+0800 | INFO | move /Users/10254072/si-im/si_rtc_call/component/videocall/src/main/res/drawable-xxhdpi/ic_effect_filter_american_film.png to ./img/origin
2025-04-17T22:13:05.596065+0800 | INFO | move /Users/10254072/si-im/si_rtc_call/component/videocall/src/main/res/drawable-xxhdpi/ic_effect_slim_face.png to ./img/origin
2025-04-17T22:13:05.596504+0800 | INFO | move /Users/10254072/si-im/si_rtc_call/component/videocall/src/main/res/drawable-xxhdpi/ic_effect_jawbone.png to ./img/origin
2025-04-17T22:13:05.596904+0800 | INFO | move /Users/10254072/si-im/si_rtc_call/component/videocall/src/main/res/drawable-xxhdpi/bg_calle_name_prefix.webp to ./img/origin
2025-04-17T22:13:05.597491+0800 | INFO | move /Users/10254072/si-im/si_rtc_call/component/videocall/src/main/res/drawable-xxhdpi/ic_effect_filter_green.png to ./img/origin
2025-04-17T22:13:05.597923+0800 | INFO | move /Users/10254072/si-im/si_rtc_call/component/videocall/src/main/res/drawable-xxhdpi/ic_search.png to ./img/origin
2025-04-17T22:13:05.598663+0800 | INFO | move /Users/10254072/si-im/si_rtc_call/component/videocall/src/main/res/drawable-xxhdpi/ic_effect_big_eye.png to ./img/origin
2025-04-17T22:13:05.599007+0800 | INFO | move /Users/10254072/si-im/si_rtc_call/component/videocall/src/main/res/drawable-xxhdpi/ic_enter_pip.png to ./img/origin
2025-04-17T22:13:05.599393+0800 | INFO | move /Users/10254072/si-im/si_rtc_call/component/videocall/src/main/res/drawable-xxhdpi/effect_btn_selected_bg.png to ./img/origin
2025-04-17T22:13:05.599780+0800 | INFO | move /Users/10254072/si-im/si_rtc_call/component/videocall/src/main/res/drawable-xxhdpi/icon_warning.png to ./img/origin
2025-04-17T22:13:05.600168+0800 | INFO | move /Users/10254072/si-im/si_rtc_call/component/videocall/src/main/res/drawable-xxhdpi/ic_effect_smiles_folds.png to ./img/origin
2025-04-17T22:13:05.600710+0800 | INFO | move /Users/10254072/si-im/si_rtc_call/component/videocall/src/main/res/drawable-xxhdpi/ic_effect_filter_bright_orange.png to ./img/origin
2025-04-17T22:13:05.601155+0800 | INFO | move /Users/10254072/si-im/si_rtc_call/component/videocall/src/main/res/drawable-xxhdpi/ic_dial_put_through.png to ./img/origin
2025-04-17T22:13:05.601581+0800 | INFO | move /Users/10254072/si-im/si_rtc_call/component/videocall/src/main/res/drawable-xxhdpi/ic_effect_filter_food.png to ./img/origin
2025-04-17T22:13:05.601958+0800 | INFO | move /Users/10254072/si-im/si_rtc_call/component/videocall/src/main/res/drawable-xxhdpi/ic_effect_nature.png to ./img/origin
2025-04-17T22:13:05.602321+0800 | INFO | move /Users/10254072/si-im/si_rtc_call/component/videocall/src/main/res/drawable-xxhdpi/ic_effect_narrow_face.png to ./img/origin
2025-04-17T22:13:05.602697+0800 | INFO | move /Users/10254072/si-im/si_rtc_call/component/videocall/src/main/res/drawable-xxhdpi/effect_btn_normal_bg.png to ./img/origin
2025-04-17T22:13:05.603043+0800 | INFO | move /Users/10254072/si-im/si_rtc_call/component/videocall/src/main/res/drawable-xxhdpi/ic_effect_cheekbone.png to ./img/origin
2025-04-17T22:13:05.603417+0800 | INFO | move /Users/10254072/si-im/si_rtc_call/component/videocall/src/main/res/drawable-xxhdpi/ic_effect_gril.png to ./img/origin
2025-04-17T22:13:05.603807+0800 | INFO | move /Users/10254072/si-im/si_rtc_call/component/videocall/src/main/res/drawable-xxhdpi/ic_warning.png to ./img/origin
2025-04-17T22:13:05.604489+0800 | INFO | move /Users/10254072/si-im/si_rtc_call/component/videocall/src/main/res/drawable-xxhdpi/ic_hangup.png to ./img/origin
2025-04-17T22:13:05.605323+0800 | INFO | move /Users/10254072/si-im/si_rtc_call/component/videocall/src/main/res/drawable-xxhdpi/ic_video_effect.png to ./img/origin
2025-04-17T22:13:05.605957+0800 | INFO | move /Users/10254072/si-im/si_rtc_call/component/videocall/src/main/res/drawable-xxhdpi/bg_effect_dialog.png to ./img/origin
2025-04-17T22:13:05.606370+0800 | INFO | move /Users/10254072/si-im/si_rtc_call/component/videocall/src/main/res/drawable-xxhdpi/ic_microphone_on.png to ./img/origin
2025-04-17T22:13:05.606820+0800 | INFO | move /Users/10254072/si-im/si_rtc_call/component/videocall/src/main/res/drawable-xxhdpi/ic_ringing_tune.png to ./img/origin
2025-04-17T22:13:05.607299+0800 | INFO | move /Users/10254072/si-im/si_rtc_call/component/videocall/src/main/res/drawable-xxhdpi/ic_effect_filter_portrait.png to ./img/origin
2025-04-17T22:13:05.607855+0800 | INFO | move /Users/10254072/si-im/si_rtc_call/component/videocall/src/main/res/drawable-xxhdpi/bg_calling_animation.png to ./img/origin
2025-04-17T22:13:05.608271+0800 | INFO | move /Users/10254072/si-im/si_rtc_call/component/videocall/src/main/res/drawable-xxhdpi/bg_round.png to ./img/origin
2025-04-17T22:13:05.608694+0800 | INFO | move /Users/10254072/si-im/si_rtc_call/component/videocall/src/main/res/drawable-xxhdpi/ic_camera_on.png to ./img/origin
2025-04-17T22:13:05.609105+0800 | INFO | move /Users/10254072/si-im/si_rtc_call/component/videocall/src/main/res/drawable-xxhdpi/ic_effect_clear.png to ./img/origin
2025-04-17T22:13:05.609645+0800 | INFO | move /Users/10254072/si-im/si_rtc_call/component/videocall/src/main/res/drawable-xxhdpi/ic_effect_filter_cold_white.png to ./img/origin
2025-04-17T22:13:05.610257+0800 | INFO | move /Users/10254072/si-im/si_rtc_call/component/videocall/src/main/res/drawable-xxhdpi/ic_effect_filter_hokkaido.png to ./img/origin
2025-04-17T22:13:05.619746+0800 | INFO | move /Users/10254072/si-im/si_rtc_call/component/LoginKit/src/main/res/drawable-xxxhdpi/login_update.png to ./img/origin
2025-04-17T22:13:05.620390+0800 | INFO | move /Users/10254072/si-im/si_rtc_call/component/LoginKit/src/main/res/drawable-xxxhdpi/login_background_image.webp to ./img/origin
2025-04-17T22:13:05.620961+0800 | INFO | move /Users/10254072/si-im/si_rtc_call/component/LoginKit/src/main/res/drawable-xxxhdpi/ic_circle_checked.png to ./img/origin
2025-04-17T22:13:05.621378+0800 | INFO | move /Users/10254072/si-im/si_rtc_call/component/LoginKit/src/main/res/drawable-xxxhdpi/close_red.png to ./img/origin
2025-04-17T22:13:05.621795+0800 | INFO | move /Users/10254072/si-im/si_rtc_call/component/LoginKit/src/main/res/drawable-xxxhdpi/ic_circle_unchecked.png to ./img/origin
2025-04-17T22:13:05.622238+0800 | INFO | move /Users/10254072/si-im/si_rtc_call/component/LoginKit/src/main/res/drawable-xxxhdpi/edit_name_clear_icon.png to ./img/origin
2025-04-17T22:13:05.628996+0800 | INFO | move /Users/10254072/si-im/si_rtc_call/component/ToolKit/src/main/res/drawable-xxhdpi/common_refresh.png to ./img/origin
2025-04-17T22:13:05.629426+0800 | INFO | move /Users/10254072/si-im/si_rtc_call/component/ToolKit/src/main/res/drawable-xxhdpi/close_red.png to ./img/origin
2025-04-17T22:13:05.629831+0800 | INFO | move /Users/10254072/si-im/si_rtc_call/component/ToolKit/src/main/res/drawable-xxhdpi/common_right_arrow.png to ./img/origin
2025-04-17T22:13:05.630220+0800 | INFO | move /Users/10254072/si-im/si_rtc_call/component/ToolKit/src/main/res/drawable-xxhdpi/common_back_arrow.png to ./img/origin
2025-04-17T22:13:05.639204+0800 | INFO | move /Users/10254072/si-im/si_rtc_call/src/withRtc/res/drawable-xxhdpi/main_page_selected.png to ./img/origin
2025-04-17T22:13:05.640103+0800 | INFO | move /Users/10254072/si-im/si_rtc_call/src/withRtc/res/drawable-xxhdpi/app_icon.png to ./img/origin
2025-04-17T22:13:05.640758+0800 | INFO | move /Users/10254072/si-im/si_rtc_call/src/withRtc/res/drawable-xxhdpi/verify_update.png to ./img/origin
2025-04-17T22:13:05.641168+0800 | INFO | move /Users/10254072/si-im/si_rtc_call/src/withRtc/res/drawable-xxhdpi/profile_unselected.png to ./img/origin
2025-04-17T22:13:05.641570+0800 | INFO | move /Users/10254072/si-im/si_rtc_call/src/withRtc/res/drawable-xxhdpi/main_page_unselected.png to ./img/origin
2025-04-17T22:13:05.642169+0800 | INFO | move /Users/10254072/si-im/si_rtc_call/src/withRtc/res/drawable-xxhdpi/byteplus_logo.png to ./img/origin
2025-04-17T22:13:05.642597+0800 | INFO | move /Users/10254072/si-im/si_rtc_call/src/withRtc/res/drawable-xxhdpi/profile_selected.png to ./img/origin
2025-04-17T22:13:05.643214+0800 | INFO | move /Users/10254072/si-im/si_rtc_call/src/withRtc/res/drawable-xxhdpi/app_logo.png to ./img/origin
2025-04-17T22:13:05.659904+0800 | INFO | move /Users/10254072/si-im/si_common/src/main/res/drawable/icon_check_green_12px.xml to ./img/origin
2025-04-17T22:13:05.661431+0800 | INFO | move /Users/10254072/si-im/si_common/src/main/res/drawable/icon_fastmeeting_fill_34px.xml to ./img/origin
2025-04-17T22:13:05.662262+0800 | INFO | move /Users/10254072/si-im/si_common/src/main/res/drawable/icon_nav_minimize.xml to ./img/origin
2025-04-17T22:13:05.663049+0800 | INFO | move /Users/10254072/si-im/si_common/src/main/res/drawable/icon_check_black_16px.xml to ./img/origin
2025-04-17T22:13:05.663796+0800 | INFO | move /Users/10254072/si-im/si_common/src/main/res/drawable/icon_video_off_32px.xml to ./img/origin
2025-04-17T22:13:05.664581+0800 | INFO | move /Users/10254072/si-im/si_common/src/main/res/drawable/icon_wechat_16px.xml to ./img/origin
2025-04-17T22:13:05.665362+0800 | INFO | move /Users/10254072/si-im/si_common/src/main/res/drawable/icon_transparent.xml to ./img/origin
2025-04-17T22:13:05.666285+0800 | INFO | move /Users/10254072/si-im/si_common/src/main/res/drawable/icon_voicecall_cancel_18px.xml to ./img/origin
2025-04-17T22:13:05.667015+0800 | INFO | move /Users/10254072/si-im/si_common/src/main/res/drawable/album_ic_back.xml to ./img/origin
2025-04-17T22:13:05.667626+0800 | INFO | move /Users/10254072/si-im/si_common/src/main/res/drawable/album_ic_close.xml to ./img/origin
2025-04-17T22:13:05.668504+0800 | INFO | move /Users/10254072/si-im/si_common/src/main/res/drawable/icon_ppt.xml to ./img/origin
2025-04-17T22:13:05.669181+0800 | INFO | move /Users/10254072/si-im/si_common/src/main/res/drawable/icon_nonnotification_16px.xml to ./img/origin
2025-04-17T22:13:05.670243+0800 | INFO | move /Users/10254072/si-im/si_common/src/main/res/drawable/icon_copylink_24px.xml to ./img/origin
2025-04-17T22:13:05.670985+0800 | INFO | move /Users/10254072/si-im/si_common/src/main/res/drawable/album_preview_select_p.xml to ./img/origin
2025-04-17T22:13:05.671720+0800 | INFO | move /Users/10254072/si-im/si_common/src/main/res/drawable/icon_check_in_96px.xml to ./img/origin
2025-04-17T22:13:05.673437+0800 | INFO | move /Users/10254072/si-im/si_common/src/main/res/drawable/album_pause.xml to ./img/origin
2025-04-17T22:13:05.674261+0800 | INFO | move /Users/10254072/si-im/si_common/src/main/res/drawable/sui_icon_setting_line_30px.xml to ./img/origin
2025-04-17T22:13:05.675190+0800 | INFO | move /Users/10254072/si-im/si_common/src/main/res/drawable/icon_regular_28px.xml to ./img/origin
2025-04-17T22:13:05.677111+0800 | INFO | move /Users/10254072/si-im/si_common/src/main/res/drawable/icon_share_24px.xml to ./img/origin
2025-04-17T22:13:05.677822+0800 | INFO | move /Users/10254072/si-im/si_common/src/main/res/drawable/icon_video_white_32px.xml to ./img/origin
2025-04-17T22:13:05.678495+0800 | INFO | move /Users/10254072/si-im/si_common/src/main/res/drawable/icon_top_alert.xml to ./img/origin
2025-04-17T22:13:05.679130+0800 | INFO | move /Users/10254072/si-im/si_common/src/main/res/drawable/icon_nav_add_pressed_24px.xml to ./img/origin
2025-04-17T22:13:05.679871+0800 | INFO | move /Users/10254072/si-im/si_common/src/main/res/drawable/icon_time_72.xml to ./img/origin
2025-04-17T22:13:05.680644+0800 | INFO | move /Users/10254072/si-im/si_common/src/main/res/drawable/icon_deleteclose_20px.xml to ./img/origin
2025-04-17T22:13:05.681827+0800 | INFO | move /Users/10254072/si-im/si_common/src/main/res/drawable/agenda_to.xml to ./img/origin
2025-04-17T22:13:05.682483+0800 | INFO | move /Users/10254072/si-im/si_common/src/main/res/drawable/icon_shein_doc_small.xml to ./img/origin
2025-04-17T22:13:05.683336+0800 | INFO | move /Users/10254072/si-im/si_common/src/main/res/drawable/icon_mic_closed.xml to ./img/origin
2025-04-17T22:13:05.684113+0800 | INFO | move /Users/10254072/si-im/si_common/src/main/res/drawable/icon_meetingroom_16px.xml to ./img/origin
2025-04-17T22:13:05.684746+0800 | INFO | move /Users/10254072/si-im/si_common/src/main/res/drawable/add_person_call.xml to ./img/origin
2025-04-17T22:13:05.685900+0800 | INFO | move /Users/10254072/si-im/si_common/src/main/res/drawable/icon_copy_16px.xml to ./img/origin
2025-04-17T22:13:05.687443+0800 | INFO | move /Users/10254072/si-im/si_common/src/main/res/drawable/chat_permission_icon_camera.png to ./img/origin
2025-04-17T22:13:05.687979+0800 | INFO | move /Users/10254072/si-im/si_common/src/main/res/drawable/icon_pending_fill_12px.xml to ./img/origin
2025-04-17T22:13:05.689483+0800 | INFO | move /Users/10254072/si-im/si_common/src/main/res/drawable/icon_downtrangle.xml to ./img/origin
2025-04-17T22:13:05.690332+0800 | INFO | move /Users/10254072/si-im/si_common/src/main/res/drawable/album_ic_camera.xml to ./img/origin
2025-04-17T22:13:05.690834+0800 | INFO | move /Users/10254072/si-im/si_common/src/main/res/drawable/icon_success_filled_68px.xml to ./img/origin
2025-04-17T22:13:05.691468+0800 | INFO | move /Users/10254072/si-im/si_common/src/main/res/drawable/icon_audio.xml to ./img/origin
2025-04-17T22:13:05.692352+0800 | INFO | move /Users/10254072/si-im/si_common/src/main/res/drawable/icon_calendar_fill_32px.xml to ./img/origin
2025-04-17T22:13:05.693577+0800 | INFO | move /Users/10254072/si-im/si_common/src/main/res/drawable/icon_search_16px.xml to ./img/origin
2025-04-17T22:13:05.694410+0800 | INFO | move /Users/10254072/si-im/si_common/src/main/res/drawable/icon_warn_18.xml to ./img/origin
2025-04-17T22:13:05.695211+0800 | INFO | move /Users/10254072/si-im/si_common/src/main/res/drawable/sui_icon_setting_fill_30px.xml to ./img/origin
2025-04-17T22:13:05.695816+0800 | INFO | move /Users/10254072/si-im/si_common/src/main/res/drawable/icon_mic_open.xml to ./img/origin
2025-04-17T22:13:05.696348+0800 | INFO | move /Users/10254072/si-im/si_common/src/main/res/drawable/icon_schedule_line_18px.xml to ./img/origin
2025-04-17T22:13:05.697046+0800 | INFO | move /Users/10254072/si-im/si_common/src/main/res/drawable/album_ic_video.xml to ./img/origin
2025-04-17T22:13:05.697758+0800 | INFO | move /Users/10254072/si-im/si_common/src/main/res/drawable/icon_headset_usb_32px.xml to ./img/origin
2025-04-17T22:13:05.698722+0800 | INFO | move /Users/10254072/si-im/si_common/src/main/res/drawable/icon_repeat_24px.xml to ./img/origin
2025-04-17T22:13:05.699355+0800 | INFO | move /Users/10254072/si-im/si_common/src/main/res/drawable/album_play.xml to ./img/origin
2025-04-17T22:13:05.700472+0800 | INFO | move /Users/10254072/si-im/si_common/src/main/res/drawable/icon_default_avatar.xml to ./img/origin
2025-04-17T22:13:05.701113+0800 | INFO | move /Users/10254072/si-im/si_common/src/main/res/drawable/icon_phone_accept_green_32px.xml to ./img/origin
2025-04-17T22:13:05.702188+0800 | INFO | move /Users/10254072/si-im/si_common/src/main/res/drawable/icon_caution_16px.xml to ./img/origin
2025-04-17T22:13:05.702932+0800 | INFO | move /Users/10254072/si-im/si_common/src/main/res/drawable/icon_reject_fill_12px.xml to ./img/origin
2025-04-17T22:13:05.703559+0800 | INFO | move /Users/10254072/si-im/si_common/src/main/res/drawable/album_ic_gif.xml to ./img/origin
2025-04-17T22:13:05.704279+0800 | INFO | move /Users/10254072/si-im/si_common/src/main/res/drawable/icon_ear_32px.xml to ./img/origin
2025-04-17T22:13:05.704834+0800 | INFO | move /Users/10254072/si-im/si_common/src/main/res/drawable/search.xml to ./img/origin
2025-04-17T22:13:05.705731+0800 | INFO | move /Users/10254072/si-im/si_common/src/main/res/drawable/icon_add_fill_24px.xml to ./img/origin
2025-04-17T22:13:05.706505+0800 | INFO | move /Users/10254072/si-im/si_common/src/main/res/drawable/icon_video_18px.xml to ./img/origin
2025-04-17T22:13:05.707259+0800 | INFO | move /Users/10254072/si-im/si_common/src/main/res/drawable/icon_video_fill_18px.xml to ./img/origin
2025-04-17T22:13:05.707855+0800 | INFO | move /Users/10254072/si-im/si_common/src/main/res/drawable/icon_address_16px.xml to ./img/origin
2025-04-17T22:13:05.708500+0800 | INFO | move /Users/10254072/si-im/si_common/src/main/res/drawable/chat_permission_icon_mic.png to ./img/origin
2025-04-17T22:13:05.709092+0800 | INFO | move /Users/10254072/si-im/si_common/src/main/res/drawable/icon_schedule_24px.xml to ./img/origin
2025-04-17T22:13:05.709626+0800 | INFO | move /Users/10254072/si-im/si_common/src/main/res/drawable/album_ic_dropdown.xml to ./img/origin
2025-04-17T22:13:05.710128+0800 | INFO | move /Users/10254072/si-im/si_common/src/main/res/drawable/icon_nav_add_blue_20px.xml to ./img/origin
2025-04-17T22:13:05.710920+0800 | INFO | move /Users/10254072/si-im/si_common/src/main/res/drawable/icon_nav_menu_24px.xml to ./img/origin
2025-04-17T22:13:05.712039+0800 | INFO | move /Users/10254072/si-im/si_common/src/main/res/drawable/icon_check_in_line_30px.xml to ./img/origin
2025-04-17T22:13:05.712949+0800 | INFO | move /Users/10254072/si-im/si_common/src/main/res/drawable/icon_nav_filter_24px.xml to ./img/origin
2025-04-17T22:13:05.714351+0800 | INFO | move /Users/10254072/si-im/si_common/src/main/res/drawable/icon_caution.xml to ./img/origin
2025-04-17T22:13:05.714939+0800 | INFO | move /Users/10254072/si-im/si_common/src/main/res/drawable/icon_noresult_120px.xml to ./img/origin
2025-04-17T22:13:05.715611+0800 | INFO | move /Users/10254072/si-im/si_common/src/main/res/drawable/icon_abnormal_28px.xml to ./img/origin
2025-04-17T22:13:05.716988+0800 | INFO | move /Users/10254072/si-im/si_common/src/main/res/drawable/icon_voice_fill_18px.xml to ./img/origin
2025-04-17T22:13:05.717765+0800 | INFO | move /Users/10254072/si-im/si_common/src/main/res/drawable/icon_clear_14px.xml to ./img/origin
2025-04-17T22:13:05.718327+0800 | INFO | move /Users/10254072/si-im/si_common/src/main/res/drawable/icon_phone_accept_48px.xml to ./img/origin
2025-04-17T22:13:05.718945+0800 | INFO | move /Users/10254072/si-im/si_common/src/main/res/drawable/icon_nav_close_24px.xml to ./img/origin
2025-04-17T22:13:05.720005+0800 | INFO | move /Users/10254072/si-im/si_common/src/main/res/drawable/icon_arrow_back_24.xml to ./img/origin
2025-04-17T22:13:05.720836+0800 | INFO | move /Users/10254072/si-im/si_common/src/main/res/drawable/icon_arrowright_16px.xml to ./img/origin
2025-04-17T22:13:05.721487+0800 | INFO | move /Users/10254072/si-im/si_common/src/main/res/drawable/icon_statistics_fill_30px.xml to ./img/origin
2025-04-17T22:13:05.722477+0800 | INFO | move /Users/10254072/si-im/si_common/src/main/res/drawable/icon_call_fill_18px.xml to ./img/origin
2025-04-17T22:13:05.722908+0800 | INFO | move /Users/10254072/si-im/si_common/src/main/res/drawable/chat_permission_icon_file.png to ./img/origin
2025-04-17T22:13:05.723514+0800 | INFO | move /Users/10254072/si-im/si_common/src/main/res/drawable/icon_shein_doc.xml to ./img/origin
2025-04-17T22:13:05.724523+0800 | INFO | move /Users/10254072/si-im/si_common/src/main/res/drawable/icon_checkin_circle.xml to ./img/origin
2025-04-17T22:13:05.725596+0800 | INFO | move /Users/10254072/si-im/si_common/src/main/res/drawable/icon_label_setting.xml to ./img/origin
2025-04-17T22:13:05.726583+0800 | INFO | move /Users/10254072/si-im/si_common/src/main/res/drawable/icon_arrow_right_40px.xml to ./img/origin
2025-04-17T22:13:05.727777+0800 | INFO | move /Users/10254072/si-im/si_common/src/main/res/drawable/icon_avatar_calendar_48px.xml to ./img/origin
2025-04-17T22:13:05.728381+0800 | INFO | move /Users/10254072/si-im/si_common/src/main/res/drawable/icon_member_16px.xml to ./img/origin
2025-04-17T22:13:05.729030+0800 | INFO | move /Users/10254072/si-im/si_common/src/main/res/drawable/icon_loudspeaker_32px.xml to ./img/origin
2025-04-17T22:13:05.729683+0800 | INFO | move /Users/10254072/si-im/si_common/src/main/res/drawable/icon_fiipcamera_32px.xml to ./img/origin
2025-04-17T22:13:05.734189+0800 | INFO | move /Users/10254072/si-im/si_common/src/main/res/drawable/icon_time_fill_16px.xml to ./img/origin
2025-04-17T22:13:05.735359+0800 | INFO | move /Users/10254072/si-im/si_common/src/main/res/drawable/icon_check_in_fill_30px.xml to ./img/origin
2025-04-17T22:13:05.737404+0800 | INFO | move /Users/10254072/si-im/si_common/src/main/res/drawable/icon_vacation.xml to ./img/origin
2025-04-17T22:13:05.737942+0800 | INFO | move /Users/10254072/si-im/si_common/src/main/res/drawable/icon_bluetooth_32px.xml to ./img/origin
2025-04-17T22:13:05.738576+0800 | INFO | move /Users/10254072/si-im/si_common/src/main/res/drawable/icon_nav_add_common_24px.xml to ./img/origin
2025-04-17T22:13:05.739409+0800 | INFO | move /Users/10254072/si-im/si_common/src/main/res/drawable/icon_loudspeaker_off_32px.xml to ./img/origin
2025-04-17T22:13:05.740952+0800 | INFO | move /Users/10254072/si-im/si_common/src/main/res/drawable/icon_video_cancel_18px.xml to ./img/origin
2025-04-17T22:13:05.741839+0800 | INFO | move /Users/10254072/si-im/si_common/src/main/res/drawable/icon_history_line_30px.xml to ./img/origin
2025-04-17T22:13:05.743397+0800 | INFO | move /Users/10254072/si-im/si_common/src/main/res/drawable/icon_statistics_line_30px.xml to ./img/origin
2025-04-17T22:13:05.744130+0800 | INFO | move /Users/10254072/si-im/si_common/src/main/res/drawable/album_ic_check.xml to ./img/origin
2025-04-17T22:13:05.744888+0800 | INFO | move /Users/10254072/si-im/si_common/src/main/res/drawable/icon_phone_hangup_32px.xml to ./img/origin
2025-04-17T22:13:05.746567+0800 | INFO | move /Users/10254072/si-im/si_common/src/main/res/drawable-xxhdpi/icon_computer_online.webp to ./img/origin
2025-04-17T22:13:05.747089+0800 | INFO | move /Users/10254072/si-im/si_common/src/main/res/drawable-xxhdpi/icon_schedule_grey_16px.webp to ./img/origin
2025-04-17T22:13:05.747613+0800 | INFO | move /Users/10254072/si-im/si_common/src/main/res/drawable-xxhdpi/icon_video.webp to ./img/origin
2025-04-17T22:13:05.748983+0800 | INFO | move /Users/10254072/si-im/si_common/src/main/res/drawable-xxhdpi/icon_arrow_right_black.webp to ./img/origin
2025-04-17T22:13:05.750322+0800 | INFO | move /Users/10254072/si-im/si_common/src/main/res/drawable-xxhdpi/icon_dmg.webp to ./img/origin
2025-04-17T22:13:05.752617+0800 | INFO | move /Users/10254072/si-im/si_common/src/main/res/drawable-xxhdpi/icon_schedule_location.webp to ./img/origin
2025-04-17T22:13:05.753275+0800 | INFO | move /Users/10254072/si-im/si_common/src/main/res/drawable-xxhdpi/icon_schedule_blue_16px.webp to ./img/origin
2025-04-17T22:13:05.753661+0800 | INFO | move /Users/10254072/si-im/si_common/src/main/res/drawable-xxhdpi/icon_deleteclose_20px.webp to ./img/origin
2025-04-17T22:13:05.754020+0800 | INFO | move /Users/10254072/si-im/si_common/src/main/res/drawable-xxhdpi/icon_computer_offline.webp to ./img/origin
2025-04-17T22:13:05.754533+0800 | INFO | move /Users/10254072/si-im/si_common/src/main/res/drawable-xxhdpi/icon_black_nav_add.webp to ./img/origin
2025-04-17T22:13:05.754863+0800 | INFO | move /Users/10254072/si-im/si_common/src/main/res/drawable-xxhdpi/icon_nosearch.webp to ./img/origin
2025-04-17T22:13:05.755171+0800 | INFO | move /Users/10254072/si-im/si_common/src/main/res/drawable-xxhdpi/icon_ps.webp to ./img/origin
2025-04-17T22:13:05.755546+0800 | INFO | move /Users/10254072/si-im/si_common/src/main/res/drawable-xxhdpi/icon_move.webp to ./img/origin
2025-04-17T22:13:05.756165+0800 | INFO | move /Users/10254072/si-im/si_common/src/main/res/drawable-xxhdpi/icon_pending.webp to ./img/origin
2025-04-17T22:13:05.756485+0800 | INFO | move /Users/10254072/si-im/si_common/src/main/res/drawable-xxhdpi/icon_multi_select.webp to ./img/origin
2025-04-17T22:13:05.756803+0800 | INFO | move /Users/10254072/si-im/si_common/src/main/res/drawable-xxhdpi/icon_schedule_busy_sun.webp to ./img/origin
2025-04-17T22:13:05.757072+0800 | INFO | move /Users/10254072/si-im/si_common/src/main/res/drawable-xxhdpi/icon_calendar_schedule_room.webp to ./img/origin
2025-04-17T22:13:05.757384+0800 | INFO | move /Users/10254072/si-im/si_common/src/main/res/drawable-xxhdpi/icon_month_normal.webp to ./img/origin
2025-04-17T22:13:05.757637+0800 | INFO | move /Users/10254072/si-im/si_common/src/main/res/drawable-xxhdpi/icon_edit_highlight.webp to ./img/origin
2025-04-17T22:13:05.757915+0800 | INFO | move /Users/10254072/si-im/si_common/src/main/res/drawable-xxhdpi/icon_reject.webp to ./img/origin
2025-04-17T22:13:05.758202+0800 | INFO | move /Users/10254072/si-im/si_common/src/main/res/drawable-xxhdpi/icon_select_all_contact.webp to ./img/origin
2025-04-17T22:13:05.758519+0800 | INFO | move /Users/10254072/si-im/si_common/src/main/res/drawable-xxhdpi/icon_blank_person.webp to ./img/origin
2025-04-17T22:13:05.758796+0800 | INFO | move /Users/10254072/si-im/si_common/src/main/res/drawable-xxhdpi/icon_not_agree.webp to ./img/origin
2025-04-17T22:13:05.759288+0800 | INFO | move /Users/10254072/si-im/si_common/src/main/res/drawable-xxhdpi/icon_avatar_calendar_48px.webp to ./img/origin
2025-04-17T22:13:05.759631+0800 | INFO | move /Users/10254072/si-im/si_common/src/main/res/drawable-xxhdpi/icon_calendar_schedule_room_selected.webp to ./img/origin
2025-04-17T22:13:05.759936+0800 | INFO | move /Users/10254072/si-im/si_common/src/main/res/drawable-xxhdpi/icon_edit.webp to ./img/origin
2025-04-17T22:13:05.760207+0800 | INFO | move /Users/10254072/si-im/si_common/src/main/res/drawable-xxhdpi/icon_week_normal.webp to ./img/origin
2025-04-17T22:13:05.760460+0800 | INFO | move /Users/10254072/si-im/si_common/src/main/res/drawable-xxhdpi/icon_video_blue_16px.webp to ./img/origin
2025-04-17T22:13:05.760738+0800 | INFO | move /Users/10254072/si-im/si_common/src/main/res/drawable-xxhdpi/icon_month_clicked.webp to ./img/origin
2025-04-17T22:13:05.761715+0800 | INFO | move /Users/10254072/si-im/si_common/src/main/res/drawable-xxhdpi/icon_arrowleft.webp to ./img/origin
2025-04-17T22:13:05.762836+0800 | INFO | move /Users/10254072/si-im/si_common/src/main/res/drawable-xxhdpi/icon_video_grey_16px.webp to ./img/origin
2025-04-17T22:13:05.763919+0800 | INFO | move /Users/10254072/si-im/si_common/src/main/res/drawable-xxhdpi/icon_addmenmber.webp to ./img/origin
2025-04-17T22:13:05.766185+0800 | INFO | move /Users/10254072/si-im/si_common/src/main/res/drawable-xxhdpi/icon_week_clicked.webp to ./img/origin
2025-04-17T22:13:05.766609+0800 | INFO | move /Users/10254072/si-im/si_common/src/main/res/drawable-xxhdpi/icon_select_single.webp to ./img/origin
2025-04-17T22:13:05.767573+0800 | INFO | move /Users/10254072/si-im/si_common/src/main/res/drawable-xxhdpi/icon_agreed.webp to ./img/origin
2025-04-17T22:13:05.768462+0800 | INFO | move /Users/10254072/si-im/si_common/src/main/res/drawable-xxhdpi/icon_file_key.webp to ./img/origin
2025-04-17T22:13:05.768841+0800 | INFO | move /Users/10254072/si-im/si_common/src/main/res/drawable-xxhdpi/icon_doc.webp to ./img/origin
2025-04-17T22:13:05.769204+0800 | INFO | move /Users/10254072/si-im/si_common/src/main/res/drawable-xxhdpi/icon_multiple_item_mic_on.png to ./img/origin
2025-04-17T22:13:05.769712+0800 | INFO | move /Users/10254072/si-im/si_common/src/main/res/drawable-xxhdpi/icon_not_pending.webp to ./img/origin
2025-04-17T22:13:05.770362+0800 | INFO | move /Users/10254072/si-im/si_common/src/main/res/drawable-xxhdpi/album_bg_selected_n.webp to ./img/origin
2025-04-17T22:13:05.770768+0800 | INFO | move /Users/10254072/si-im/si_common/src/main/res/drawable-xxhdpi/icon_pic.webp to ./img/origin
2025-04-17T22:13:05.771323+0800 | INFO | move /Users/10254072/si-im/si_common/src/main/res/drawable-xxhdpi/icon_arrowright.webp to ./img/origin
2025-04-17T22:13:05.771775+0800 | INFO | move /Users/10254072/si-im/si_common/src/main/res/drawable-xxhdpi/icon_zip.webp to ./img/origin
2025-04-17T22:13:05.772112+0800 | INFO | move /Users/10254072/si-im/si_common/src/main/res/drawable-xxhdpi/icon_pdf.webp to ./img/origin
2025-04-17T22:13:05.772522+0800 | INFO | move /Users/10254072/si-im/si_common/src/main/res/drawable-xxhdpi/icon_calendar_schedule_date.webp to ./img/origin
2025-04-17T22:13:05.773218+0800 | INFO | move /Users/10254072/si-im/si_common/src/main/res/drawable-xxhdpi/icon_clock.webp to ./img/origin
2025-04-17T22:13:05.773630+0800 | INFO | move /Users/10254072/si-im/si_common/src/main/res/drawable-xxhdpi/icon_dayly_timezone_switch.webp to ./img/origin
2025-04-17T22:13:05.774159+0800 | INFO | move /Users/10254072/si-im/si_common/src/main/res/drawable-xxhdpi/icon_excel.webp to ./img/origin
2025-04-17T22:13:05.774481+0800 | INFO | move /Users/10254072/si-im/si_common/src/main/res/drawable-xxhdpi/icon_not_reject.webp to ./img/origin
2025-04-17T22:13:05.774821+0800 | INFO | move /Users/10254072/si-im/si_common/src/main/res/drawable-xxhdpi/icon_dialog_close.webp to ./img/origin
2025-04-17T22:13:05.775856+0800 | INFO | move /Users/10254072/si-im/si_common/src/main/res/drawable-xxhdpi/icon_timezone_radio_selected.webp to ./img/origin
2025-04-17T22:13:05.776252+0800 | INFO | move /Users/10254072/si-im/si_common/src/main/res/drawable-xxhdpi/icon_schedule_busy_moon.webp to ./img/origin
2025-04-17T22:13:05.776763+0800 | INFO | move /Users/10254072/si-im/si_common/src/main/res/drawable-xxhdpi/icon_unselect.webp to ./img/origin
2025-04-17T22:13:05.777302+0800 | INFO | move /Users/10254072/si-im/si_common/src/main/res/drawable-xxhdpi/bg_week_schedule_right_trangle.webp to ./img/origin
2025-04-17T22:13:05.777664+0800 | INFO | move /Users/10254072/si-im/si_common/src/main/res/drawable-xxhdpi/icon_unknow.webp to ./img/origin
2025-04-17T22:13:05.779581+0800 | INFO | move /Users/10254072/si-im/si_common/src/main/res/drawable-xxhdpi/icon_day_normal.webp to ./img/origin
2025-04-17T22:13:05.779951+0800 | INFO | move /Users/10254072/si-im/si_common/src/main/res/drawable-xxhdpi/icon_loading.webp to ./img/origin
2025-04-17T22:13:05.780566+0800 | INFO | move /Users/10254072/si-im/si_common/src/main/res/drawable-xxhdpi/icon_label_add.webp to ./img/origin
2025-04-17T22:13:05.780944+0800 | INFO | move /Users/10254072/si-im/si_common/src/main/res/drawable-xxhdpi/icon_calendar_schedule_date_selected.webp to ./img/origin
2025-04-17T22:13:05.782052+0800 | INFO | move /Users/10254072/si-im/si_common/src/main/res/drawable-xxhdpi/icon_arrow_right.webp to ./img/origin
2025-04-17T22:13:05.782479+0800 | INFO | move /Users/10254072/si-im/si_common/src/main/res/drawable-xxhdpi/icon_apk.webp to ./img/origin
2025-04-17T22:13:05.783033+0800 | INFO | move /Users/10254072/si-im/si_common/src/main/res/drawable-xxhdpi/icon_file_xmind.webp to ./img/origin
2025-04-17T22:13:05.783406+0800 | INFO | move /Users/10254072/si-im/si_common/src/main/res/drawable-xxhdpi/icon_txt.webp to ./img/origin
2025-04-17T22:13:05.783911+0800 | INFO | move /Users/10254072/si-im/si_common/src/main/res/drawable-xxhdpi/icon_black_close.webp to ./img/origin
2025-04-17T22:13:05.784656+0800 | INFO | move /Users/10254072/si-im/si_common/src/main/res/drawable-xxhdpi/icon_update_dialog.png to ./img/origin
2025-04-17T22:13:05.785067+0800 | INFO | move /Users/10254072/si-im/si_common/src/main/res/drawable-xxhdpi/icon_file_ai.webp to ./img/origin
2025-04-17T22:13:05.785709+0800 | INFO | move /Users/10254072/si-im/si_common/src/main/res/drawable-xxhdpi/s_chat_logo.webp to ./img/origin
2025-04-17T22:13:05.786319+0800 | INFO | move /Users/10254072/si-im/si_common/src/main/res/drawable-xxhdpi/icon_day_clicked.webp to ./img/origin
2025-04-17T22:13:05.786883+0800 | INFO | move /Users/10254072/si-im/si_common/src/main/res/drawable-xxhdpi/icon_file_ae.webp to ./img/origin
2025-04-17T22:13:05.787370+0800 | INFO | move /Users/10254072/si-im/si_common/src/main/res/drawable-xxhdpi/icon_timezone_radio_delete.webp to ./img/origin
2025-04-17T22:13:05.788312+0800 | INFO | move /Users/10254072/si-im/si_common/src/main/res/drawable-xxhdpi/icon_remove.webp to ./img/origin
2025-04-17T22:13:05.788776+0800 | INFO | move /Users/10254072/si-im/si_common/src/main/res/drawable-xxhdpi/icon_title_more.webp to ./img/origin
2025-04-17T22:13:05.789223+0800 | INFO | move /Users/10254072/si-im/si_common/src/main/res/drawable-xxhdpi/icon_mark.webp to ./img/origin
2025-04-17T22:13:05.789662+0800 | INFO | move /Users/10254072/si-im/si_common/src/main/res/drawable-xxhdpi/icon_timezone_radio_unselect.webp to ./img/origin
2025-04-17T22:13:05.790092+0800 | INFO | move /Users/10254072/si-im/si_common/src/main/res/drawable-xxhdpi/icon_close.webp to ./img/origin
2025-04-17T22:13:05.790523+0800 | INFO | move /Users/10254072/si-im/si_common/src/main/res/drawable-xxhdpi/icon_checked.webp to ./img/origin
2025-04-17T22:13:05.791046+0800 | INFO | move /Users/10254072/si-im/si_common/src/main/res/drawable-xxhdpi/icon_mic_off_14px.png to ./img/origin
2025-04-17T22:13:05.818341+0800 | INFO | move /Users/10254072/si-im/si_network/src/main/res/drawable/ic_launcher_foreground.xml to ./img/origin
2025-04-17T22:13:05.819167+0800 | INFO | move /Users/10254072/si-im/si_network/src/main/res/drawable/ic_launcher_background.xml to ./img/origin
2025-04-17T22:13:05.903729+0800 | INFO | move /Users/10254072/si-im/si_rtc_meet/src/main/res/drawable/ic_refuse.xml to ./img/origin
2025-04-17T22:13:05.904938+0800 | INFO | move /Users/10254072/si-im/si_rtc_meet/src/main/res/drawable/ic_allow.xml to ./img/origin
2025-04-17T22:13:05.906914+0800 | INFO | move /Users/10254072/si-im/si_rtc_meet/src/main/res/drawable-xxhdpi/icon_back.png to ./img/origin
2025-04-17T22:13:05.907575+0800 | INFO | move /Users/10254072/si-im/si_rtc_meet/src/main/res/drawable-xxhdpi/sample_switch_on.png to ./img/origin
2025-04-17T22:13:05.908151+0800 | INFO | move /Users/10254072/si-im/si_rtc_meet/src/main/res/drawable-xxhdpi/sample_switch_off.png to ./img/origin
2025-04-17T22:13:05.936979+0800 | INFO | move /Users/10254072/si-im/si_calendar/src/main/res/drawable-xxhdpi/icon_meetingroom.png to ./img/origin
2025-04-17T22:13:05.937545+0800 | INFO | move /Users/10254072/si-im/si_calendar/src/main/res/drawable-xxhdpi/icon_sel.png to ./img/origin
2025-04-17T22:13:05.938054+0800 | INFO | move /Users/10254072/si-im/si_calendar/src/main/res/drawable-xxhdpi/icon_empty.png to ./img/origin
2025-04-17T22:13:05.938456+0800 | INFO | move /Users/10254072/si-im/si_calendar/src/main/res/drawable-xxhdpi/icon_device.png to ./img/origin
2025-04-17T22:13:05.938914+0800 | INFO | move /Users/10254072/si-im/si_calendar/src/main/res/drawable-xxhdpi/icon_meeting_capacity.png to ./img/origin
2025-04-17T22:13:05.939340+0800 | INFO | move /Users/10254072/si-im/si_calendar/src/main/res/drawable-xxhdpi/bg_add_pop.png to ./img/origin
2025-04-17T22:13:05.945821+0800 | INFO | move 474 files to ./img/origin
