2025-04-18T16:23:18.279199+0800 | INFO | move /Users/10254072/si-im/app/src/google/res/drawable-xxhdpi/s_chat_logo.webp to ./img/origin
2025-04-18T16:23:18.281466+0800 | INFO | move /Users/10254072/si-im/app/src/main/res/drawable/icon_meeting_gray_no_background.xml to ./img/origin
2025-04-18T16:23:18.282075+0800 | INFO | move /Users/10254072/si-im/app/src/main/res/drawable/default_avatar.png to ./img/origin
2025-04-18T16:23:18.282579+0800 | INFO | move /Users/10254072/si-im/app/src/main/res/drawable/icon_scan_light_off.xml to ./img/origin
2025-04-18T16:23:18.283325+0800 | INFO | move /Users/10254072/si-im/app/src/main/res/drawable/icon_checkin_position.xml to ./img/origin
2025-04-18T16:23:18.284219+0800 | INFO | move /Users/10254072/si-im/app/src/main/res/drawable/contact_my_client.png to ./img/origin
2025-04-18T16:23:18.284820+0800 | INFO | move /Users/10254072/si-im/app/src/main/res/drawable/sui_icon_nav_more_back.xml to ./img/origin
2025-04-18T16:23:18.285444+0800 | INFO | move /Users/10254072/si-im/app/src/main/res/drawable/ic_notice.xml to ./img/origin
2025-04-18T16:23:18.285867+0800 | INFO | move /Users/10254072/si-im/app/src/main/res/drawable/icon_contacts_line_30px.xml to ./img/origin
2025-04-18T16:23:18.286247+0800 | INFO | move /Users/10254072/si-im/app/src/main/res/drawable/icon_wechat_16px.xml to ./img/origin
2025-04-18T16:23:18.286649+0800 | INFO | move /Users/10254072/si-im/app/src/main/res/drawable/icon_insertion_close_32px.xml to ./img/origin
2025-04-18T16:23:18.287231+0800 | INFO | move /Users/10254072/si-im/app/src/main/res/drawable/icon_expend_20px.xml to ./img/origin
2025-04-18T16:23:18.287480+0800 | INFO | move /Users/10254072/si-im/app/src/main/res/drawable/contact_shein.png to ./img/origin
2025-04-18T16:23:18.287872+0800 | INFO | move /Users/10254072/si-im/app/src/main/res/drawable/icon_copylink_24px.xml to ./img/origin
2025-04-18T16:23:18.288134+0800 | INFO | move /Users/10254072/si-im/app/src/main/res/drawable/ic_volume_dialog_length_short.png to ./img/origin
2025-04-18T16:23:18.288588+0800 | INFO | move /Users/10254072/si-im/app/src/main/res/drawable/icon_check_unselected.xml to ./img/origin
2025-04-18T16:23:18.289085+0800 | INFO | move /Users/10254072/si-im/app/src/main/res/drawable/sign_clear.xml to ./img/origin
2025-04-18T16:23:18.289559+0800 | INFO | move /Users/10254072/si-im/app/src/main/res/drawable/search_filter_delete.xml to ./img/origin
2025-04-18T16:23:18.289934+0800 | INFO | move /Users/10254072/si-im/app/src/main/res/drawable/icon_tip.xml to ./img/origin
2025-04-18T16:23:18.290449+0800 | INFO | move /Users/10254072/si-im/app/src/main/res/drawable/icon_email_fill_30px.xml to ./img/origin
2025-04-18T16:23:18.290970+0800 | INFO | move /Users/10254072/si-im/app/src/main/res/drawable/icon_input_32dp.xml to ./img/origin
2025-04-18T16:23:18.291391+0800 | INFO | move /Users/10254072/si-im/app/src/main/res/drawable/contact_other.png to ./img/origin
2025-04-18T16:23:18.291890+0800 | INFO | move /Users/10254072/si-im/app/src/main/res/drawable/icon_meeting_blue_no_background.xml to ./img/origin
2025-04-18T16:23:18.292860+0800 | INFO | move /Users/10254072/si-im/app/src/main/res/drawable/chat_more_action_file.png to ./img/origin
2025-04-18T16:23:18.293787+0800 | INFO | move /Users/10254072/si-im/app/src/main/res/drawable/icon_scan_corner_lt.xml to ./img/origin
2025-04-18T16:23:18.294381+0800 | INFO | move /Users/10254072/si-im/app/src/main/res/drawable/tuiemoji_default_emoji_group_icon.png to ./img/origin
2025-04-18T16:23:18.294754+0800 | INFO | move /Users/10254072/si-im/app/src/main/res/drawable/chat_more_action_dot_selected.png to ./img/origin
2025-04-18T16:23:18.295118+0800 | INFO | move /Users/10254072/si-im/app/src/main/res/drawable/sui_icon_save_filled.png to ./img/origin
2025-04-18T16:23:18.295686+0800 | INFO | move /Users/10254072/si-im/app/src/main/res/drawable/icon_scan_corner_lb.xml to ./img/origin
2025-04-18T16:23:18.296721+0800 | INFO | move /Users/10254072/si-im/app/src/main/res/drawable/icon_message_line_30px.xml to ./img/origin
2025-04-18T16:23:18.297164+0800 | INFO | move /Users/10254072/si-im/app/src/main/res/drawable/icon_download.xml to ./img/origin
2025-04-18T16:23:18.298096+0800 | INFO | move /Users/10254072/si-im/app/src/main/res/drawable/icon_deleteclose_20px.xml to ./img/origin
2025-04-18T16:23:18.298431+0800 | INFO | move /Users/10254072/si-im/app/src/main/res/drawable/chat_more_action_fav.png to ./img/origin
2025-04-18T16:23:18.299261+0800 | INFO | move /Users/10254072/si-im/app/src/main/res/drawable/icon_pinned_sound.xml to ./img/origin
2025-04-18T16:23:18.299690+0800 | INFO | move /Users/10254072/si-im/app/src/main/res/drawable/chat_more_action_shot.png to ./img/origin
2025-04-18T16:23:18.300344+0800 | INFO | move /Users/10254072/si-im/app/src/main/res/drawable/search_pre_month.xml to ./img/origin
2025-04-18T16:23:18.300769+0800 | INFO | move /Users/10254072/si-im/app/src/main/res/drawable/search_time_checked.xml to ./img/origin
2025-04-18T16:23:18.301638+0800 | INFO | move /Users/10254072/si-im/app/src/main/res/drawable/icon_menu_line_30px.xml to ./img/origin
2025-04-18T16:23:18.302113+0800 | INFO | move /Users/10254072/si-im/app/src/main/res/drawable/icon_voicecall_fill_34px.xml to ./img/origin
2025-04-18T16:23:18.302856+0800 | INFO | move /Users/10254072/si-im/app/src/main/res/drawable/me_sign_image.xml to ./img/origin
2025-04-18T16:23:18.303375+0800 | INFO | move /Users/10254072/si-im/app/src/main/res/drawable/icon_translate_done.xml to ./img/origin
2025-04-18T16:23:18.304093+0800 | INFO | move /Users/10254072/si-im/app/src/main/res/drawable/icon_check_selected.xml to ./img/origin
2025-04-18T16:23:18.304605+0800 | INFO | move /Users/10254072/si-im/app/src/main/res/drawable/ic_volume_dialog_cancel.png to ./img/origin
2025-04-18T16:23:18.305291+0800 | INFO | move /Users/10254072/si-im/app/src/main/res/drawable/icon_phonecall_30px.xml to ./img/origin
2025-04-18T16:23:18.305728+0800 | INFO | move /Users/10254072/si-im/app/src/main/res/drawable/icon_position.xml to ./img/origin
2025-04-18T16:23:18.306490+0800 | INFO | move /Users/10254072/si-im/app/src/main/res/drawable/icon_speech_32px.xml to ./img/origin
2025-04-18T16:23:18.306822+0800 | INFO | move /Users/10254072/si-im/app/src/main/res/drawable/icon_scan.xml to ./img/origin
2025-04-18T16:23:18.307501+0800 | INFO | move /Users/10254072/si-im/app/src/main/res/drawable/ic_meeting_search.xml to ./img/origin
2025-04-18T16:23:18.308586+0800 | INFO | move /Users/10254072/si-im/app/src/main/res/drawable/icon_save_32px.xml to ./img/origin
2025-04-18T16:23:18.309104+0800 | INFO | move /Users/10254072/si-im/app/src/main/res/drawable/edit_notify_top.xml to ./img/origin
2025-04-18T16:23:18.309681+0800 | INFO | move /Users/10254072/si-im/app/src/main/res/drawable/icon_contacts_fill_30px.xml to ./img/origin
2025-04-18T16:23:18.310222+0800 | INFO | move /Users/10254072/si-im/app/src/main/res/drawable/icon_arrowdown_fill_8px.xml to ./img/origin
2025-04-18T16:23:18.310835+0800 | INFO | move /Users/10254072/si-im/app/src/main/res/drawable/icon_nav_back.xml to ./img/origin
2025-04-18T16:23:18.311609+0800 | INFO | move /Users/10254072/si-im/app/src/main/res/drawable/icon_pinned_notice.xml to ./img/origin
2025-04-18T16:23:18.312132+0800 | INFO | move /Users/10254072/si-im/app/src/main/res/drawable/icon_rm_pin.xml to ./img/origin
2025-04-18T16:23:18.312750+0800 | INFO | move /Users/10254072/si-im/app/src/main/res/drawable/icon_email_line_30px.xml to ./img/origin
2025-04-18T16:23:18.313414+0800 | INFO | move /Users/10254072/si-im/app/src/main/res/drawable/icon_scan_corner_rt.xml to ./img/origin
2025-04-18T16:23:18.314480+0800 | INFO | move /Users/10254072/si-im/app/src/main/res/drawable/ic_launcher_foreground.xml to ./img/origin
2025-04-18T16:23:18.315828+0800 | INFO | move /Users/10254072/si-im/app/src/main/res/drawable/icon_scan_corner_rb.xml to ./img/origin
2025-04-18T16:23:18.317958+0800 | INFO | move /Users/10254072/si-im/app/src/main/res/drawable/icon_keyboard_32px.xml to ./img/origin
2025-04-18T16:23:18.318507+0800 | INFO | move /Users/10254072/si-im/app/src/main/res/drawable/chat_more_action_quick_meeting.xml to ./img/origin
2025-04-18T16:23:18.319339+0800 | INFO | move /Users/10254072/si-im/app/src/main/res/drawable/icon_menu.xml to ./img/origin
2025-04-18T16:23:18.319851+0800 | INFO | move /Users/10254072/si-im/app/src/main/res/drawable/icon_meeting_overview_booking_meeting.xml to ./img/origin
2025-04-18T16:23:18.320626+0800 | INFO | move /Users/10254072/si-im/app/src/main/res/drawable/icon_translation_24px.xml to ./img/origin
2025-04-18T16:23:18.320950+0800 | INFO | move /Users/10254072/si-im/app/src/main/res/drawable/chat_more_action_location.png to ./img/origin
2025-04-18T16:23:18.321881+0800 | INFO | move /Users/10254072/si-im/app/src/main/res/drawable/album_ic_rtc_meeting_finished.xml to ./img/origin
2025-04-18T16:23:18.322501+0800 | INFO | move /Users/10254072/si-im/app/src/main/res/drawable/icon_checkin_set.xml to ./img/origin
2025-04-18T16:23:18.323372+0800 | INFO | move /Users/10254072/si-im/app/src/main/res/drawable/icon_checkin_summary.xml to ./img/origin
2025-04-18T16:23:18.323927+0800 | INFO | move /Users/10254072/si-im/app/src/main/res/drawable/icon_message_fill_30px.xml to ./img/origin
2025-04-18T16:23:18.324442+0800 | INFO | move /Users/10254072/si-im/app/src/main/res/drawable/load_fail.png to ./img/origin
2025-04-18T16:23:18.324790+0800 | INFO | move /Users/10254072/si-im/app/src/main/res/drawable/chat_more_action_card.png to ./img/origin
2025-04-18T16:23:18.325201+0800 | INFO | move /Users/10254072/si-im/app/src/main/res/drawable/ic_meeting_blue.xml to ./img/origin
2025-04-18T16:23:18.325803+0800 | INFO | move /Users/10254072/si-im/app/src/main/res/drawable/icon_delete_32px.xml to ./img/origin
2025-04-18T16:23:18.326273+0800 | INFO | move /Users/10254072/si-im/app/src/main/res/drawable/icon_menu_fill_30px.xml to ./img/origin
2025-04-18T16:23:18.326750+0800 | INFO | move /Users/10254072/si-im/app/src/main/res/drawable/icon_meeting_overview_join_meeting.xml to ./img/origin
2025-04-18T16:23:18.327177+0800 | INFO | move /Users/10254072/si-im/app/src/main/res/drawable/chat_more_action_schedule.png to ./img/origin
2025-04-18T16:23:18.327485+0800 | INFO | move /Users/10254072/si-im/app/src/main/res/drawable/ic_volume_8.png to ./img/origin
2025-04-18T16:23:18.327903+0800 | INFO | move /Users/10254072/si-im/app/src/main/res/drawable/icon_pin_24px.xml to ./img/origin
2025-04-18T16:23:18.328513+0800 | INFO | move /Users/10254072/si-im/app/src/main/res/drawable/icon_pinned_msg.xml to ./img/origin
2025-04-18T16:23:18.328890+0800 | INFO | move /Users/10254072/si-im/app/src/main/res/drawable/icon_scan_line.xml to ./img/origin
2025-04-18T16:23:18.329137+0800 | INFO | move /Users/10254072/si-im/app/src/main/res/drawable/contact_add.png to ./img/origin
2025-04-18T16:23:18.329589+0800 | INFO | move /Users/10254072/si-im/app/src/main/res/drawable/chat_revoke.xml to ./img/origin
2025-04-18T16:23:18.329870+0800 | INFO | move /Users/10254072/si-im/app/src/main/res/drawable/ic_volume_5.png to ./img/origin
2025-04-18T16:23:18.330151+0800 | INFO | move /Users/10254072/si-im/app/src/main/res/drawable/shein.png to ./img/origin
2025-04-18T16:23:18.330513+0800 | INFO | move /Users/10254072/si-im/app/src/main/res/drawable/chat_voice_msg_playing_1.png to ./img/origin
2025-04-18T16:23:18.330848+0800 | INFO | move /Users/10254072/si-im/app/src/main/res/drawable/icon_meeting_overview_quick_meeting.xml to ./img/origin
2025-04-18T16:23:18.331341+0800 | INFO | move /Users/10254072/si-im/app/src/main/res/drawable/me_right.xml to ./img/origin
2025-04-18T16:23:18.331633+0800 | INFO | move /Users/10254072/si-im/app/src/main/res/drawable/ic_volume_4.png to ./img/origin
2025-04-18T16:23:18.332060+0800 | INFO | move /Users/10254072/si-im/app/src/main/res/drawable/conversation_no_network.png to ./img/origin
2025-04-18T16:23:18.332458+0800 | INFO | move /Users/10254072/si-im/app/src/main/res/drawable/at_all_member.xml to ./img/origin
2025-04-18T16:23:18.333043+0800 | INFO | move /Users/10254072/si-im/app/src/main/res/drawable/icon_check_blue_16px.xml to ./img/origin
2025-04-18T16:23:18.333342+0800 | INFO | move /Users/10254072/si-im/app/src/main/res/drawable/chat_send_fail.png to ./img/origin
2025-04-18T16:23:18.333831+0800 | INFO | move /Users/10254072/si-im/app/src/main/res/drawable/icon_expression_32px.xml to ./img/origin
2025-04-18T16:23:18.334389+0800 | INFO | move /Users/10254072/si-im/app/src/main/res/drawable/ic_message_sending_state.xml to ./img/origin
2025-04-18T16:23:18.334665+0800 | INFO | move /Users/10254072/si-im/app/src/main/res/drawable/chat_sent.png to ./img/origin
2025-04-18T16:23:18.334914+0800 | INFO | move /Users/10254072/si-im/app/src/main/res/drawable/ic_volume_6.png to ./img/origin
2025-04-18T16:23:18.335315+0800 | INFO | move /Users/10254072/si-im/app/src/main/res/drawable/chat_voice_msg_playing_2.png to ./img/origin
2025-04-18T16:23:18.335707+0800 | INFO | move /Users/10254072/si-im/app/src/main/res/drawable/icon_add_32px.xml to ./img/origin
2025-04-18T16:23:18.336269+0800 | INFO | move /Users/10254072/si-im/app/src/main/res/drawable/icon_fail_96px.xml to ./img/origin
2025-04-18T16:23:18.336811+0800 | INFO | move /Users/10254072/si-im/app/src/main/res/drawable/chat_voice_msg_playing_3.png to ./img/origin
2025-04-18T16:23:18.337087+0800 | INFO | move /Users/10254072/si-im/app/src/main/res/drawable/message_send_fail.png to ./img/origin
2025-04-18T16:23:18.337521+0800 | INFO | move /Users/10254072/si-im/app/src/main/res/drawable/at_close.xml to ./img/origin
2025-04-18T16:23:18.337949+0800 | INFO | move /Users/10254072/si-im/app/src/main/res/drawable/search_back.xml to ./img/origin
2025-04-18T16:23:18.338230+0800 | INFO | move /Users/10254072/si-im/app/src/main/res/drawable/ic_volume_7.png to ./img/origin
2025-04-18T16:23:18.338616+0800 | INFO | move /Users/10254072/si-im/app/src/main/res/drawable/chat_down_position_tips.xml to ./img/origin
2025-04-18T16:23:18.339051+0800 | INFO | move /Users/10254072/si-im/app/src/main/res/drawable/default_avatar2.png to ./img/origin
2025-04-18T16:23:18.339320+0800 | INFO | move /Users/10254072/si-im/app/src/main/res/drawable/chat_more_action_meeting.png to ./img/origin
2025-04-18T16:23:18.339991+0800 | INFO | move /Users/10254072/si-im/app/src/main/res/drawable/default_emoji.xml to ./img/origin
2025-04-18T16:23:18.340412+0800 | INFO | move /Users/10254072/si-im/app/src/main/res/drawable/search_next_month.xml to ./img/origin
2025-04-18T16:23:18.340961+0800 | INFO | move /Users/10254072/si-im/app/src/main/res/drawable/ic_volume_3.png to ./img/origin
2025-04-18T16:23:18.341329+0800 | INFO | move /Users/10254072/si-im/app/src/main/res/drawable/ic_meeting_green.xml to ./img/origin
2025-04-18T16:23:18.341829+0800 | INFO | move /Users/10254072/si-im/app/src/main/res/drawable/icon_quick_meeting_24px.xml to ./img/origin
2025-04-18T16:23:18.342330+0800 | INFO | move /Users/10254072/si-im/app/src/main/res/drawable/icon_has_child_menu.xml to ./img/origin
2025-04-18T16:23:18.342820+0800 | INFO | move /Users/10254072/si-im/app/src/main/res/drawable/icon_meeting_blue.xml to ./img/origin
2025-04-18T16:23:18.343351+0800 | INFO | move /Users/10254072/si-im/app/src/main/res/drawable/album_ic_rtc_meeting_in_meeting.xml to ./img/origin
2025-04-18T16:23:18.343626+0800 | INFO | move /Users/10254072/si-im/app/src/main/res/drawable/chat_face_delete_btn_icon.png to ./img/origin
2025-04-18T16:23:18.344916+0800 | INFO | move /Users/10254072/si-im/app/src/main/res/drawable/icon_group_notify.xml to ./img/origin
2025-04-18T16:23:18.345227+0800 | INFO | move /Users/10254072/si-im/app/src/main/res/drawable/ic_volume_2.png to ./img/origin
2025-04-18T16:23:18.345695+0800 | INFO | move /Users/10254072/si-im/app/src/main/res/drawable/icon_right_more.xml to ./img/origin
2025-04-18T16:23:18.346159+0800 | INFO | move /Users/10254072/si-im/app/src/main/res/drawable/icon_map_loading.xml to ./img/origin
2025-04-18T16:23:18.346427+0800 | INFO | move /Users/10254072/si-im/app/src/main/res/drawable/chat_more_action_red_pocket.png to ./img/origin
2025-04-18T16:23:18.346813+0800 | INFO | move /Users/10254072/si-im/app/src/main/res/drawable/chat_position_up_tips.xml to ./img/origin
2025-04-18T16:23:18.347325+0800 | INFO | move /Users/10254072/si-im/app/src/main/res/drawable/chat_play.png to ./img/origin
2025-04-18T16:23:18.348001+0800 | INFO | move /Users/10254072/si-im/app/src/main/res/drawable/at_selector_unchecked.xml to ./img/origin
2025-04-18T16:23:18.348868+0800 | INFO | move /Users/10254072/si-im/app/src/main/res/drawable/search_reset.png to ./img/origin
2025-04-18T16:23:18.349265+0800 | INFO | move /Users/10254072/si-im/app/src/main/res/drawable/ic_volume_1.png to ./img/origin
2025-04-18T16:23:18.349737+0800 | INFO | move /Users/10254072/si-im/app/src/main/res/drawable/icon_tag_24px.xml to ./img/origin
2025-04-18T16:23:18.350218+0800 | INFO | move /Users/10254072/si-im/app/src/main/res/drawable/icon_check_selected_disable.xml to ./img/origin
2025-04-18T16:23:18.350940+0800 | INFO | move /Users/10254072/si-im/app/src/main/res/drawable/icon_announcement_16px.xml to ./img/origin
2025-04-18T16:23:18.351438+0800 | INFO | move /Users/10254072/si-im/app/src/main/res/drawable/icon_meeting_green_no_background.xml to ./img/origin
2025-04-18T16:23:18.351904+0800 | INFO | move /Users/10254072/si-im/app/src/main/res/drawable/edit_notify_top_unselected.xml to ./img/origin
2025-04-18T16:23:18.352358+0800 | INFO | move /Users/10254072/si-im/app/src/main/res/drawable/icon_untranslation_24px.xml to ./img/origin
2025-04-18T16:23:18.352962+0800 | INFO | move /Users/10254072/si-im/app/src/main/res/drawable/search_filter_down_arrow.xml to ./img/origin
2025-04-18T16:23:18.353351+0800 | INFO | move /Users/10254072/si-im/app/src/main/res/drawable/chat_read.png to ./img/origin
2025-04-18T16:23:18.354068+0800 | INFO | move /Users/10254072/si-im/app/src/main/res/drawable/at_selector_checked.xml to ./img/origin
2025-04-18T16:23:18.354693+0800 | INFO | move /Users/10254072/si-im/app/src/main/res/drawable/icon_group_forward_to_chat.xml to ./img/origin
2025-04-18T16:23:18.355449+0800 | INFO | move /Users/10254072/si-im/app/src/main/res/drawable/icon_meeting_gray.xml to ./img/origin
2025-04-18T16:23:18.355898+0800 | INFO | move /Users/10254072/si-im/app/src/main/res/drawable/icon_insertion_32px.xml to ./img/origin
2025-04-18T16:23:18.356505+0800 | INFO | move /Users/10254072/si-im/app/src/main/res/drawable/icon_repost_32px.xml to ./img/origin
2025-04-18T16:23:18.357177+0800 | INFO | move /Users/10254072/si-im/app/src/main/res/drawable/chat_more_action_photo.png to ./img/origin
2025-04-18T16:23:18.357747+0800 | INFO | move /Users/10254072/si-im/app/src/main/res/drawable/icon_position_60px.xml to ./img/origin
2025-04-18T16:23:18.358193+0800 | INFO | move /Users/10254072/si-im/app/src/main/res/drawable/icon_earth_24px.xml to ./img/origin
2025-04-18T16:23:18.358635+0800 | INFO | move /Users/10254072/si-im/app/src/main/res/drawable/icon_unpin_24px.xml to ./img/origin
2025-04-18T16:23:18.359336+0800 | INFO | move /Users/10254072/si-im/app/src/main/res/drawable/icon_nosearch_120px.xml to ./img/origin
2025-04-18T16:23:18.359935+0800 | INFO | move /Users/10254072/si-im/app/src/main/res/drawable/search_no_match.xml to ./img/origin
2025-04-18T16:23:18.360328+0800 | INFO | move /Users/10254072/si-im/app/src/main/res/drawable/chat_more_action_phone.png to ./img/origin
2025-04-18T16:23:18.360734+0800 | INFO | move /Users/10254072/si-im/app/src/main/res/drawable/icon_arrow_up_gray.xml to ./img/origin
2025-04-18T16:23:18.361214+0800 | INFO | move /Users/10254072/si-im/app/src/main/res/drawable/chat_more_action_dot.png to ./img/origin
2025-04-18T16:23:18.361488+0800 | INFO | move /Users/10254072/si-im/app/src/main/res/drawable/chat_more_action_doc.png to ./img/origin
2025-04-18T16:23:18.362226+0800 | INFO | move /Users/10254072/si-im/app/src/main/res/drawable/search_contact_button.xml to ./img/origin
2025-04-18T16:23:18.362582+0800 | INFO | move /Users/10254072/si-im/app/src/main/res/drawable/search_right_arrow.xml to ./img/origin
2025-04-18T16:23:18.362975+0800 | INFO | move /Users/10254072/si-im/app/src/main/res/drawable/rectangle_789.png to ./img/origin
2025-04-18T16:23:18.363279+0800 | INFO | move /Users/10254072/si-im/app/src/main/res/drawable/converstaion_empty.xml to ./img/origin
2025-04-18T16:23:18.363763+0800 | INFO | move /Users/10254072/si-im/app/src/main/res/drawable/ic_meeting_setting.xml to ./img/origin
2025-04-18T16:23:18.364006+0800 | INFO | move /Users/10254072/si-im/app/src/main/res/drawable/ic_volume_dialog_bg.9.png to ./img/origin
2025-04-18T16:23:18.364311+0800 | INFO | move /Users/10254072/si-im/app/src/main/res/drawable/icon_chat_add.xml to ./img/origin
2025-04-18T16:23:18.365022+0800 | INFO | move /Users/10254072/si-im/app/src/main/res/drawable/icon_scan_light_on.xml to ./img/origin
2025-04-18T16:23:18.365599+0800 | INFO | move /Users/10254072/si-im/app/src/main/res/drawable/ic_launcher_background.xml to ./img/origin
2025-04-18T16:23:18.365916+0800 | INFO | move /Users/10254072/si-im/app/src/main/res/drawable/icon_chat_ignore.xml to ./img/origin
2025-04-18T16:23:18.366303+0800 | INFO | move /Users/10254072/si-im/app/src/main/res/drawable/contact_service.png to ./img/origin
2025-04-18T16:23:18.367756+0800 | INFO | move /Users/10254072/si-im/app/src/main/res/drawable-xxhdpi/icon_delete_24px.webp to ./img/origin
2025-04-18T16:23:18.368003+0800 | INFO | move /Users/10254072/si-im/app/src/main/res/drawable-xxhdpi/icon_label_custom.webp to ./img/origin
2025-04-18T16:23:18.368270+0800 | INFO | move /Users/10254072/si-im/app/src/main/res/drawable-xxhdpi/sui_icon_select_img_selected_transparent.webp to ./img/origin
2025-04-18T16:23:18.368539+0800 | INFO | move /Users/10254072/si-im/app/src/main/res/drawable-xxhdpi/icon_multiselect_filled_24px.webp to ./img/origin
2025-04-18T16:23:18.368788+0800 | INFO | move /Users/10254072/si-im/app/src/main/res/drawable-xxhdpi/icon_link_24px.webp to ./img/origin
2025-04-18T16:23:18.369018+0800 | INFO | move /Users/10254072/si-im/app/src/main/res/drawable-xxhdpi/icon_chat.webp to ./img/origin
2025-04-18T16:23:18.369258+0800 | INFO | move /Users/10254072/si-im/app/src/main/res/drawable-xxhdpi/icon_group_chat.webp to ./img/origin
2025-04-18T16:23:18.369486+0800 | INFO | move /Users/10254072/si-im/app/src/main/res/drawable-xxhdpi/icon_online_doc.webp to ./img/origin
2025-04-18T16:23:18.369724+0800 | INFO | move /Users/10254072/si-im/app/src/main/res/drawable-xxhdpi/icon_config.webp to ./img/origin
2025-04-18T16:23:18.369963+0800 | INFO | move /Users/10254072/si-im/app/src/main/res/drawable-xxhdpi/icon_contact_search_empty.webp to ./img/origin
2025-04-18T16:23:18.370302+0800 | INFO | move /Users/10254072/si-im/app/src/main/res/drawable-xxhdpi/icon_item_refresh.webp to ./img/origin
2025-04-18T16:23:18.370602+0800 | INFO | move /Users/10254072/si-im/app/src/main/res/drawable-xxhdpi/icon_item_copy.webp to ./img/origin
2025-04-18T16:23:18.370857+0800 | INFO | move /Users/10254072/si-im/app/src/main/res/drawable-xxhdpi/login_password_hide.webp to ./img/origin
2025-04-18T16:23:18.371195+0800 | INFO | move /Users/10254072/si-im/app/src/main/res/drawable-xxhdpi/ic_setting.png to ./img/origin
2025-04-18T16:23:18.371426+0800 | INFO | move /Users/10254072/si-im/app/src/main/res/drawable-xxhdpi/icon_meeting.webp to ./img/origin
2025-04-18T16:23:18.372090+0800 | INFO | move /Users/10254072/si-im/app/src/main/res/drawable-xxhdpi/login_bg.webp to ./img/origin
2025-04-18T16:23:18.372338+0800 | INFO | move /Users/10254072/si-im/app/src/main/res/drawable-xxhdpi/icon_label_me.webp to ./img/origin
2025-04-18T16:23:18.372774+0800 | INFO | move /Users/10254072/si-im/app/src/main/res/drawable-xxhdpi/icon_album.png to ./img/origin
2025-04-18T16:23:18.373059+0800 | INFO | move /Users/10254072/si-im/app/src/main/res/drawable-xxhdpi/icon_label_single.webp to ./img/origin
2025-04-18T16:23:18.373350+0800 | INFO | move /Users/10254072/si-im/app/src/main/res/drawable-xxhdpi/icon_file.webp to ./img/origin
2025-04-18T16:23:18.373605+0800 | INFO | move /Users/10254072/si-im/app/src/main/res/drawable-xxhdpi/icon_quote_24px.webp to ./img/origin
2025-04-18T16:23:18.373877+0800 | INFO | move /Users/10254072/si-im/app/src/main/res/drawable-xxhdpi/icon_defaultheadpic_48px.webp to ./img/origin
2025-04-18T16:23:18.374251+0800 | INFO | move /Users/10254072/si-im/app/src/main/res/drawable-xxhdpi/icon_label_edit.webp to ./img/origin
2025-04-18T16:23:18.374488+0800 | INFO | move /Users/10254072/si-im/app/src/main/res/drawable-xxhdpi/icon_defaultheadpic_group_48px.webp to ./img/origin
2025-04-18T16:23:18.374908+0800 | INFO | move /Users/10254072/si-im/app/src/main/res/drawable-xxhdpi/icon_qrcode.png to ./img/origin
2025-04-18T16:23:18.375144+0800 | INFO | move /Users/10254072/si-im/app/src/main/res/drawable-xxhdpi/icon_item_browser.webp to ./img/origin
2025-04-18T16:23:18.375367+0800 | INFO | move /Users/10254072/si-im/app/src/main/res/drawable-xxhdpi/icon_qr_code.webp to ./img/origin
2025-04-18T16:23:18.375602+0800 | INFO | move /Users/10254072/si-im/app/src/main/res/drawable-xxhdpi/icon_add.webp to ./img/origin
2025-04-18T16:23:18.375834+0800 | INFO | move /Users/10254072/si-im/app/src/main/res/drawable-xxhdpi/ic_arrow.png to ./img/origin
2025-04-18T16:23:18.376055+0800 | INFO | move /Users/10254072/si-im/app/src/main/res/drawable-xxhdpi/icon_select.webp to ./img/origin
2025-04-18T16:23:18.376284+0800 | INFO | move /Users/10254072/si-im/app/src/main/res/drawable-xxhdpi/sui_icon_select_m_transparent.webp to ./img/origin
2025-04-18T16:23:18.376506+0800 | INFO | move /Users/10254072/si-im/app/src/main/res/drawable-xxhdpi/icon_copy_24px.webp to ./img/origin
2025-04-18T16:23:18.376753+0800 | INFO | move /Users/10254072/si-im/app/src/main/res/drawable-xxhdpi/icon_label_unread.webp to ./img/origin
2025-04-18T16:23:18.376978+0800 | INFO | move /Users/10254072/si-im/app/src/main/res/drawable-xxhdpi/icon_repo_24px.webp to ./img/origin
2025-04-18T16:23:18.377326+0800 | INFO | move /Users/10254072/si-im/app/src/main/res/drawable-xxhdpi/ic_big_img_download.png to ./img/origin
2025-04-18T16:23:18.377548+0800 | INFO | move /Users/10254072/si-im/app/src/main/res/drawable-xxhdpi/icon_item_forward.webp to ./img/origin
2025-04-18T16:23:18.377764+0800 | INFO | move /Users/10254072/si-im/app/src/main/res/drawable-xxhdpi/icon_label_group.webp to ./img/origin
2025-04-18T16:23:18.377982+0800 | INFO | move /Users/10254072/si-im/app/src/main/res/drawable-xxhdpi/login_password_show.webp to ./img/origin
2025-04-18T16:23:18.378314+0800 | INFO | move /Users/10254072/si-im/app/src/main/res/drawable-xxhdpi/icon_pics_24px.webp to ./img/origin
2025-04-18T16:23:18.378676+0800 | INFO | move /Users/10254072/si-im/app/src/main/res/drawable-xxhdpi/icon_notification_remind.png to ./img/origin
2025-04-18T16:23:18.378945+0800 | INFO | move /Users/10254072/si-im/app/src/main/res/drawable-xxhdpi/icon_file_24px.webp to ./img/origin
2025-04-18T16:23:18.379281+0800 | INFO | move /Users/10254072/si-im/app/src/main/res/drawable-xxhdpi/ic_collection.png to ./img/origin
2025-04-18T16:23:18.379667+0800 | INFO | move /Users/10254072/si-im/app/src/main/res/drawable-xxhdpi/icon_collect_empty.png to ./img/origin
2025-04-18T16:23:18.379949+0800 | INFO | move /Users/10254072/si-im/app/src/main/res/drawable-xxhdpi/icon_right_arrow_small.png to ./img/origin
2025-04-18T16:23:18.380189+0800 | INFO | move /Users/10254072/si-im/app/src/main/res/drawable-xxhdpi/chat_back_white.png to ./img/origin
2025-04-18T16:23:18.380413+0800 | INFO | move /Users/10254072/si-im/app/src/main/res/drawable-xxhdpi/icon_save_24px.png to ./img/origin
2025-04-18T16:23:18.380626+0800 | INFO | move /Users/10254072/si-im/app/src/main/res/drawable-xxhdpi/icon_arrow_down.png to ./img/origin
2025-04-18T16:23:18.380882+0800 | INFO | move /Users/10254072/si-im/app/src/main/res/drawable-xxhdpi/icon_label_mark.webp to ./img/origin
2025-04-18T16:23:18.381147+0800 | INFO | move /Users/10254072/si-im/app/src/main/res/drawable-xxhdpi/core_close_icon.png to ./img/origin
2025-04-18T16:23:18.381404+0800 | INFO | move /Users/10254072/si-im/app/src/main/res/drawable-xxhdpi/icon_email_line_black.webp to ./img/origin
2025-04-18T16:23:18.395369+0800 | INFO | move /Users/10254072/si-im/si_rtc_call/component/videocall/src/main/res/drawable/icon_voice_calling_blue_24px.xml to ./img/origin
2025-04-18T16:23:18.396396+0800 | INFO | move /Users/10254072/si-im/si_rtc_call/component/videocall/src/main/res/drawable-xxhdpi/ic_effect_filter_sparkling_water.png to ./img/origin
2025-04-18T16:23:18.396642+0800 | INFO | move /Users/10254072/si-im/si_rtc_call/component/videocall/src/main/res/drawable-xxhdpi/ic_effect_sharp.png to ./img/origin
2025-04-18T16:23:18.396897+0800 | INFO | move /Users/10254072/si-im/si_rtc_call/component/videocall/src/main/res/drawable-xxhdpi/ic_audio_route_speaker.png to ./img/origin
2025-04-18T16:23:18.397359+0800 | INFO | move /Users/10254072/si-im/si_rtc_call/component/videocall/src/main/res/drawable-xxhdpi/ic_effect_filter_bright.png to ./img/origin
2025-04-18T16:23:18.397610+0800 | INFO | move /Users/10254072/si-im/si_rtc_call/component/videocall/src/main/res/drawable-xxhdpi/effect_seekbar_thumb.png to ./img/origin
2025-04-18T16:23:18.397837+0800 | INFO | move /Users/10254072/si-im/si_rtc_call/component/videocall/src/main/res/drawable-xxhdpi/ic_camera_off_red.png to ./img/origin
2025-04-18T16:23:18.398066+0800 | INFO | move /Users/10254072/si-im/si_rtc_call/component/videocall/src/main/res/drawable-xxhdpi/ic_video_call.png to ./img/origin
2025-04-18T16:23:18.398478+0800 | INFO | move /Users/10254072/si-im/si_rtc_call/component/videocall/src/main/res/drawable-xxhdpi/scene_video_call.png to ./img/origin
2025-04-18T16:23:18.398734+0800 | INFO | move /Users/10254072/si-im/si_rtc_call/component/videocall/src/main/res/drawable-xxhdpi/ic_effect_boy.png to ./img/origin
2025-04-18T16:23:18.398990+0800 | INFO | move /Users/10254072/si-im/si_rtc_call/component/videocall/src/main/res/drawable-xxhdpi/ic_effect_nose.png to ./img/origin
2025-04-18T16:23:18.399257+0800 | INFO | move /Users/10254072/si-im/si_rtc_call/component/videocall/src/main/res/drawable-xxhdpi/ic_close.png to ./img/origin
2025-04-18T16:23:18.399515+0800 | INFO | move /Users/10254072/si-im/si_rtc_call/component/videocall/src/main/res/drawable-xxhdpi/ic_effect_filter_vintage.png to ./img/origin
2025-04-18T16:23:18.399767+0800 | INFO | move /Users/10254072/si-im/si_rtc_call/component/videocall/src/main/res/drawable-xxhdpi/effect_selected_rec_bg.png to ./img/origin
2025-04-18T16:23:18.400004+0800 | INFO | move /Users/10254072/si-im/si_rtc_call/component/videocall/src/main/res/drawable-xxhdpi/ic_voice_call.png to ./img/origin
2025-04-18T16:23:18.400222+0800 | INFO | move /Users/10254072/si-im/si_rtc_call/component/videocall/src/main/res/drawable-xxhdpi/ic_camera_off_white.png to ./img/origin
2025-04-18T16:23:18.400438+0800 | INFO | move /Users/10254072/si-im/si_rtc_call/component/videocall/src/main/res/drawable-xxhdpi/ic_effect_whiten.png to ./img/origin
2025-04-18T16:23:18.400657+0800 | INFO | move /Users/10254072/si-im/si_rtc_call/component/videocall/src/main/res/drawable-xxhdpi/ic_microphone_off.png to ./img/origin
2025-04-18T16:23:18.400869+0800 | INFO | move /Users/10254072/si-im/si_rtc_call/component/videocall/src/main/res/drawable-xxhdpi/ic_camera_switch.png to ./img/origin
2025-04-18T16:23:18.401263+0800 | INFO | move /Users/10254072/si-im/si_rtc_call/component/videocall/src/main/res/drawable-xxhdpi/ic_effect_filter_milk_tea.png to ./img/origin
2025-04-18T16:23:18.401645+0800 | INFO | move /Users/10254072/si-im/si_rtc_call/component/videocall/src/main/res/drawable-xxhdpi/ic_effect_filter_dracula.png to ./img/origin
2025-04-18T16:23:18.402038+0800 | INFO | move /Users/10254072/si-im/si_rtc_call/component/videocall/src/main/res/drawable-xxhdpi/ic_effect_filter_nature.png to ./img/origin
2025-04-18T16:23:18.402264+0800 | INFO | move /Users/10254072/si-im/si_rtc_call/component/videocall/src/main/res/drawable-xxhdpi/ic_audio_route_earpiece.png to ./img/origin
2025-04-18T16:23:18.402504+0800 | INFO | move /Users/10254072/si-im/si_rtc_call/component/videocall/src/main/res/drawable-xxhdpi/ic_effect_filter_landscape.png to ./img/origin
2025-04-18T16:23:18.402730+0800 | INFO | move /Users/10254072/si-im/si_rtc_call/component/videocall/src/main/res/drawable-xxhdpi/ic_back_arrow.png to ./img/origin
2025-04-18T16:23:18.402976+0800 | INFO | move /Users/10254072/si-im/si_rtc_call/component/videocall/src/main/res/drawable-xxhdpi/ic_effect_smooth.png to ./img/origin
2025-04-18T16:23:18.403396+0800 | INFO | move /Users/10254072/si-im/si_rtc_call/component/videocall/src/main/res/drawable-xxhdpi/empty_view.png to ./img/origin
2025-04-18T16:23:18.403659+0800 | INFO | move /Users/10254072/si-im/si_rtc_call/component/videocall/src/main/res/drawable-xxhdpi/ic_effect_no_select.png to ./img/origin
2025-04-18T16:23:18.403955+0800 | INFO | move /Users/10254072/si-im/si_rtc_call/component/videocall/src/main/res/drawable-xxhdpi/ic_effect_remove_pouch.png to ./img/origin
2025-04-18T16:23:18.404448+0800 | INFO | move /Users/10254072/si-im/si_rtc_call/component/videocall/src/main/res/drawable-xxhdpi/ic_effect_filter_american_film.png to ./img/origin
2025-04-18T16:23:18.404729+0800 | INFO | move /Users/10254072/si-im/si_rtc_call/component/videocall/src/main/res/drawable-xxhdpi/ic_effect_slim_face.png to ./img/origin
2025-04-18T16:23:18.405028+0800 | INFO | move /Users/10254072/si-im/si_rtc_call/component/videocall/src/main/res/drawable-xxhdpi/ic_effect_jawbone.png to ./img/origin
2025-04-18T16:23:18.405367+0800 | INFO | move /Users/10254072/si-im/si_rtc_call/component/videocall/src/main/res/drawable-xxhdpi/bg_calle_name_prefix.webp to ./img/origin
2025-04-18T16:23:18.405855+0800 | INFO | move /Users/10254072/si-im/si_rtc_call/component/videocall/src/main/res/drawable-xxhdpi/ic_effect_filter_green.png to ./img/origin
2025-04-18T16:23:18.406146+0800 | INFO | move /Users/10254072/si-im/si_rtc_call/component/videocall/src/main/res/drawable-xxhdpi/ic_search.png to ./img/origin
2025-04-18T16:23:18.406439+0800 | INFO | move /Users/10254072/si-im/si_rtc_call/component/videocall/src/main/res/drawable-xxhdpi/ic_effect_big_eye.png to ./img/origin
2025-04-18T16:23:18.406819+0800 | INFO | move /Users/10254072/si-im/si_rtc_call/component/videocall/src/main/res/drawable-xxhdpi/ic_enter_pip.png to ./img/origin
2025-04-18T16:23:18.407107+0800 | INFO | move /Users/10254072/si-im/si_rtc_call/component/videocall/src/main/res/drawable-xxhdpi/effect_btn_selected_bg.png to ./img/origin
2025-04-18T16:23:18.407376+0800 | INFO | move /Users/10254072/si-im/si_rtc_call/component/videocall/src/main/res/drawable-xxhdpi/icon_warning.png to ./img/origin
2025-04-18T16:23:18.407649+0800 | INFO | move /Users/10254072/si-im/si_rtc_call/component/videocall/src/main/res/drawable-xxhdpi/ic_effect_smiles_folds.png to ./img/origin
2025-04-18T16:23:18.408121+0800 | INFO | move /Users/10254072/si-im/si_rtc_call/component/videocall/src/main/res/drawable-xxhdpi/ic_effect_filter_bright_orange.png to ./img/origin
2025-04-18T16:23:18.408393+0800 | INFO | move /Users/10254072/si-im/si_rtc_call/component/videocall/src/main/res/drawable-xxhdpi/ic_dial_put_through.png to ./img/origin
2025-04-18T16:23:18.408648+0800 | INFO | move /Users/10254072/si-im/si_rtc_call/component/videocall/src/main/res/drawable-xxhdpi/ic_effect_filter_food.png to ./img/origin
2025-04-18T16:23:18.408976+0800 | INFO | move /Users/10254072/si-im/si_rtc_call/component/videocall/src/main/res/drawable-xxhdpi/ic_effect_nature.png to ./img/origin
2025-04-18T16:23:18.409256+0800 | INFO | move /Users/10254072/si-im/si_rtc_call/component/videocall/src/main/res/drawable-xxhdpi/ic_effect_narrow_face.png to ./img/origin
2025-04-18T16:23:18.409512+0800 | INFO | move /Users/10254072/si-im/si_rtc_call/component/videocall/src/main/res/drawable-xxhdpi/effect_btn_normal_bg.png to ./img/origin
2025-04-18T16:23:18.409768+0800 | INFO | move /Users/10254072/si-im/si_rtc_call/component/videocall/src/main/res/drawable-xxhdpi/ic_effect_cheekbone.png to ./img/origin
2025-04-18T16:23:18.410025+0800 | INFO | move /Users/10254072/si-im/si_rtc_call/component/videocall/src/main/res/drawable-xxhdpi/ic_effect_gril.png to ./img/origin
2025-04-18T16:23:18.410313+0800 | INFO | move /Users/10254072/si-im/si_rtc_call/component/videocall/src/main/res/drawable-xxhdpi/ic_warning.png to ./img/origin
2025-04-18T16:23:18.410571+0800 | INFO | move /Users/10254072/si-im/si_rtc_call/component/videocall/src/main/res/drawable-xxhdpi/ic_hangup.png to ./img/origin
2025-04-18T16:23:18.410809+0800 | INFO | move /Users/10254072/si-im/si_rtc_call/component/videocall/src/main/res/drawable-xxhdpi/ic_video_effect.png to ./img/origin
2025-04-18T16:23:18.411300+0800 | INFO | move /Users/10254072/si-im/si_rtc_call/component/videocall/src/main/res/drawable-xxhdpi/bg_effect_dialog.png to ./img/origin
2025-04-18T16:23:18.411551+0800 | INFO | move /Users/10254072/si-im/si_rtc_call/component/videocall/src/main/res/drawable-xxhdpi/ic_microphone_on.png to ./img/origin
2025-04-18T16:23:18.411805+0800 | INFO | move /Users/10254072/si-im/si_rtc_call/component/videocall/src/main/res/drawable-xxhdpi/ic_ringing_tune.png to ./img/origin
2025-04-18T16:23:18.412060+0800 | INFO | move /Users/10254072/si-im/si_rtc_call/component/videocall/src/main/res/drawable-xxhdpi/ic_effect_filter_portrait.png to ./img/origin
2025-04-18T16:23:18.412499+0800 | INFO | move /Users/10254072/si-im/si_rtc_call/component/videocall/src/main/res/drawable-xxhdpi/bg_calling_animation.png to ./img/origin
2025-04-18T16:23:18.412741+0800 | INFO | move /Users/10254072/si-im/si_rtc_call/component/videocall/src/main/res/drawable-xxhdpi/bg_round.png to ./img/origin
2025-04-18T16:23:18.412969+0800 | INFO | move /Users/10254072/si-im/si_rtc_call/component/videocall/src/main/res/drawable-xxhdpi/ic_camera_on.png to ./img/origin
2025-04-18T16:23:18.413201+0800 | INFO | move /Users/10254072/si-im/si_rtc_call/component/videocall/src/main/res/drawable-xxhdpi/ic_effect_clear.png to ./img/origin
2025-04-18T16:23:18.413662+0800 | INFO | move /Users/10254072/si-im/si_rtc_call/component/videocall/src/main/res/drawable-xxhdpi/ic_effect_filter_cold_white.png to ./img/origin
2025-04-18T16:23:18.414055+0800 | INFO | move /Users/10254072/si-im/si_rtc_call/component/videocall/src/main/res/drawable-xxhdpi/ic_effect_filter_hokkaido.png to ./img/origin
2025-04-18T16:23:18.417520+0800 | INFO | move /Users/10254072/si-im/si_rtc_call/component/LoginKit/src/main/res/drawable-xxxhdpi/login_update.png to ./img/origin
2025-04-18T16:23:18.417931+0800 | INFO | move /Users/10254072/si-im/si_rtc_call/component/LoginKit/src/main/res/drawable-xxxhdpi/login_background_image.webp to ./img/origin
2025-04-18T16:23:18.418346+0800 | INFO | move /Users/10254072/si-im/si_rtc_call/component/LoginKit/src/main/res/drawable-xxxhdpi/ic_circle_checked.png to ./img/origin
2025-04-18T16:23:18.418598+0800 | INFO | move /Users/10254072/si-im/si_rtc_call/component/LoginKit/src/main/res/drawable-xxxhdpi/close_red.png to ./img/origin
2025-04-18T16:23:18.418830+0800 | INFO | move /Users/10254072/si-im/si_rtc_call/component/LoginKit/src/main/res/drawable-xxxhdpi/ic_circle_unchecked.png to ./img/origin
2025-04-18T16:23:18.419050+0800 | INFO | move /Users/10254072/si-im/si_rtc_call/component/LoginKit/src/main/res/drawable-xxxhdpi/edit_name_clear_icon.png to ./img/origin
2025-04-18T16:23:18.422198+0800 | INFO | move /Users/10254072/si-im/si_rtc_call/component/ToolKit/src/main/res/drawable-xxhdpi/common_refresh.png to ./img/origin
2025-04-18T16:23:18.422475+0800 | INFO | move /Users/10254072/si-im/si_rtc_call/component/ToolKit/src/main/res/drawable-xxhdpi/close_red.png to ./img/origin
2025-04-18T16:23:18.422749+0800 | INFO | move /Users/10254072/si-im/si_rtc_call/component/ToolKit/src/main/res/drawable-xxhdpi/common_right_arrow.png to ./img/origin
2025-04-18T16:23:18.423028+0800 | INFO | move /Users/10254072/si-im/si_rtc_call/component/ToolKit/src/main/res/drawable-xxhdpi/common_back_arrow.png to ./img/origin
2025-04-18T16:23:18.426923+0800 | INFO | move /Users/10254072/si-im/si_rtc_call/src/withRtc/res/drawable-xxhdpi/main_page_selected.png to ./img/origin
2025-04-18T16:23:18.427532+0800 | INFO | move /Users/10254072/si-im/si_rtc_call/src/withRtc/res/drawable-xxhdpi/app_icon.png to ./img/origin
2025-04-18T16:23:18.427932+0800 | INFO | move /Users/10254072/si-im/si_rtc_call/src/withRtc/res/drawable-xxhdpi/verify_update.png to ./img/origin
2025-04-18T16:23:18.428310+0800 | INFO | move /Users/10254072/si-im/si_rtc_call/src/withRtc/res/drawable-xxhdpi/profile_unselected.png to ./img/origin
2025-04-18T16:23:18.428592+0800 | INFO | move /Users/10254072/si-im/si_rtc_call/src/withRtc/res/drawable-xxhdpi/main_page_unselected.png to ./img/origin
2025-04-18T16:23:18.428985+0800 | INFO | move /Users/10254072/si-im/si_rtc_call/src/withRtc/res/drawable-xxhdpi/byteplus_logo.png to ./img/origin
2025-04-18T16:23:18.429271+0800 | INFO | move /Users/10254072/si-im/si_rtc_call/src/withRtc/res/drawable-xxhdpi/profile_selected.png to ./img/origin
2025-04-18T16:23:18.429864+0800 | INFO | move /Users/10254072/si-im/si_rtc_call/src/withRtc/res/drawable-xxhdpi/app_logo.png to ./img/origin
2025-04-18T16:23:18.435987+0800 | INFO | move /Users/10254072/si-im/si_common/src/main/res/drawable/icon_check_green_12px.xml to ./img/origin
2025-04-18T16:23:18.436793+0800 | INFO | move /Users/10254072/si-im/si_common/src/main/res/drawable/icon_fastmeeting_fill_34px.xml to ./img/origin
2025-04-18T16:23:18.437336+0800 | INFO | move /Users/10254072/si-im/si_common/src/main/res/drawable/icon_nav_minimize.xml to ./img/origin
2025-04-18T16:23:18.437882+0800 | INFO | move /Users/10254072/si-im/si_common/src/main/res/drawable/icon_check_black_16px.xml to ./img/origin
2025-04-18T16:23:18.438407+0800 | INFO | move /Users/10254072/si-im/si_common/src/main/res/drawable/icon_video_off_32px.xml to ./img/origin
2025-04-18T16:23:18.438890+0800 | INFO | move /Users/10254072/si-im/si_common/src/main/res/drawable/icon_wechat_16px.xml to ./img/origin
2025-04-18T16:23:18.439263+0800 | INFO | move /Users/10254072/si-im/si_common/src/main/res/drawable/icon_transparent.xml to ./img/origin
2025-04-18T16:23:18.439642+0800 | INFO | move /Users/10254072/si-im/si_common/src/main/res/drawable/icon_voicecall_cancel_18px.xml to ./img/origin
2025-04-18T16:23:18.440036+0800 | INFO | move /Users/10254072/si-im/si_common/src/main/res/drawable/album_ic_back.xml to ./img/origin
2025-04-18T16:23:18.440394+0800 | INFO | move /Users/10254072/si-im/si_common/src/main/res/drawable/album_ic_close.xml to ./img/origin
2025-04-18T16:23:18.440827+0800 | INFO | move /Users/10254072/si-im/si_common/src/main/res/drawable/icon_ppt.xml to ./img/origin
2025-04-18T16:23:18.441194+0800 | INFO | move /Users/10254072/si-im/si_common/src/main/res/drawable/icon_nonnotification_16px.xml to ./img/origin
2025-04-18T16:23:18.441708+0800 | INFO | move /Users/10254072/si-im/si_common/src/main/res/drawable/icon_copylink_24px.xml to ./img/origin
2025-04-18T16:23:18.442115+0800 | INFO | move /Users/10254072/si-im/si_common/src/main/res/drawable/album_preview_select_p.xml to ./img/origin
2025-04-18T16:23:18.442554+0800 | INFO | move /Users/10254072/si-im/si_common/src/main/res/drawable/icon_check_in_96px.xml to ./img/origin
2025-04-18T16:23:18.443408+0800 | INFO | move /Users/10254072/si-im/si_common/src/main/res/drawable/album_pause.xml to ./img/origin
2025-04-18T16:23:18.443808+0800 | INFO | move /Users/10254072/si-im/si_common/src/main/res/drawable/sui_icon_setting_line_30px.xml to ./img/origin
2025-04-18T16:23:18.444271+0800 | INFO | move /Users/10254072/si-im/si_common/src/main/res/drawable/icon_regular_28px.xml to ./img/origin
2025-04-18T16:23:18.445141+0800 | INFO | move /Users/10254072/si-im/si_common/src/main/res/drawable/icon_share_24px.xml to ./img/origin
2025-04-18T16:23:18.445506+0800 | INFO | move /Users/10254072/si-im/si_common/src/main/res/drawable/icon_video_white_32px.xml to ./img/origin
2025-04-18T16:23:18.445888+0800 | INFO | move /Users/10254072/si-im/si_common/src/main/res/drawable/icon_top_alert.xml to ./img/origin
2025-04-18T16:23:18.446237+0800 | INFO | move /Users/10254072/si-im/si_common/src/main/res/drawable/icon_nav_add_pressed_24px.xml to ./img/origin
2025-04-18T16:23:18.446654+0800 | INFO | move /Users/10254072/si-im/si_common/src/main/res/drawable/icon_time_72.xml to ./img/origin
2025-04-18T16:23:18.447077+0800 | INFO | move /Users/10254072/si-im/si_common/src/main/res/drawable/icon_deleteclose_20px.xml to ./img/origin
2025-04-18T16:23:18.447651+0800 | INFO | move /Users/10254072/si-im/si_common/src/main/res/drawable/agenda_to.xml to ./img/origin
2025-04-18T16:23:18.448000+0800 | INFO | move /Users/10254072/si-im/si_common/src/main/res/drawable/icon_shein_doc_small.xml to ./img/origin
2025-04-18T16:23:18.448419+0800 | INFO | move /Users/10254072/si-im/si_common/src/main/res/drawable/icon_mic_closed.xml to ./img/origin
2025-04-18T16:23:18.448831+0800 | INFO | move /Users/10254072/si-im/si_common/src/main/res/drawable/icon_meetingroom_16px.xml to ./img/origin
2025-04-18T16:23:18.449157+0800 | INFO | move /Users/10254072/si-im/si_common/src/main/res/drawable/add_person_call.xml to ./img/origin
2025-04-18T16:23:18.449763+0800 | INFO | move /Users/10254072/si-im/si_common/src/main/res/drawable/icon_copy_16px.xml to ./img/origin
2025-04-18T16:23:18.450475+0800 | INFO | move /Users/10254072/si-im/si_common/src/main/res/drawable/chat_permission_icon_camera.png to ./img/origin
2025-04-18T16:23:18.450863+0800 | INFO | move /Users/10254072/si-im/si_common/src/main/res/drawable/icon_pending_fill_12px.xml to ./img/origin
2025-04-18T16:23:18.451554+0800 | INFO | move /Users/10254072/si-im/si_common/src/main/res/drawable/icon_downtrangle.xml to ./img/origin
2025-04-18T16:23:18.452081+0800 | INFO | move /Users/10254072/si-im/si_common/src/main/res/drawable/album_ic_camera.xml to ./img/origin
2025-04-18T16:23:18.452391+0800 | INFO | move /Users/10254072/si-im/si_common/src/main/res/drawable/icon_success_filled_68px.xml to ./img/origin
2025-04-18T16:23:18.452752+0800 | INFO | move /Users/10254072/si-im/si_common/src/main/res/drawable/icon_audio.xml to ./img/origin
2025-04-18T16:23:18.453228+0800 | INFO | move /Users/10254072/si-im/si_common/src/main/res/drawable/icon_calendar_fill_32px.xml to ./img/origin
2025-04-18T16:23:18.453870+0800 | INFO | move /Users/10254072/si-im/si_common/src/main/res/drawable/icon_search_16px.xml to ./img/origin
2025-04-18T16:23:18.454337+0800 | INFO | move /Users/10254072/si-im/si_common/src/main/res/drawable/icon_warn_18.xml to ./img/origin
2025-04-18T16:23:18.454857+0800 | INFO | move /Users/10254072/si-im/si_common/src/main/res/drawable/sui_icon_setting_fill_30px.xml to ./img/origin
2025-04-18T16:23:18.455181+0800 | INFO | move /Users/10254072/si-im/si_common/src/main/res/drawable/icon_mic_open.xml to ./img/origin
2025-04-18T16:23:18.455564+0800 | INFO | move /Users/10254072/si-im/si_common/src/main/res/drawable/icon_schedule_line_18px.xml to ./img/origin
2025-04-18T16:23:18.455874+0800 | INFO | move /Users/10254072/si-im/si_common/src/main/res/drawable/album_ic_video.xml to ./img/origin
2025-04-18T16:23:18.456239+0800 | INFO | move /Users/10254072/si-im/si_common/src/main/res/drawable/icon_headset_usb_32px.xml to ./img/origin
2025-04-18T16:23:18.456773+0800 | INFO | move /Users/10254072/si-im/si_common/src/main/res/drawable/icon_repeat_24px.xml to ./img/origin
2025-04-18T16:23:18.457151+0800 | INFO | move /Users/10254072/si-im/si_common/src/main/res/drawable/album_play.xml to ./img/origin
2025-04-18T16:23:18.457790+0800 | INFO | move /Users/10254072/si-im/si_common/src/main/res/drawable/icon_default_avatar.xml to ./img/origin
2025-04-18T16:23:18.458207+0800 | INFO | move /Users/10254072/si-im/si_common/src/main/res/drawable/icon_phone_accept_green_32px.xml to ./img/origin
2025-04-18T16:23:18.458864+0800 | INFO | move /Users/10254072/si-im/si_common/src/main/res/drawable/icon_caution_16px.xml to ./img/origin
2025-04-18T16:23:18.459312+0800 | INFO | move /Users/10254072/si-im/si_common/src/main/res/drawable/icon_reject_fill_12px.xml to ./img/origin
2025-04-18T16:23:18.459655+0800 | INFO | move /Users/10254072/si-im/si_common/src/main/res/drawable/album_ic_gif.xml to ./img/origin
2025-04-18T16:23:18.460079+0800 | INFO | move /Users/10254072/si-im/si_common/src/main/res/drawable/icon_ear_32px.xml to ./img/origin
2025-04-18T16:23:18.460401+0800 | INFO | move /Users/10254072/si-im/si_common/src/main/res/drawable/search.xml to ./img/origin
2025-04-18T16:23:18.460940+0800 | INFO | move /Users/10254072/si-im/si_common/src/main/res/drawable/icon_add_fill_24px.xml to ./img/origin
2025-04-18T16:23:18.461392+0800 | INFO | move /Users/10254072/si-im/si_common/src/main/res/drawable/icon_video_18px.xml to ./img/origin
2025-04-18T16:23:18.461861+0800 | INFO | move /Users/10254072/si-im/si_common/src/main/res/drawable/icon_video_fill_18px.xml to ./img/origin
2025-04-18T16:23:18.462238+0800 | INFO | move /Users/10254072/si-im/si_common/src/main/res/drawable/icon_address_16px.xml to ./img/origin
2025-04-18T16:23:18.462573+0800 | INFO | move /Users/10254072/si-im/si_common/src/main/res/drawable/chat_permission_icon_mic.png to ./img/origin
2025-04-18T16:23:18.462909+0800 | INFO | move /Users/10254072/si-im/si_common/src/main/res/drawable/icon_schedule_24px.xml to ./img/origin
2025-04-18T16:23:18.463352+0800 | INFO | move /Users/10254072/si-im/si_common/src/main/res/drawable/album_ic_dropdown.xml to ./img/origin
2025-04-18T16:23:18.463665+0800 | INFO | move /Users/10254072/si-im/si_common/src/main/res/drawable/icon_nav_add_blue_20px.xml to ./img/origin
2025-04-18T16:23:18.464239+0800 | INFO | move /Users/10254072/si-im/si_common/src/main/res/drawable/icon_nav_menu_24px.xml to ./img/origin
2025-04-18T16:23:18.465068+0800 | INFO | move /Users/10254072/si-im/si_common/src/main/res/drawable/icon_check_in_line_30px.xml to ./img/origin
2025-04-18T16:23:18.465716+0800 | INFO | move /Users/10254072/si-im/si_common/src/main/res/drawable/icon_nav_filter_24px.xml to ./img/origin
2025-04-18T16:23:18.466600+0800 | INFO | move /Users/10254072/si-im/si_common/src/main/res/drawable/icon_caution.xml to ./img/origin
2025-04-18T16:23:18.466936+0800 | INFO | move /Users/10254072/si-im/si_common/src/main/res/drawable/icon_noresult_120px.xml to ./img/origin
2025-04-18T16:23:18.467389+0800 | INFO | move /Users/10254072/si-im/si_common/src/main/res/drawable/icon_abnormal_28px.xml to ./img/origin
2025-04-18T16:23:18.468284+0800 | INFO | move /Users/10254072/si-im/si_common/src/main/res/drawable/icon_voice_fill_18px.xml to ./img/origin
2025-04-18T16:23:18.468821+0800 | INFO | move /Users/10254072/si-im/si_common/src/main/res/drawable/icon_clear_14px.xml to ./img/origin
2025-04-18T16:23:18.469219+0800 | INFO | move /Users/10254072/si-im/si_common/src/main/res/drawable/icon_phone_accept_48px.xml to ./img/origin
2025-04-18T16:23:18.469769+0800 | INFO | move /Users/10254072/si-im/si_common/src/main/res/drawable/icon_nav_close_24px.xml to ./img/origin
2025-04-18T16:23:18.470613+0800 | INFO | move /Users/10254072/si-im/si_common/src/main/res/drawable/icon_arrow_back_24.xml to ./img/origin
2025-04-18T16:23:18.471187+0800 | INFO | move /Users/10254072/si-im/si_common/src/main/res/drawable/icon_arrowright_16px.xml to ./img/origin
2025-04-18T16:23:18.471662+0800 | INFO | move /Users/10254072/si-im/si_common/src/main/res/drawable/icon_statistics_fill_30px.xml to ./img/origin
2025-04-18T16:23:18.472392+0800 | INFO | move /Users/10254072/si-im/si_common/src/main/res/drawable/icon_call_fill_18px.xml to ./img/origin
2025-04-18T16:23:18.472717+0800 | INFO | move /Users/10254072/si-im/si_common/src/main/res/drawable/chat_permission_icon_file.png to ./img/origin
2025-04-18T16:23:18.473127+0800 | INFO | move /Users/10254072/si-im/si_common/src/main/res/drawable/icon_shein_doc.xml to ./img/origin
2025-04-18T16:23:18.473644+0800 | INFO | move /Users/10254072/si-im/si_common/src/main/res/drawable/icon_checkin_circle.xml to ./img/origin
2025-04-18T16:23:18.474351+0800 | INFO | move /Users/10254072/si-im/si_common/src/main/res/drawable/icon_label_setting.xml to ./img/origin
2025-04-18T16:23:18.475035+0800 | INFO | move /Users/10254072/si-im/si_common/src/main/res/drawable/icon_arrow_right_40px.xml to ./img/origin
2025-04-18T16:23:18.475727+0800 | INFO | move /Users/10254072/si-im/si_common/src/main/res/drawable/icon_avatar_calendar_48px.xml to ./img/origin
2025-04-18T16:23:18.476110+0800 | INFO | move /Users/10254072/si-im/si_common/src/main/res/drawable/icon_member_16px.xml to ./img/origin
2025-04-18T16:23:18.476462+0800 | INFO | move /Users/10254072/si-im/si_common/src/main/res/drawable/icon_loudspeaker_32px.xml to ./img/origin
2025-04-18T16:23:18.476840+0800 | INFO | move /Users/10254072/si-im/si_common/src/main/res/drawable/icon_fiipcamera_32px.xml to ./img/origin
2025-04-18T16:23:18.478362+0800 | INFO | move /Users/10254072/si-im/si_common/src/main/res/drawable/icon_time_fill_16px.xml to ./img/origin
2025-04-18T16:23:18.478821+0800 | INFO | move /Users/10254072/si-im/si_common/src/main/res/drawable/icon_check_in_fill_30px.xml to ./img/origin
2025-04-18T16:23:18.479735+0800 | INFO | move /Users/10254072/si-im/si_common/src/main/res/drawable/icon_vacation.xml to ./img/origin
2025-04-18T16:23:18.480052+0800 | INFO | move /Users/10254072/si-im/si_common/src/main/res/drawable/icon_bluetooth_32px.xml to ./img/origin
2025-04-18T16:23:18.480467+0800 | INFO | move /Users/10254072/si-im/si_common/src/main/res/drawable/icon_nav_add_common_24px.xml to ./img/origin
2025-04-18T16:23:18.480968+0800 | INFO | move /Users/10254072/si-im/si_common/src/main/res/drawable/icon_loudspeaker_off_32px.xml to ./img/origin
2025-04-18T16:23:18.481324+0800 | INFO | move /Users/10254072/si-im/si_common/src/main/res/drawable/icon_video_cancel_18px.xml to ./img/origin
2025-04-18T16:23:18.481747+0800 | INFO | move /Users/10254072/si-im/si_common/src/main/res/drawable/icon_history_line_30px.xml to ./img/origin
2025-04-18T16:23:18.482607+0800 | INFO | move /Users/10254072/si-im/si_common/src/main/res/drawable/icon_statistics_line_30px.xml to ./img/origin
2025-04-18T16:23:18.483245+0800 | INFO | move /Users/10254072/si-im/si_common/src/main/res/drawable/album_ic_check.xml to ./img/origin
2025-04-18T16:23:18.483724+0800 | INFO | move /Users/10254072/si-im/si_common/src/main/res/drawable/icon_phone_hangup_32px.xml to ./img/origin
2025-04-18T16:23:18.484653+0800 | INFO | move /Users/10254072/si-im/si_common/src/main/res/drawable-xxhdpi/icon_computer_online.webp to ./img/origin
2025-04-18T16:23:18.485013+0800 | INFO | move /Users/10254072/si-im/si_common/src/main/res/drawable-xxhdpi/icon_schedule_grey_16px.webp to ./img/origin
2025-04-18T16:23:18.485280+0800 | INFO | move /Users/10254072/si-im/si_common/src/main/res/drawable-xxhdpi/icon_video.webp to ./img/origin
2025-04-18T16:23:18.485668+0800 | INFO | move /Users/10254072/si-im/si_common/src/main/res/drawable-xxhdpi/icon_arrow_right_black.webp to ./img/origin
2025-04-18T16:23:18.485981+0800 | INFO | move /Users/10254072/si-im/si_common/src/main/res/drawable-xxhdpi/icon_dmg.webp to ./img/origin
2025-04-18T16:23:18.486304+0800 | INFO | move /Users/10254072/si-im/si_common/src/main/res/drawable-xxhdpi/icon_schedule_location.webp to ./img/origin
2025-04-18T16:23:18.486655+0800 | INFO | move /Users/10254072/si-im/si_common/src/main/res/drawable-xxhdpi/icon_schedule_blue_16px.webp to ./img/origin
2025-04-18T16:23:18.486934+0800 | INFO | move /Users/10254072/si-im/si_common/src/main/res/drawable-xxhdpi/icon_deleteclose_20px.webp to ./img/origin
2025-04-18T16:23:18.487218+0800 | INFO | move /Users/10254072/si-im/si_common/src/main/res/drawable-xxhdpi/icon_computer_offline.webp to ./img/origin
2025-04-18T16:23:18.487694+0800 | INFO | move /Users/10254072/si-im/si_common/src/main/res/drawable-xxhdpi/icon_black_nav_add.webp to ./img/origin
2025-04-18T16:23:18.487980+0800 | INFO | move /Users/10254072/si-im/si_common/src/main/res/drawable-xxhdpi/icon_nosearch.webp to ./img/origin
2025-04-18T16:23:18.488295+0800 | INFO | move /Users/10254072/si-im/si_common/src/main/res/drawable-xxhdpi/icon_ps.webp to ./img/origin
2025-04-18T16:23:18.488575+0800 | INFO | move /Users/10254072/si-im/si_common/src/main/res/drawable-xxhdpi/icon_move.webp to ./img/origin
2025-04-18T16:23:18.488840+0800 | INFO | move /Users/10254072/si-im/si_common/src/main/res/drawable-xxhdpi/icon_pending.webp to ./img/origin
2025-04-18T16:23:18.489114+0800 | INFO | move /Users/10254072/si-im/si_common/src/main/res/drawable-xxhdpi/icon_multi_select.webp to ./img/origin
2025-04-18T16:23:18.489441+0800 | INFO | move /Users/10254072/si-im/si_common/src/main/res/drawable-xxhdpi/icon_schedule_busy_sun.webp to ./img/origin
2025-04-18T16:23:18.489711+0800 | INFO | move /Users/10254072/si-im/si_common/src/main/res/drawable-xxhdpi/icon_calendar_schedule_room.webp to ./img/origin
2025-04-18T16:23:18.489968+0800 | INFO | move /Users/10254072/si-im/si_common/src/main/res/drawable-xxhdpi/icon_month_normal.webp to ./img/origin
2025-04-18T16:23:18.490219+0800 | INFO | move /Users/10254072/si-im/si_common/src/main/res/drawable-xxhdpi/icon_edit_highlight.webp to ./img/origin
2025-04-18T16:23:18.490470+0800 | INFO | move /Users/10254072/si-im/si_common/src/main/res/drawable-xxhdpi/icon_reject.webp to ./img/origin
2025-04-18T16:23:18.490732+0800 | INFO | move /Users/10254072/si-im/si_common/src/main/res/drawable-xxhdpi/icon_select_all_contact.webp to ./img/origin
2025-04-18T16:23:18.491017+0800 | INFO | move /Users/10254072/si-im/si_common/src/main/res/drawable-xxhdpi/icon_blank_person.webp to ./img/origin
2025-04-18T16:23:18.491290+0800 | INFO | move /Users/10254072/si-im/si_common/src/main/res/drawable-xxhdpi/icon_not_agree.webp to ./img/origin
2025-04-18T16:23:18.491550+0800 | INFO | move /Users/10254072/si-im/si_common/src/main/res/drawable-xxhdpi/icon_avatar_calendar_48px.webp to ./img/origin
2025-04-18T16:23:18.491830+0800 | INFO | move /Users/10254072/si-im/si_common/src/main/res/drawable-xxhdpi/icon_calendar_schedule_room_selected.webp to ./img/origin
2025-04-18T16:23:18.492108+0800 | INFO | move /Users/10254072/si-im/si_common/src/main/res/drawable-xxhdpi/icon_edit.webp to ./img/origin
2025-04-18T16:23:18.492386+0800 | INFO | move /Users/10254072/si-im/si_common/src/main/res/drawable-xxhdpi/icon_week_normal.webp to ./img/origin
2025-04-18T16:23:18.492643+0800 | INFO | move /Users/10254072/si-im/si_common/src/main/res/drawable-xxhdpi/icon_video_blue_16px.webp to ./img/origin
2025-04-18T16:23:18.492909+0800 | INFO | move /Users/10254072/si-im/si_common/src/main/res/drawable-xxhdpi/icon_month_clicked.webp to ./img/origin
2025-04-18T16:23:18.493272+0800 | INFO | move /Users/10254072/si-im/si_common/src/main/res/drawable-xxhdpi/icon_arrowleft.webp to ./img/origin
2025-04-18T16:23:18.493518+0800 | INFO | move /Users/10254072/si-im/si_common/src/main/res/drawable-xxhdpi/icon_video_grey_16px.webp to ./img/origin
2025-04-18T16:23:18.493872+0800 | INFO | move /Users/10254072/si-im/si_common/src/main/res/drawable-xxhdpi/icon_addmenmber.webp to ./img/origin
2025-04-18T16:23:18.494129+0800 | INFO | move /Users/10254072/si-im/si_common/src/main/res/drawable-xxhdpi/icon_week_clicked.webp to ./img/origin
2025-04-18T16:23:18.494393+0800 | INFO | move /Users/10254072/si-im/si_common/src/main/res/drawable-xxhdpi/icon_select_single.webp to ./img/origin
2025-04-18T16:23:18.494735+0800 | INFO | move /Users/10254072/si-im/si_common/src/main/res/drawable-xxhdpi/icon_agreed.webp to ./img/origin
2025-04-18T16:23:18.495086+0800 | INFO | move /Users/10254072/si-im/si_common/src/main/res/drawable-xxhdpi/icon_file_key.webp to ./img/origin
2025-04-18T16:23:18.495463+0800 | INFO | move /Users/10254072/si-im/si_common/src/main/res/drawable-xxhdpi/icon_doc.webp to ./img/origin
2025-04-18T16:23:18.495744+0800 | INFO | move /Users/10254072/si-im/si_common/src/main/res/drawable-xxhdpi/icon_multiple_item_mic_on.png to ./img/origin
2025-04-18T16:23:18.496019+0800 | INFO | move /Users/10254072/si-im/si_common/src/main/res/drawable-xxhdpi/icon_not_pending.webp to ./img/origin
2025-04-18T16:23:18.496247+0800 | INFO | move /Users/10254072/si-im/si_common/src/main/res/drawable-xxhdpi/album_bg_selected_n.webp to ./img/origin
2025-04-18T16:23:18.496477+0800 | INFO | move /Users/10254072/si-im/si_common/src/main/res/drawable-xxhdpi/icon_pic.webp to ./img/origin
2025-04-18T16:23:18.496809+0800 | INFO | move /Users/10254072/si-im/si_common/src/main/res/drawable-xxhdpi/icon_arrowright.webp to ./img/origin
2025-04-18T16:23:18.497047+0800 | INFO | move /Users/10254072/si-im/si_common/src/main/res/drawable-xxhdpi/icon_zip.webp to ./img/origin
2025-04-18T16:23:18.497276+0800 | INFO | move /Users/10254072/si-im/si_common/src/main/res/drawable-xxhdpi/icon_pdf.webp to ./img/origin
2025-04-18T16:23:18.497524+0800 | INFO | move /Users/10254072/si-im/si_common/src/main/res/drawable-xxhdpi/icon_calendar_schedule_date.webp to ./img/origin
2025-04-18T16:23:18.497754+0800 | INFO | move /Users/10254072/si-im/si_common/src/main/res/drawable-xxhdpi/icon_clock.webp to ./img/origin
2025-04-18T16:23:18.497990+0800 | INFO | move /Users/10254072/si-im/si_common/src/main/res/drawable-xxhdpi/icon_dayly_timezone_switch.webp to ./img/origin
2025-04-18T16:23:18.498228+0800 | INFO | move /Users/10254072/si-im/si_common/src/main/res/drawable-xxhdpi/icon_excel.webp to ./img/origin
2025-04-18T16:23:18.498462+0800 | INFO | move /Users/10254072/si-im/si_common/src/main/res/drawable-xxhdpi/icon_not_reject.webp to ./img/origin
2025-04-18T16:23:18.498680+0800 | INFO | move /Users/10254072/si-im/si_common/src/main/res/drawable-xxhdpi/icon_dialog_close.webp to ./img/origin
2025-04-18T16:23:18.498924+0800 | INFO | move /Users/10254072/si-im/si_common/src/main/res/drawable-xxhdpi/icon_timezone_radio_selected.webp to ./img/origin
2025-04-18T16:23:18.499183+0800 | INFO | move /Users/10254072/si-im/si_common/src/main/res/drawable-xxhdpi/icon_schedule_busy_moon.webp to ./img/origin
2025-04-18T16:23:18.499468+0800 | INFO | move /Users/10254072/si-im/si_common/src/main/res/drawable-xxhdpi/icon_unselect.webp to ./img/origin
2025-04-18T16:23:18.499923+0800 | INFO | move /Users/10254072/si-im/si_common/src/main/res/drawable-xxhdpi/bg_week_schedule_right_trangle.webp to ./img/origin
2025-04-18T16:23:18.500161+0800 | INFO | move /Users/10254072/si-im/si_common/src/main/res/drawable-xxhdpi/icon_unknow.webp to ./img/origin
2025-04-18T16:23:18.500398+0800 | INFO | move /Users/10254072/si-im/si_common/src/main/res/drawable-xxhdpi/icon_day_normal.webp to ./img/origin
2025-04-18T16:23:18.500629+0800 | INFO | move /Users/10254072/si-im/si_common/src/main/res/drawable-xxhdpi/icon_loading.webp to ./img/origin
2025-04-18T16:23:18.500865+0800 | INFO | move /Users/10254072/si-im/si_common/src/main/res/drawable-xxhdpi/icon_label_add.webp to ./img/origin
2025-04-18T16:23:18.501104+0800 | INFO | move /Users/10254072/si-im/si_common/src/main/res/drawable-xxhdpi/icon_calendar_schedule_date_selected.webp to ./img/origin
2025-04-18T16:23:18.501334+0800 | INFO | move /Users/10254072/si-im/si_common/src/main/res/drawable-xxhdpi/icon_arrow_right.webp to ./img/origin
2025-04-18T16:23:18.501629+0800 | INFO | move /Users/10254072/si-im/si_common/src/main/res/drawable-xxhdpi/icon_apk.webp to ./img/origin
2025-04-18T16:23:18.502135+0800 | INFO | move /Users/10254072/si-im/si_common/src/main/res/drawable-xxhdpi/icon_file_xmind.webp to ./img/origin
2025-04-18T16:23:18.502376+0800 | INFO | move /Users/10254072/si-im/si_common/src/main/res/drawable-xxhdpi/icon_txt.webp to ./img/origin
2025-04-18T16:23:18.502624+0800 | INFO | move /Users/10254072/si-im/si_common/src/main/res/drawable-xxhdpi/icon_black_close.webp to ./img/origin
2025-04-18T16:23:18.503074+0800 | INFO | move /Users/10254072/si-im/si_common/src/main/res/drawable-xxhdpi/icon_update_dialog.png to ./img/origin
2025-04-18T16:23:18.503312+0800 | INFO | move /Users/10254072/si-im/si_common/src/main/res/drawable-xxhdpi/icon_file_ai.webp to ./img/origin
2025-04-18T16:23:18.503834+0800 | INFO | move /Users/10254072/si-im/si_common/src/main/res/drawable-xxhdpi/s_chat_logo.webp to ./img/origin
2025-04-18T16:23:18.504093+0800 | INFO | move /Users/10254072/si-im/si_common/src/main/res/drawable-xxhdpi/icon_day_clicked.webp to ./img/origin
2025-04-18T16:23:18.504337+0800 | INFO | move /Users/10254072/si-im/si_common/src/main/res/drawable-xxhdpi/icon_file_ae.webp to ./img/origin
2025-04-18T16:23:18.504570+0800 | INFO | move /Users/10254072/si-im/si_common/src/main/res/drawable-xxhdpi/icon_timezone_radio_delete.webp to ./img/origin
2025-04-18T16:23:18.504808+0800 | INFO | move /Users/10254072/si-im/si_common/src/main/res/drawable-xxhdpi/icon_remove.webp to ./img/origin
2025-04-18T16:23:18.505055+0800 | INFO | move /Users/10254072/si-im/si_common/src/main/res/drawable-xxhdpi/icon_title_more.webp to ./img/origin
2025-04-18T16:23:18.505354+0800 | INFO | move /Users/10254072/si-im/si_common/src/main/res/drawable-xxhdpi/icon_mark.webp to ./img/origin
2025-04-18T16:23:18.505713+0800 | INFO | move /Users/10254072/si-im/si_common/src/main/res/drawable-xxhdpi/icon_timezone_radio_unselect.webp to ./img/origin
2025-04-18T16:23:18.506026+0800 | INFO | move /Users/10254072/si-im/si_common/src/main/res/drawable-xxhdpi/icon_close.webp to ./img/origin
2025-04-18T16:23:18.506334+0800 | INFO | move /Users/10254072/si-im/si_common/src/main/res/drawable-xxhdpi/icon_checked.webp to ./img/origin
2025-04-18T16:23:18.506637+0800 | INFO | move /Users/10254072/si-im/si_common/src/main/res/drawable-xxhdpi/icon_mic_off_14px.png to ./img/origin
2025-04-18T16:23:18.516114+0800 | INFO | move /Users/10254072/si-im/si_network/src/main/res/drawable/ic_launcher_foreground.xml to ./img/origin
2025-04-18T16:23:18.516659+0800 | INFO | move /Users/10254072/si-im/si_network/src/main/res/drawable/ic_launcher_background.xml to ./img/origin
2025-04-18T16:23:18.535547+0800 | INFO | move /Users/10254072/si-im/si_rtc_meet/src/main/res/drawable/ic_refuse.xml to ./img/origin
2025-04-18T16:23:18.536492+0800 | INFO | move /Users/10254072/si-im/si_rtc_meet/src/main/res/drawable/ic_allow.xml to ./img/origin
2025-04-18T16:23:18.537500+0800 | INFO | move /Users/10254072/si-im/si_rtc_meet/src/main/res/drawable-xxhdpi/icon_back.png to ./img/origin
2025-04-18T16:23:18.537998+0800 | INFO | move /Users/10254072/si-im/si_rtc_meet/src/main/res/drawable-xxhdpi/sample_switch_on.png to ./img/origin
2025-04-18T16:23:18.538535+0800 | INFO | move /Users/10254072/si-im/si_rtc_meet/src/main/res/drawable-xxhdpi/sample_switch_off.png to ./img/origin
2025-04-18T16:23:18.551190+0800 | INFO | move /Users/10254072/si-im/si_calendar/src/main/res/drawable-xxhdpi/icon_meetingroom.png to ./img/origin
2025-04-18T16:23:18.551504+0800 | INFO | move /Users/10254072/si-im/si_calendar/src/main/res/drawable-xxhdpi/icon_sel.png to ./img/origin
2025-04-18T16:23:18.551758+0800 | INFO | move /Users/10254072/si-im/si_calendar/src/main/res/drawable-xxhdpi/icon_empty.png to ./img/origin
2025-04-18T16:23:18.552006+0800 | INFO | move /Users/10254072/si-im/si_calendar/src/main/res/drawable-xxhdpi/icon_device.png to ./img/origin
2025-04-18T16:23:18.552291+0800 | INFO | move /Users/10254072/si-im/si_calendar/src/main/res/drawable-xxhdpi/icon_meeting_capacity.png to ./img/origin
2025-04-18T16:23:18.552630+0800 | INFO | move /Users/10254072/si-im/si_calendar/src/main/res/drawable-xxhdpi/bg_add_pop.png to ./img/origin
2025-04-18T16:23:18.555076+0800 | INFO | move 474 files to ./img/origin
