2025-04-18T16:43:15.061798+0800 | INFO | move /Users/10254072/si-im/app/src/google/res/drawable-xxhdpi/s_chat_logo.webp to ./img/origin
2025-04-18T16:43:15.064120+0800 | INFO | move /Users/10254072/si-im/app/src/main/res/drawable/icon_meeting_gray_no_background.xml to ./img/origin
2025-04-18T16:43:15.064994+0800 | INFO | move /Users/10254072/si-im/app/src/main/res/drawable/default_avatar.png to ./img/origin
2025-04-18T16:43:15.065639+0800 | INFO | move /Users/10254072/si-im/app/src/main/res/drawable/icon_scan_light_off.xml to ./img/origin
2025-04-18T16:43:15.066499+0800 | INFO | move /Users/10254072/si-im/app/src/main/res/drawable/icon_checkin_position.xml to ./img/origin
2025-04-18T16:43:15.066891+0800 | INFO | move /Users/10254072/si-im/app/src/main/res/drawable/contact_my_client.png to ./img/origin
2025-04-18T16:43:15.067812+0800 | INFO | move /Users/10254072/si-im/app/src/main/res/drawable/sui_icon_nav_more_back.xml to ./img/origin
2025-04-18T16:43:15.068664+0800 | INFO | move /Users/10254072/si-im/app/src/main/res/drawable/ic_notice.xml to ./img/origin
2025-04-18T16:43:15.069232+0800 | INFO | move /Users/10254072/si-im/app/src/main/res/drawable/icon_contacts_line_30px.xml to ./img/origin
2025-04-18T16:43:15.069767+0800 | INFO | move /Users/10254072/si-im/app/src/main/res/drawable/icon_wechat_16px.xml to ./img/origin
2025-04-18T16:43:15.070327+0800 | INFO | move /Users/10254072/si-im/app/src/main/res/drawable/icon_insertion_close_32px.xml to ./img/origin
2025-04-18T16:43:15.070951+0800 | INFO | move /Users/10254072/si-im/app/src/main/res/drawable/icon_expend_20px.xml to ./img/origin
2025-04-18T16:43:15.071323+0800 | INFO | move /Users/10254072/si-im/app/src/main/res/drawable/contact_shein.png to ./img/origin
2025-04-18T16:43:15.071845+0800 | INFO | move /Users/10254072/si-im/app/src/main/res/drawable/icon_copylink_24px.xml to ./img/origin
2025-04-18T16:43:15.072233+0800 | INFO | move /Users/10254072/si-im/app/src/main/res/drawable/ic_volume_dialog_length_short.png to ./img/origin
2025-04-18T16:43:15.072847+0800 | INFO | move /Users/10254072/si-im/app/src/main/res/drawable/icon_check_unselected.xml to ./img/origin
2025-04-18T16:43:15.073296+0800 | INFO | move /Users/10254072/si-im/app/src/main/res/drawable/sign_clear.xml to ./img/origin
2025-04-18T16:43:15.074020+0800 | INFO | move /Users/10254072/si-im/app/src/main/res/drawable/search_filter_delete.xml to ./img/origin
2025-04-18T16:43:15.074475+0800 | INFO | move /Users/10254072/si-im/app/src/main/res/drawable/icon_tip.xml to ./img/origin
2025-04-18T16:43:15.074947+0800 | INFO | move /Users/10254072/si-im/app/src/main/res/drawable/icon_email_fill_30px.xml to ./img/origin
2025-04-18T16:43:15.075577+0800 | INFO | move /Users/10254072/si-im/app/src/main/res/drawable/icon_input_32dp.xml to ./img/origin
2025-04-18T16:43:15.076249+0800 | INFO | move /Users/10254072/si-im/app/src/main/res/drawable/contact_other.png to ./img/origin
2025-04-18T16:43:15.076800+0800 | INFO | move /Users/10254072/si-im/app/src/main/res/drawable/icon_meeting_blue_no_background.xml to ./img/origin
2025-04-18T16:43:15.077974+0800 | INFO | move /Users/10254072/si-im/app/src/main/res/drawable/chat_more_action_file.png to ./img/origin
2025-04-18T16:43:15.079150+0800 | INFO | move /Users/10254072/si-im/app/src/main/res/drawable/icon_scan_corner_lt.xml to ./img/origin
2025-04-18T16:43:15.079669+0800 | INFO | move /Users/10254072/si-im/app/src/main/res/drawable/tuiemoji_default_emoji_group_icon.png to ./img/origin
2025-04-18T16:43:15.079972+0800 | INFO | move /Users/10254072/si-im/app/src/main/res/drawable/chat_more_action_dot_selected.png to ./img/origin
2025-04-18T16:43:15.080441+0800 | INFO | move /Users/10254072/si-im/app/src/main/res/drawable/sui_icon_save_filled.png to ./img/origin
2025-04-18T16:43:15.081029+0800 | INFO | move /Users/10254072/si-im/app/src/main/res/drawable/icon_scan_corner_lb.xml to ./img/origin
2025-04-18T16:43:15.082045+0800 | INFO | move /Users/10254072/si-im/app/src/main/res/drawable/icon_message_line_30px.xml to ./img/origin
2025-04-18T16:43:15.082573+0800 | INFO | move /Users/10254072/si-im/app/src/main/res/drawable/icon_download.xml to ./img/origin
2025-04-18T16:43:15.083072+0800 | INFO | move /Users/10254072/si-im/app/src/main/res/drawable/icon_deleteclose_20px.xml to ./img/origin
2025-04-18T16:43:15.083598+0800 | INFO | move /Users/10254072/si-im/app/src/main/res/drawable/chat_more_action_fav.png to ./img/origin
2025-04-18T16:43:15.084529+0800 | INFO | move /Users/10254072/si-im/app/src/main/res/drawable/icon_pinned_sound.xml to ./img/origin
2025-04-18T16:43:15.085150+0800 | INFO | move /Users/10254072/si-im/app/src/main/res/drawable/chat_more_action_shot.png to ./img/origin
2025-04-18T16:43:15.085575+0800 | INFO | move /Users/10254072/si-im/app/src/main/res/drawable/search_pre_month.xml to ./img/origin
2025-04-18T16:43:15.086204+0800 | INFO | move /Users/10254072/si-im/app/src/main/res/drawable/search_time_checked.xml to ./img/origin
2025-04-18T16:43:15.086810+0800 | INFO | move /Users/10254072/si-im/app/src/main/res/drawable/icon_menu_line_30px.xml to ./img/origin
2025-04-18T16:43:15.087395+0800 | INFO | move /Users/10254072/si-im/app/src/main/res/drawable/icon_voicecall_fill_34px.xml to ./img/origin
2025-04-18T16:43:15.087918+0800 | INFO | move /Users/10254072/si-im/app/src/main/res/drawable/me_sign_image.xml to ./img/origin
2025-04-18T16:43:15.088462+0800 | INFO | move /Users/10254072/si-im/app/src/main/res/drawable/icon_translate_done.xml to ./img/origin
2025-04-18T16:43:15.089230+0800 | INFO | move /Users/10254072/si-im/app/src/main/res/drawable/icon_check_selected.xml to ./img/origin
2025-04-18T16:43:15.090067+0800 | INFO | move /Users/10254072/si-im/app/src/main/res/drawable/ic_volume_dialog_cancel.png to ./img/origin
2025-04-18T16:43:15.091609+0800 | INFO | move /Users/10254072/si-im/app/src/main/res/drawable/icon_phonecall_30px.xml to ./img/origin
2025-04-18T16:43:15.092377+0800 | INFO | move /Users/10254072/si-im/app/src/main/res/drawable/icon_position.xml to ./img/origin
2025-04-18T16:43:15.092994+0800 | INFO | move /Users/10254072/si-im/app/src/main/res/drawable/icon_speech_32px.xml to ./img/origin
2025-04-18T16:43:15.093810+0800 | INFO | move /Users/10254072/si-im/app/src/main/res/drawable/icon_scan.xml to ./img/origin
2025-04-18T16:43:15.094669+0800 | INFO | move /Users/10254072/si-im/app/src/main/res/drawable/ic_meeting_search.xml to ./img/origin
2025-04-18T16:43:15.096103+0800 | INFO | move /Users/10254072/si-im/app/src/main/res/drawable/icon_save_32px.xml to ./img/origin
2025-04-18T16:43:15.096800+0800 | INFO | move /Users/10254072/si-im/app/src/main/res/drawable/edit_notify_top.xml to ./img/origin
2025-04-18T16:43:15.097661+0800 | INFO | move /Users/10254072/si-im/app/src/main/res/drawable/icon_contacts_fill_30px.xml to ./img/origin
2025-04-18T16:43:15.098206+0800 | INFO | move /Users/10254072/si-im/app/src/main/res/drawable/icon_arrowdown_fill_8px.xml to ./img/origin
2025-04-18T16:43:15.100637+0800 | INFO | move /Users/10254072/si-im/app/src/main/res/drawable/icon_nav_back.xml to ./img/origin
2025-04-18T16:43:15.101850+0800 | INFO | move /Users/10254072/si-im/app/src/main/res/drawable/icon_pinned_notice.xml to ./img/origin
2025-04-18T16:43:15.102594+0800 | INFO | move /Users/10254072/si-im/app/src/main/res/drawable/icon_rm_pin.xml to ./img/origin
2025-04-18T16:43:15.103260+0800 | INFO | move /Users/10254072/si-im/app/src/main/res/drawable/icon_email_line_30px.xml to ./img/origin
2025-04-18T16:43:15.104043+0800 | INFO | move /Users/10254072/si-im/app/src/main/res/drawable/icon_scan_corner_rt.xml to ./img/origin
2025-04-18T16:43:15.104430+0800 | INFO | move /Users/10254072/si-im/app/src/main/res/drawable/ic_launcher_foreground.xml to ./img/origin
2025-04-18T16:43:15.104775+0800 | INFO | move /Users/10254072/si-im/app/src/main/res/drawable/icon_scan_corner_rb.xml to ./img/origin
2025-04-18T16:43:15.106003+0800 | INFO | move /Users/10254072/si-im/app/src/main/res/drawable/icon_keyboard_32px.xml to ./img/origin
2025-04-18T16:43:15.106443+0800 | INFO | move /Users/10254072/si-im/app/src/main/res/drawable/chat_more_action_quick_meeting.xml to ./img/origin
2025-04-18T16:43:15.106867+0800 | INFO | move /Users/10254072/si-im/app/src/main/res/drawable/icon_menu.xml to ./img/origin
2025-04-18T16:43:15.107243+0800 | INFO | move /Users/10254072/si-im/app/src/main/res/drawable/icon_meeting_overview_booking_meeting.xml to ./img/origin
2025-04-18T16:43:15.107993+0800 | INFO | move /Users/10254072/si-im/app/src/main/res/drawable/icon_translation_24px.xml to ./img/origin
2025-04-18T16:43:15.108369+0800 | INFO | move /Users/10254072/si-im/app/src/main/res/drawable/chat_more_action_location.png to ./img/origin
2025-04-18T16:43:15.109747+0800 | INFO | move /Users/10254072/si-im/app/src/main/res/drawable/album_ic_rtc_meeting_finished.xml to ./img/origin
2025-04-18T16:43:15.110337+0800 | INFO | move /Users/10254072/si-im/app/src/main/res/drawable/icon_checkin_set.xml to ./img/origin
2025-04-18T16:43:15.111260+0800 | INFO | move /Users/10254072/si-im/app/src/main/res/drawable/icon_checkin_summary.xml to ./img/origin
2025-04-18T16:43:15.111858+0800 | INFO | move /Users/10254072/si-im/app/src/main/res/drawable/icon_message_fill_30px.xml to ./img/origin
2025-04-18T16:43:15.112371+0800 | INFO | move /Users/10254072/si-im/app/src/main/res/drawable/load_fail.png to ./img/origin
2025-04-18T16:43:15.112676+0800 | INFO | move /Users/10254072/si-im/app/src/main/res/drawable/chat_more_action_card.png to ./img/origin
2025-04-18T16:43:15.113350+0800 | INFO | move /Users/10254072/si-im/app/src/main/res/drawable/ic_meeting_blue.xml to ./img/origin
2025-04-18T16:43:15.114035+0800 | INFO | move /Users/10254072/si-im/app/src/main/res/drawable/icon_delete_32px.xml to ./img/origin
2025-04-18T16:43:15.114547+0800 | INFO | move /Users/10254072/si-im/app/src/main/res/drawable/icon_menu_fill_30px.xml to ./img/origin
2025-04-18T16:43:15.115000+0800 | INFO | move /Users/10254072/si-im/app/src/main/res/drawable/icon_meeting_overview_join_meeting.xml to ./img/origin
2025-04-18T16:43:15.115666+0800 | INFO | move /Users/10254072/si-im/app/src/main/res/drawable/chat_more_action_schedule.png to ./img/origin
2025-04-18T16:43:15.115907+0800 | INFO | move /Users/10254072/si-im/app/src/main/res/drawable/ic_volume_8.png to ./img/origin
2025-04-18T16:43:15.116304+0800 | INFO | move /Users/10254072/si-im/app/src/main/res/drawable/icon_pin_24px.xml to ./img/origin
2025-04-18T16:43:15.116967+0800 | INFO | move /Users/10254072/si-im/app/src/main/res/drawable/icon_pinned_msg.xml to ./img/origin
2025-04-18T16:43:15.117286+0800 | INFO | move /Users/10254072/si-im/app/src/main/res/drawable/icon_scan_line.xml to ./img/origin
2025-04-18T16:43:15.117672+0800 | INFO | move /Users/10254072/si-im/app/src/main/res/drawable/contact_add.png to ./img/origin
2025-04-18T16:43:15.118077+0800 | INFO | move /Users/10254072/si-im/app/src/main/res/drawable/chat_revoke.xml to ./img/origin
2025-04-18T16:43:15.118341+0800 | INFO | move /Users/10254072/si-im/app/src/main/res/drawable/ic_volume_5.png to ./img/origin
2025-04-18T16:43:15.118579+0800 | INFO | move /Users/10254072/si-im/app/src/main/res/drawable/shein.png to ./img/origin
2025-04-18T16:43:15.118985+0800 | INFO | move /Users/10254072/si-im/app/src/main/res/drawable/chat_voice_msg_playing_1.png to ./img/origin
2025-04-18T16:43:15.119343+0800 | INFO | move /Users/10254072/si-im/app/src/main/res/drawable/icon_meeting_overview_quick_meeting.xml to ./img/origin
2025-04-18T16:43:15.119650+0800 | INFO | move /Users/10254072/si-im/app/src/main/res/drawable/me_right.xml to ./img/origin
2025-04-18T16:43:15.119897+0800 | INFO | move /Users/10254072/si-im/app/src/main/res/drawable/ic_volume_4.png to ./img/origin
2025-04-18T16:43:15.120252+0800 | INFO | move /Users/10254072/si-im/app/src/main/res/drawable/conversation_no_network.png to ./img/origin
2025-04-18T16:43:15.120581+0800 | INFO | move /Users/10254072/si-im/app/src/main/res/drawable/at_all_member.xml to ./img/origin
2025-04-18T16:43:15.121071+0800 | INFO | move /Users/10254072/si-im/app/src/main/res/drawable/icon_check_blue_16px.xml to ./img/origin
2025-04-18T16:43:15.121340+0800 | INFO | move /Users/10254072/si-im/app/src/main/res/drawable/chat_send_fail.png to ./img/origin
2025-04-18T16:43:15.121772+0800 | INFO | move /Users/10254072/si-im/app/src/main/res/drawable/icon_expression_32px.xml to ./img/origin
2025-04-18T16:43:15.122496+0800 | INFO | move /Users/10254072/si-im/app/src/main/res/drawable/ic_message_sending_state.xml to ./img/origin
2025-04-18T16:43:15.122750+0800 | INFO | move /Users/10254072/si-im/app/src/main/res/drawable/chat_sent.png to ./img/origin
2025-04-18T16:43:15.123120+0800 | INFO | move /Users/10254072/si-im/app/src/main/res/drawable/ic_volume_6.png to ./img/origin
2025-04-18T16:43:15.123650+0800 | INFO | move /Users/10254072/si-im/app/src/main/res/drawable/chat_voice_msg_playing_2.png to ./img/origin
2025-04-18T16:43:15.124112+0800 | INFO | move /Users/10254072/si-im/app/src/main/res/drawable/icon_add_32px.xml to ./img/origin
2025-04-18T16:43:15.125063+0800 | INFO | move /Users/10254072/si-im/app/src/main/res/drawable/icon_fail_96px.xml to ./img/origin
2025-04-18T16:43:15.125599+0800 | INFO | move /Users/10254072/si-im/app/src/main/res/drawable/chat_voice_msg_playing_3.png to ./img/origin
2025-04-18T16:43:15.126930+0800 | INFO | move /Users/10254072/si-im/app/src/main/res/drawable/message_send_fail.png to ./img/origin
2025-04-18T16:43:15.127309+0800 | INFO | move /Users/10254072/si-im/app/src/main/res/drawable/at_close.xml to ./img/origin
2025-04-18T16:43:15.127695+0800 | INFO | move /Users/10254072/si-im/app/src/main/res/drawable/search_back.xml to ./img/origin
2025-04-18T16:43:15.127989+0800 | INFO | move /Users/10254072/si-im/app/src/main/res/drawable/ic_volume_7.png to ./img/origin
2025-04-18T16:43:15.128377+0800 | INFO | move /Users/10254072/si-im/app/src/main/res/drawable/chat_down_position_tips.xml to ./img/origin
2025-04-18T16:43:15.128684+0800 | INFO | move /Users/10254072/si-im/app/src/main/res/drawable/default_avatar2.png to ./img/origin
2025-04-18T16:43:15.129089+0800 | INFO | move /Users/10254072/si-im/app/src/main/res/drawable/chat_more_action_meeting.png to ./img/origin
2025-04-18T16:43:15.130072+0800 | INFO | move /Users/10254072/si-im/app/src/main/res/drawable/default_emoji.xml to ./img/origin
2025-04-18T16:43:15.130442+0800 | INFO | move /Users/10254072/si-im/app/src/main/res/drawable/search_next_month.xml to ./img/origin
2025-04-18T16:43:15.131099+0800 | INFO | move /Users/10254072/si-im/app/src/main/res/drawable/ic_volume_3.png to ./img/origin
2025-04-18T16:43:15.131595+0800 | INFO | move /Users/10254072/si-im/app/src/main/res/drawable/ic_meeting_green.xml to ./img/origin
2025-04-18T16:43:15.132078+0800 | INFO | move /Users/10254072/si-im/app/src/main/res/drawable/icon_quick_meeting_24px.xml to ./img/origin
2025-04-18T16:43:15.132779+0800 | INFO | move /Users/10254072/si-im/app/src/main/res/drawable/icon_has_child_menu.xml to ./img/origin
2025-04-18T16:43:15.133348+0800 | INFO | move /Users/10254072/si-im/app/src/main/res/drawable/icon_meeting_blue.xml to ./img/origin
2025-04-18T16:43:15.133961+0800 | INFO | move /Users/10254072/si-im/app/src/main/res/drawable/album_ic_rtc_meeting_in_meeting.xml to ./img/origin
2025-04-18T16:43:15.134303+0800 | INFO | move /Users/10254072/si-im/app/src/main/res/drawable/chat_face_delete_btn_icon.png to ./img/origin
2025-04-18T16:43:15.135860+0800 | INFO | move /Users/10254072/si-im/app/src/main/res/drawable/icon_group_notify.xml to ./img/origin
2025-04-18T16:43:15.136172+0800 | INFO | move /Users/10254072/si-im/app/src/main/res/drawable/ic_volume_2.png to ./img/origin
2025-04-18T16:43:15.136685+0800 | INFO | move /Users/10254072/si-im/app/src/main/res/drawable/icon_right_more.xml to ./img/origin
2025-04-18T16:43:15.137150+0800 | INFO | move /Users/10254072/si-im/app/src/main/res/drawable/icon_map_loading.xml to ./img/origin
2025-04-18T16:43:15.137444+0800 | INFO | move /Users/10254072/si-im/app/src/main/res/drawable/chat_more_action_red_pocket.png to ./img/origin
2025-04-18T16:43:15.137822+0800 | INFO | move /Users/10254072/si-im/app/src/main/res/drawable/chat_position_up_tips.xml to ./img/origin
2025-04-18T16:43:15.138466+0800 | INFO | move /Users/10254072/si-im/app/src/main/res/drawable/chat_play.png to ./img/origin
2025-04-18T16:43:15.139019+0800 | INFO | move /Users/10254072/si-im/app/src/main/res/drawable/at_selector_unchecked.xml to ./img/origin
2025-04-18T16:43:15.139842+0800 | INFO | move /Users/10254072/si-im/app/src/main/res/drawable/search_reset.png to ./img/origin
2025-04-18T16:43:15.140172+0800 | INFO | move /Users/10254072/si-im/app/src/main/res/drawable/ic_volume_1.png to ./img/origin
2025-04-18T16:43:15.140634+0800 | INFO | move /Users/10254072/si-im/app/src/main/res/drawable/icon_tag_24px.xml to ./img/origin
2025-04-18T16:43:15.141250+0800 | INFO | move /Users/10254072/si-im/app/src/main/res/drawable/icon_check_selected_disable.xml to ./img/origin
2025-04-18T16:43:15.141957+0800 | INFO | move /Users/10254072/si-im/app/src/main/res/drawable/icon_announcement_16px.xml to ./img/origin
2025-04-18T16:43:15.142325+0800 | INFO | move /Users/10254072/si-im/app/src/main/res/drawable/icon_meeting_green_no_background.xml to ./img/origin
2025-04-18T16:43:15.142832+0800 | INFO | move /Users/10254072/si-im/app/src/main/res/drawable/edit_notify_top_unselected.xml to ./img/origin
2025-04-18T16:43:15.143314+0800 | INFO | move /Users/10254072/si-im/app/src/main/res/drawable/icon_untranslation_24px.xml to ./img/origin
2025-04-18T16:43:15.143946+0800 | INFO | move /Users/10254072/si-im/app/src/main/res/drawable/search_filter_down_arrow.xml to ./img/origin
2025-04-18T16:43:15.144272+0800 | INFO | move /Users/10254072/si-im/app/src/main/res/drawable/chat_read.png to ./img/origin
2025-04-18T16:43:15.145139+0800 | INFO | move /Users/10254072/si-im/app/src/main/res/drawable/at_selector_checked.xml to ./img/origin
2025-04-18T16:43:15.145821+0800 | INFO | move /Users/10254072/si-im/app/src/main/res/drawable/icon_group_forward_to_chat.xml to ./img/origin
2025-04-18T16:43:15.146678+0800 | INFO | move /Users/10254072/si-im/app/src/main/res/drawable/icon_meeting_gray.xml to ./img/origin
2025-04-18T16:43:15.147236+0800 | INFO | move /Users/10254072/si-im/app/src/main/res/drawable/icon_insertion_32px.xml to ./img/origin
2025-04-18T16:43:15.148107+0800 | INFO | move /Users/10254072/si-im/app/src/main/res/drawable/icon_repost_32px.xml to ./img/origin
2025-04-18T16:43:15.148992+0800 | INFO | move /Users/10254072/si-im/app/src/main/res/drawable/chat_more_action_photo.png to ./img/origin
2025-04-18T16:43:15.149790+0800 | INFO | move /Users/10254072/si-im/app/src/main/res/drawable/icon_position_60px.xml to ./img/origin
2025-04-18T16:43:15.150292+0800 | INFO | move /Users/10254072/si-im/app/src/main/res/drawable/icon_earth_24px.xml to ./img/origin
2025-04-18T16:43:15.150970+0800 | INFO | move /Users/10254072/si-im/app/src/main/res/drawable/icon_unpin_24px.xml to ./img/origin
2025-04-18T16:43:15.151985+0800 | INFO | move /Users/10254072/si-im/app/src/main/res/drawable/icon_nosearch_120px.xml to ./img/origin
2025-04-18T16:43:15.152859+0800 | INFO | move /Users/10254072/si-im/app/src/main/res/drawable/search_no_match.xml to ./img/origin
2025-04-18T16:43:15.153424+0800 | INFO | move /Users/10254072/si-im/app/src/main/res/drawable/chat_more_action_phone.png to ./img/origin
2025-04-18T16:43:15.153876+0800 | INFO | move /Users/10254072/si-im/app/src/main/res/drawable/icon_arrow_up_gray.xml to ./img/origin
2025-04-18T16:43:15.154469+0800 | INFO | move /Users/10254072/si-im/app/src/main/res/drawable/chat_more_action_dot.png to ./img/origin
2025-04-18T16:43:15.154971+0800 | INFO | move /Users/10254072/si-im/app/src/main/res/drawable/chat_more_action_doc.png to ./img/origin
2025-04-18T16:43:15.155849+0800 | INFO | move /Users/10254072/si-im/app/src/main/res/drawable/search_contact_button.xml to ./img/origin
2025-04-18T16:43:15.156197+0800 | INFO | move /Users/10254072/si-im/app/src/main/res/drawable/search_right_arrow.xml to ./img/origin
2025-04-18T16:43:15.156668+0800 | INFO | move /Users/10254072/si-im/app/src/main/res/drawable/rectangle_789.png to ./img/origin
2025-04-18T16:43:15.157011+0800 | INFO | move /Users/10254072/si-im/app/src/main/res/drawable/converstaion_empty.xml to ./img/origin
2025-04-18T16:43:15.157574+0800 | INFO | move /Users/10254072/si-im/app/src/main/res/drawable/ic_meeting_setting.xml to ./img/origin
2025-04-18T16:43:15.157849+0800 | INFO | move /Users/10254072/si-im/app/src/main/res/drawable/ic_volume_dialog_bg.9.png to ./img/origin
2025-04-18T16:43:15.158168+0800 | INFO | move /Users/10254072/si-im/app/src/main/res/drawable/icon_chat_add.xml to ./img/origin
2025-04-18T16:43:15.158998+0800 | INFO | move /Users/10254072/si-im/app/src/main/res/drawable/icon_scan_light_on.xml to ./img/origin
2025-04-18T16:43:15.159549+0800 | INFO | move /Users/10254072/si-im/app/src/main/res/drawable/ic_launcher_background.xml to ./img/origin
2025-04-18T16:43:15.159890+0800 | INFO | move /Users/10254072/si-im/app/src/main/res/drawable/icon_chat_ignore.xml to ./img/origin
2025-04-18T16:43:15.160451+0800 | INFO | move /Users/10254072/si-im/app/src/main/res/drawable/contact_service.png to ./img/origin
2025-04-18T16:43:15.162148+0800 | INFO | move /Users/10254072/si-im/app/src/main/res/drawable-xxhdpi/icon_delete_24px.webp to ./img/origin
2025-04-18T16:43:15.162733+0800 | INFO | move /Users/10254072/si-im/app/src/main/res/drawable-xxhdpi/icon_label_custom.webp to ./img/origin
2025-04-18T16:43:15.163025+0800 | INFO | move /Users/10254072/si-im/app/src/main/res/drawable-xxhdpi/sui_icon_select_img_selected_transparent.webp to ./img/origin
2025-04-18T16:43:15.163446+0800 | INFO | move /Users/10254072/si-im/app/src/main/res/drawable-xxhdpi/icon_multiselect_filled_24px.webp to ./img/origin
2025-04-18T16:43:15.163765+0800 | INFO | move /Users/10254072/si-im/app/src/main/res/drawable-xxhdpi/icon_link_24px.webp to ./img/origin
2025-04-18T16:43:15.164154+0800 | INFO | move /Users/10254072/si-im/app/src/main/res/drawable-xxhdpi/icon_chat.webp to ./img/origin
2025-04-18T16:43:15.164457+0800 | INFO | move /Users/10254072/si-im/app/src/main/res/drawable-xxhdpi/icon_group_chat.webp to ./img/origin
2025-04-18T16:43:15.164753+0800 | INFO | move /Users/10254072/si-im/app/src/main/res/drawable-xxhdpi/icon_online_doc.webp to ./img/origin
2025-04-18T16:43:15.165089+0800 | INFO | move /Users/10254072/si-im/app/src/main/res/drawable-xxhdpi/icon_config.webp to ./img/origin
2025-04-18T16:43:15.165380+0800 | INFO | move /Users/10254072/si-im/app/src/main/res/drawable-xxhdpi/icon_contact_search_empty.webp to ./img/origin
2025-04-18T16:43:15.165872+0800 | INFO | move /Users/10254072/si-im/app/src/main/res/drawable-xxhdpi/icon_item_refresh.webp to ./img/origin
2025-04-18T16:43:15.166270+0800 | INFO | move /Users/10254072/si-im/app/src/main/res/drawable-xxhdpi/icon_item_copy.webp to ./img/origin
2025-04-18T16:43:15.166561+0800 | INFO | move /Users/10254072/si-im/app/src/main/res/drawable-xxhdpi/login_password_hide.webp to ./img/origin
2025-04-18T16:43:15.167042+0800 | INFO | move /Users/10254072/si-im/app/src/main/res/drawable-xxhdpi/ic_setting.png to ./img/origin
2025-04-18T16:43:15.167337+0800 | INFO | move /Users/10254072/si-im/app/src/main/res/drawable-xxhdpi/icon_meeting.webp to ./img/origin
2025-04-18T16:43:15.168082+0800 | INFO | move /Users/10254072/si-im/app/src/main/res/drawable-xxhdpi/login_bg.webp to ./img/origin
2025-04-18T16:43:15.168375+0800 | INFO | move /Users/10254072/si-im/app/src/main/res/drawable-xxhdpi/icon_label_me.webp to ./img/origin
2025-04-18T16:43:15.168899+0800 | INFO | move /Users/10254072/si-im/app/src/main/res/drawable-xxhdpi/icon_album.png to ./img/origin
2025-04-18T16:43:15.169170+0800 | INFO | move /Users/10254072/si-im/app/src/main/res/drawable-xxhdpi/icon_label_single.webp to ./img/origin
2025-04-18T16:43:15.169454+0800 | INFO | move /Users/10254072/si-im/app/src/main/res/drawable-xxhdpi/icon_file.webp to ./img/origin
2025-04-18T16:43:15.169727+0800 | INFO | move /Users/10254072/si-im/app/src/main/res/drawable-xxhdpi/icon_quote_24px.webp to ./img/origin
2025-04-18T16:43:15.169999+0800 | INFO | move /Users/10254072/si-im/app/src/main/res/drawable-xxhdpi/icon_defaultheadpic_48px.webp to ./img/origin
2025-04-18T16:43:15.170368+0800 | INFO | move /Users/10254072/si-im/app/src/main/res/drawable-xxhdpi/icon_label_edit.webp to ./img/origin
2025-04-18T16:43:15.170634+0800 | INFO | move /Users/10254072/si-im/app/src/main/res/drawable-xxhdpi/icon_defaultheadpic_group_48px.webp to ./img/origin
2025-04-18T16:43:15.171101+0800 | INFO | move /Users/10254072/si-im/app/src/main/res/drawable-xxhdpi/icon_qrcode.png to ./img/origin
2025-04-18T16:43:15.171376+0800 | INFO | move /Users/10254072/si-im/app/src/main/res/drawable-xxhdpi/icon_item_browser.webp to ./img/origin
2025-04-18T16:43:15.171650+0800 | INFO | move /Users/10254072/si-im/app/src/main/res/drawable-xxhdpi/icon_qr_code.webp to ./img/origin
2025-04-18T16:43:15.171922+0800 | INFO | move /Users/10254072/si-im/app/src/main/res/drawable-xxhdpi/icon_add.webp to ./img/origin
2025-04-18T16:43:15.172338+0800 | INFO | move /Users/10254072/si-im/app/src/main/res/drawable-xxhdpi/ic_arrow.png to ./img/origin
2025-04-18T16:43:15.172597+0800 | INFO | move /Users/10254072/si-im/app/src/main/res/drawable-xxhdpi/icon_select.webp to ./img/origin
2025-04-18T16:43:15.173048+0800 | INFO | move /Users/10254072/si-im/app/src/main/res/drawable-xxhdpi/sui_icon_select_m_transparent.webp to ./img/origin
2025-04-18T16:43:15.173475+0800 | INFO | move /Users/10254072/si-im/app/src/main/res/drawable-xxhdpi/icon_copy_24px.webp to ./img/origin
2025-04-18T16:43:15.173733+0800 | INFO | move /Users/10254072/si-im/app/src/main/res/drawable-xxhdpi/icon_label_unread.webp to ./img/origin
2025-04-18T16:43:15.174103+0800 | INFO | move /Users/10254072/si-im/app/src/main/res/drawable-xxhdpi/icon_repo_24px.webp to ./img/origin
2025-04-18T16:43:15.174560+0800 | INFO | move /Users/10254072/si-im/app/src/main/res/drawable-xxhdpi/ic_big_img_download.png to ./img/origin
2025-04-18T16:43:15.174855+0800 | INFO | move /Users/10254072/si-im/app/src/main/res/drawable-xxhdpi/icon_item_forward.webp to ./img/origin
2025-04-18T16:43:15.175081+0800 | INFO | move /Users/10254072/si-im/app/src/main/res/drawable-xxhdpi/icon_label_group.webp to ./img/origin
2025-04-18T16:43:15.175312+0800 | INFO | move /Users/10254072/si-im/app/src/main/res/drawable-xxhdpi/login_password_show.webp to ./img/origin
2025-04-18T16:43:15.175562+0800 | INFO | move /Users/10254072/si-im/app/src/main/res/drawable-xxhdpi/icon_pics_24px.webp to ./img/origin
2025-04-18T16:43:15.175825+0800 | INFO | move /Users/10254072/si-im/app/src/main/res/drawable-xxhdpi/icon_notification_remind.png to ./img/origin
2025-04-18T16:43:15.176052+0800 | INFO | move /Users/10254072/si-im/app/src/main/res/drawable-xxhdpi/icon_file_24px.webp to ./img/origin
2025-04-18T16:43:15.176508+0800 | INFO | move /Users/10254072/si-im/app/src/main/res/drawable-xxhdpi/ic_collection.png to ./img/origin
2025-04-18T16:43:15.176974+0800 | INFO | move /Users/10254072/si-im/app/src/main/res/drawable-xxhdpi/icon_collect_empty.png to ./img/origin
2025-04-18T16:43:15.177372+0800 | INFO | move /Users/10254072/si-im/app/src/main/res/drawable-xxhdpi/icon_right_arrow_small.png to ./img/origin
2025-04-18T16:43:15.177674+0800 | INFO | move /Users/10254072/si-im/app/src/main/res/drawable-xxhdpi/chat_back_white.png to ./img/origin
2025-04-18T16:43:15.177993+0800 | INFO | move /Users/10254072/si-im/app/src/main/res/drawable-xxhdpi/icon_save_24px.png to ./img/origin
2025-04-18T16:43:15.178306+0800 | INFO | move /Users/10254072/si-im/app/src/main/res/drawable-xxhdpi/icon_arrow_down.png to ./img/origin
2025-04-18T16:43:15.178626+0800 | INFO | move /Users/10254072/si-im/app/src/main/res/drawable-xxhdpi/icon_label_mark.webp to ./img/origin
2025-04-18T16:43:15.178915+0800 | INFO | move /Users/10254072/si-im/app/src/main/res/drawable-xxhdpi/core_close_icon.png to ./img/origin
2025-04-18T16:43:15.179207+0800 | INFO | move /Users/10254072/si-im/app/src/main/res/drawable-xxhdpi/icon_email_line_black.webp to ./img/origin
2025-04-18T16:43:15.196748+0800 | INFO | move /Users/10254072/si-im/si_rtc_call/component/videocall/src/main/res/drawable/icon_voice_calling_blue_24px.xml to ./img/origin
2025-04-18T16:43:15.198016+0800 | INFO | move /Users/10254072/si-im/si_rtc_call/component/videocall/src/main/res/drawable-xxhdpi/ic_effect_filter_sparkling_water.png to ./img/origin
2025-04-18T16:43:15.198372+0800 | INFO | move /Users/10254072/si-im/si_rtc_call/component/videocall/src/main/res/drawable-xxhdpi/ic_effect_sharp.png to ./img/origin
2025-04-18T16:43:15.198802+0800 | INFO | move /Users/10254072/si-im/si_rtc_call/component/videocall/src/main/res/drawable-xxhdpi/ic_audio_route_speaker.png to ./img/origin
2025-04-18T16:43:15.199302+0800 | INFO | move /Users/10254072/si-im/si_rtc_call/component/videocall/src/main/res/drawable-xxhdpi/ic_effect_filter_bright.png to ./img/origin
2025-04-18T16:43:15.199557+0800 | INFO | move /Users/10254072/si-im/si_rtc_call/component/videocall/src/main/res/drawable-xxhdpi/effect_seekbar_thumb.png to ./img/origin
2025-04-18T16:43:15.199806+0800 | INFO | move /Users/10254072/si-im/si_rtc_call/component/videocall/src/main/res/drawable-xxhdpi/ic_camera_off_red.png to ./img/origin
2025-04-18T16:43:15.200051+0800 | INFO | move /Users/10254072/si-im/si_rtc_call/component/videocall/src/main/res/drawable-xxhdpi/ic_video_call.png to ./img/origin
2025-04-18T16:43:15.200474+0800 | INFO | move /Users/10254072/si-im/si_rtc_call/component/videocall/src/main/res/drawable-xxhdpi/scene_video_call.png to ./img/origin
2025-04-18T16:43:15.200759+0800 | INFO | move /Users/10254072/si-im/si_rtc_call/component/videocall/src/main/res/drawable-xxhdpi/ic_effect_boy.png to ./img/origin
2025-04-18T16:43:15.201009+0800 | INFO | move /Users/10254072/si-im/si_rtc_call/component/videocall/src/main/res/drawable-xxhdpi/ic_effect_nose.png to ./img/origin
2025-04-18T16:43:15.201263+0800 | INFO | move /Users/10254072/si-im/si_rtc_call/component/videocall/src/main/res/drawable-xxhdpi/ic_close.png to ./img/origin
2025-04-18T16:43:15.201525+0800 | INFO | move /Users/10254072/si-im/si_rtc_call/component/videocall/src/main/res/drawable-xxhdpi/ic_effect_filter_vintage.png to ./img/origin
2025-04-18T16:43:15.201761+0800 | INFO | move /Users/10254072/si-im/si_rtc_call/component/videocall/src/main/res/drawable-xxhdpi/effect_selected_rec_bg.png to ./img/origin
2025-04-18T16:43:15.201992+0800 | INFO | move /Users/10254072/si-im/si_rtc_call/component/videocall/src/main/res/drawable-xxhdpi/ic_voice_call.png to ./img/origin
2025-04-18T16:43:15.202220+0800 | INFO | move /Users/10254072/si-im/si_rtc_call/component/videocall/src/main/res/drawable-xxhdpi/ic_camera_off_white.png to ./img/origin
2025-04-18T16:43:15.202468+0800 | INFO | move /Users/10254072/si-im/si_rtc_call/component/videocall/src/main/res/drawable-xxhdpi/ic_effect_whiten.png to ./img/origin
2025-04-18T16:43:15.202713+0800 | INFO | move /Users/10254072/si-im/si_rtc_call/component/videocall/src/main/res/drawable-xxhdpi/ic_microphone_off.png to ./img/origin
2025-04-18T16:43:15.202970+0800 | INFO | move /Users/10254072/si-im/si_rtc_call/component/videocall/src/main/res/drawable-xxhdpi/ic_camera_switch.png to ./img/origin
2025-04-18T16:43:15.203445+0800 | INFO | move /Users/10254072/si-im/si_rtc_call/component/videocall/src/main/res/drawable-xxhdpi/ic_effect_filter_milk_tea.png to ./img/origin
2025-04-18T16:43:15.203821+0800 | INFO | move /Users/10254072/si-im/si_rtc_call/component/videocall/src/main/res/drawable-xxhdpi/ic_effect_filter_dracula.png to ./img/origin
2025-04-18T16:43:15.204220+0800 | INFO | move /Users/10254072/si-im/si_rtc_call/component/videocall/src/main/res/drawable-xxhdpi/ic_effect_filter_nature.png to ./img/origin
2025-04-18T16:43:15.204470+0800 | INFO | move /Users/10254072/si-im/si_rtc_call/component/videocall/src/main/res/drawable-xxhdpi/ic_audio_route_earpiece.png to ./img/origin
2025-04-18T16:43:15.204708+0800 | INFO | move /Users/10254072/si-im/si_rtc_call/component/videocall/src/main/res/drawable-xxhdpi/ic_effect_filter_landscape.png to ./img/origin
2025-04-18T16:43:15.204936+0800 | INFO | move /Users/10254072/si-im/si_rtc_call/component/videocall/src/main/res/drawable-xxhdpi/ic_back_arrow.png to ./img/origin
2025-04-18T16:43:15.205181+0800 | INFO | move /Users/10254072/si-im/si_rtc_call/component/videocall/src/main/res/drawable-xxhdpi/ic_effect_smooth.png to ./img/origin
2025-04-18T16:43:15.205598+0800 | INFO | move /Users/10254072/si-im/si_rtc_call/component/videocall/src/main/res/drawable-xxhdpi/empty_view.png to ./img/origin
2025-04-18T16:43:15.205892+0800 | INFO | move /Users/10254072/si-im/si_rtc_call/component/videocall/src/main/res/drawable-xxhdpi/ic_effect_no_select.png to ./img/origin
2025-04-18T16:43:15.206139+0800 | INFO | move /Users/10254072/si-im/si_rtc_call/component/videocall/src/main/res/drawable-xxhdpi/ic_effect_remove_pouch.png to ./img/origin
2025-04-18T16:43:15.206526+0800 | INFO | move /Users/10254072/si-im/si_rtc_call/component/videocall/src/main/res/drawable-xxhdpi/ic_effect_filter_american_film.png to ./img/origin
2025-04-18T16:43:15.206782+0800 | INFO | move /Users/10254072/si-im/si_rtc_call/component/videocall/src/main/res/drawable-xxhdpi/ic_effect_slim_face.png to ./img/origin
2025-04-18T16:43:15.207061+0800 | INFO | move /Users/10254072/si-im/si_rtc_call/component/videocall/src/main/res/drawable-xxhdpi/ic_effect_jawbone.png to ./img/origin
2025-04-18T16:43:15.207299+0800 | INFO | move /Users/10254072/si-im/si_rtc_call/component/videocall/src/main/res/drawable-xxhdpi/bg_calle_name_prefix.webp to ./img/origin
2025-04-18T16:43:15.207666+0800 | INFO | move /Users/10254072/si-im/si_rtc_call/component/videocall/src/main/res/drawable-xxhdpi/ic_effect_filter_green.png to ./img/origin
2025-04-18T16:43:15.207906+0800 | INFO | move /Users/10254072/si-im/si_rtc_call/component/videocall/src/main/res/drawable-xxhdpi/ic_search.png to ./img/origin
2025-04-18T16:43:15.208145+0800 | INFO | move /Users/10254072/si-im/si_rtc_call/component/videocall/src/main/res/drawable-xxhdpi/ic_effect_big_eye.png to ./img/origin
2025-04-18T16:43:15.208384+0800 | INFO | move /Users/10254072/si-im/si_rtc_call/component/videocall/src/main/res/drawable-xxhdpi/ic_enter_pip.png to ./img/origin
2025-04-18T16:43:15.208635+0800 | INFO | move /Users/10254072/si-im/si_rtc_call/component/videocall/src/main/res/drawable-xxhdpi/effect_btn_selected_bg.png to ./img/origin
2025-04-18T16:43:15.208864+0800 | INFO | move /Users/10254072/si-im/si_rtc_call/component/videocall/src/main/res/drawable-xxhdpi/icon_warning.png to ./img/origin
2025-04-18T16:43:15.209111+0800 | INFO | move /Users/10254072/si-im/si_rtc_call/component/videocall/src/main/res/drawable-xxhdpi/ic_effect_smiles_folds.png to ./img/origin
2025-04-18T16:43:15.209513+0800 | INFO | move /Users/10254072/si-im/si_rtc_call/component/videocall/src/main/res/drawable-xxhdpi/ic_effect_filter_bright_orange.png to ./img/origin
2025-04-18T16:43:15.209775+0800 | INFO | move /Users/10254072/si-im/si_rtc_call/component/videocall/src/main/res/drawable-xxhdpi/ic_dial_put_through.png to ./img/origin
2025-04-18T16:43:15.210019+0800 | INFO | move /Users/10254072/si-im/si_rtc_call/component/videocall/src/main/res/drawable-xxhdpi/ic_effect_filter_food.png to ./img/origin
2025-04-18T16:43:15.210278+0800 | INFO | move /Users/10254072/si-im/si_rtc_call/component/videocall/src/main/res/drawable-xxhdpi/ic_effect_nature.png to ./img/origin
2025-04-18T16:43:15.210561+0800 | INFO | move /Users/10254072/si-im/si_rtc_call/component/videocall/src/main/res/drawable-xxhdpi/ic_effect_narrow_face.png to ./img/origin
2025-04-18T16:43:15.210833+0800 | INFO | move /Users/10254072/si-im/si_rtc_call/component/videocall/src/main/res/drawable-xxhdpi/effect_btn_normal_bg.png to ./img/origin
2025-04-18T16:43:15.211097+0800 | INFO | move /Users/10254072/si-im/si_rtc_call/component/videocall/src/main/res/drawable-xxhdpi/ic_effect_cheekbone.png to ./img/origin
2025-04-18T16:43:15.211342+0800 | INFO | move /Users/10254072/si-im/si_rtc_call/component/videocall/src/main/res/drawable-xxhdpi/ic_effect_gril.png to ./img/origin
2025-04-18T16:43:15.211610+0800 | INFO | move /Users/10254072/si-im/si_rtc_call/component/videocall/src/main/res/drawable-xxhdpi/ic_warning.png to ./img/origin
2025-04-18T16:43:15.211868+0800 | INFO | move /Users/10254072/si-im/si_rtc_call/component/videocall/src/main/res/drawable-xxhdpi/ic_hangup.png to ./img/origin
2025-04-18T16:43:15.212133+0800 | INFO | move /Users/10254072/si-im/si_rtc_call/component/videocall/src/main/res/drawable-xxhdpi/ic_video_effect.png to ./img/origin
2025-04-18T16:43:15.212626+0800 | INFO | move /Users/10254072/si-im/si_rtc_call/component/videocall/src/main/res/drawable-xxhdpi/bg_effect_dialog.png to ./img/origin
2025-04-18T16:43:15.212901+0800 | INFO | move /Users/10254072/si-im/si_rtc_call/component/videocall/src/main/res/drawable-xxhdpi/ic_microphone_on.png to ./img/origin
2025-04-18T16:43:15.213180+0800 | INFO | move /Users/10254072/si-im/si_rtc_call/component/videocall/src/main/res/drawable-xxhdpi/ic_ringing_tune.png to ./img/origin
2025-04-18T16:43:15.213481+0800 | INFO | move /Users/10254072/si-im/si_rtc_call/component/videocall/src/main/res/drawable-xxhdpi/ic_effect_filter_portrait.png to ./img/origin
2025-04-18T16:43:15.214102+0800 | INFO | move /Users/10254072/si-im/si_rtc_call/component/videocall/src/main/res/drawable-xxhdpi/bg_calling_animation.png to ./img/origin
2025-04-18T16:43:15.214370+0800 | INFO | move /Users/10254072/si-im/si_rtc_call/component/videocall/src/main/res/drawable-xxhdpi/bg_round.png to ./img/origin
2025-04-18T16:43:15.214624+0800 | INFO | move /Users/10254072/si-im/si_rtc_call/component/videocall/src/main/res/drawable-xxhdpi/ic_camera_on.png to ./img/origin
2025-04-18T16:43:15.214873+0800 | INFO | move /Users/10254072/si-im/si_rtc_call/component/videocall/src/main/res/drawable-xxhdpi/ic_effect_clear.png to ./img/origin
2025-04-18T16:43:15.215214+0800 | INFO | move /Users/10254072/si-im/si_rtc_call/component/videocall/src/main/res/drawable-xxhdpi/ic_effect_filter_cold_white.png to ./img/origin
2025-04-18T16:43:15.215611+0800 | INFO | move /Users/10254072/si-im/si_rtc_call/component/videocall/src/main/res/drawable-xxhdpi/ic_effect_filter_hokkaido.png to ./img/origin
2025-04-18T16:43:15.219461+0800 | INFO | move /Users/10254072/si-im/si_rtc_call/component/LoginKit/src/main/res/drawable-xxxhdpi/login_update.png to ./img/origin
2025-04-18T16:43:15.219865+0800 | INFO | move /Users/10254072/si-im/si_rtc_call/component/LoginKit/src/main/res/drawable-xxxhdpi/login_background_image.webp to ./img/origin
2025-04-18T16:43:15.220231+0800 | INFO | move /Users/10254072/si-im/si_rtc_call/component/LoginKit/src/main/res/drawable-xxxhdpi/ic_circle_checked.png to ./img/origin
2025-04-18T16:43:15.220490+0800 | INFO | move /Users/10254072/si-im/si_rtc_call/component/LoginKit/src/main/res/drawable-xxxhdpi/close_red.png to ./img/origin
2025-04-18T16:43:15.220733+0800 | INFO | move /Users/10254072/si-im/si_rtc_call/component/LoginKit/src/main/res/drawable-xxxhdpi/ic_circle_unchecked.png to ./img/origin
2025-04-18T16:43:15.220987+0800 | INFO | move /Users/10254072/si-im/si_rtc_call/component/LoginKit/src/main/res/drawable-xxxhdpi/edit_name_clear_icon.png to ./img/origin
2025-04-18T16:43:15.224151+0800 | INFO | move /Users/10254072/si-im/si_rtc_call/component/ToolKit/src/main/res/drawable-xxhdpi/common_refresh.png to ./img/origin
2025-04-18T16:43:15.224384+0800 | INFO | move /Users/10254072/si-im/si_rtc_call/component/ToolKit/src/main/res/drawable-xxhdpi/close_red.png to ./img/origin
2025-04-18T16:43:15.224616+0800 | INFO | move /Users/10254072/si-im/si_rtc_call/component/ToolKit/src/main/res/drawable-xxhdpi/common_right_arrow.png to ./img/origin
2025-04-18T16:43:15.224854+0800 | INFO | move /Users/10254072/si-im/si_rtc_call/component/ToolKit/src/main/res/drawable-xxhdpi/common_back_arrow.png to ./img/origin
2025-04-18T16:43:15.228478+0800 | INFO | move /Users/10254072/si-im/si_rtc_call/src/withRtc/res/drawable-xxhdpi/main_page_selected.png to ./img/origin
2025-04-18T16:43:15.229071+0800 | INFO | move /Users/10254072/si-im/si_rtc_call/src/withRtc/res/drawable-xxhdpi/app_icon.png to ./img/origin
2025-04-18T16:43:15.229465+0800 | INFO | move /Users/10254072/si-im/si_rtc_call/src/withRtc/res/drawable-xxhdpi/verify_update.png to ./img/origin
2025-04-18T16:43:15.229848+0800 | INFO | move /Users/10254072/si-im/si_rtc_call/src/withRtc/res/drawable-xxhdpi/profile_unselected.png to ./img/origin
2025-04-18T16:43:15.230103+0800 | INFO | move /Users/10254072/si-im/si_rtc_call/src/withRtc/res/drawable-xxhdpi/main_page_unselected.png to ./img/origin
2025-04-18T16:43:15.230467+0800 | INFO | move /Users/10254072/si-im/si_rtc_call/src/withRtc/res/drawable-xxhdpi/byteplus_logo.png to ./img/origin
2025-04-18T16:43:15.230707+0800 | INFO | move /Users/10254072/si-im/si_rtc_call/src/withRtc/res/drawable-xxhdpi/profile_selected.png to ./img/origin
2025-04-18T16:43:15.231166+0800 | INFO | move /Users/10254072/si-im/si_rtc_call/src/withRtc/res/drawable-xxhdpi/app_logo.png to ./img/origin
2025-04-18T16:43:15.236904+0800 | INFO | move /Users/10254072/si-im/si_common/src/main/res/drawable/icon_check_green_12px.xml to ./img/origin
2025-04-18T16:43:15.237921+0800 | INFO | move /Users/10254072/si-im/si_common/src/main/res/drawable/icon_fastmeeting_fill_34px.xml to ./img/origin
2025-04-18T16:43:15.238460+0800 | INFO | move /Users/10254072/si-im/si_common/src/main/res/drawable/icon_nav_minimize.xml to ./img/origin
2025-04-18T16:43:15.238938+0800 | INFO | move /Users/10254072/si-im/si_common/src/main/res/drawable/icon_check_black_16px.xml to ./img/origin
2025-04-18T16:43:15.239320+0800 | INFO | move /Users/10254072/si-im/si_common/src/main/res/drawable/icon_video_off_32px.xml to ./img/origin
2025-04-18T16:43:15.239837+0800 | INFO | move /Users/10254072/si-im/si_common/src/main/res/drawable/icon_wechat_16px.xml to ./img/origin
2025-04-18T16:43:15.240234+0800 | INFO | move /Users/10254072/si-im/si_common/src/main/res/drawable/icon_transparent.xml to ./img/origin
2025-04-18T16:43:15.240731+0800 | INFO | move /Users/10254072/si-im/si_common/src/main/res/drawable/icon_voicecall_cancel_18px.xml to ./img/origin
2025-04-18T16:43:15.241155+0800 | INFO | move /Users/10254072/si-im/si_common/src/main/res/drawable/album_ic_back.xml to ./img/origin
2025-04-18T16:43:15.241501+0800 | INFO | move /Users/10254072/si-im/si_common/src/main/res/drawable/album_ic_close.xml to ./img/origin
2025-04-18T16:43:15.242118+0800 | INFO | move /Users/10254072/si-im/si_common/src/main/res/drawable/icon_ppt.xml to ./img/origin
2025-04-18T16:43:15.242530+0800 | INFO | move /Users/10254072/si-im/si_common/src/main/res/drawable/icon_nonnotification_16px.xml to ./img/origin
2025-04-18T16:43:15.243055+0800 | INFO | move /Users/10254072/si-im/si_common/src/main/res/drawable/icon_copylink_24px.xml to ./img/origin
2025-04-18T16:43:15.243447+0800 | INFO | move /Users/10254072/si-im/si_common/src/main/res/drawable/album_preview_select_p.xml to ./img/origin
2025-04-18T16:43:15.243866+0800 | INFO | move /Users/10254072/si-im/si_common/src/main/res/drawable/icon_check_in_96px.xml to ./img/origin
2025-04-18T16:43:15.244716+0800 | INFO | move /Users/10254072/si-im/si_common/src/main/res/drawable/album_pause.xml to ./img/origin
2025-04-18T16:43:15.245172+0800 | INFO | move /Users/10254072/si-im/si_common/src/main/res/drawable/sui_icon_setting_line_30px.xml to ./img/origin
2025-04-18T16:43:15.245743+0800 | INFO | move /Users/10254072/si-im/si_common/src/main/res/drawable/icon_regular_28px.xml to ./img/origin
2025-04-18T16:43:15.247093+0800 | INFO | move /Users/10254072/si-im/si_common/src/main/res/drawable/icon_share_24px.xml to ./img/origin
2025-04-18T16:43:15.247421+0800 | INFO | move /Users/10254072/si-im/si_common/src/main/res/drawable/icon_video_white_32px.xml to ./img/origin
2025-04-18T16:43:15.247765+0800 | INFO | move /Users/10254072/si-im/si_common/src/main/res/drawable/icon_top_alert.xml to ./img/origin
2025-04-18T16:43:15.248079+0800 | INFO | move /Users/10254072/si-im/si_common/src/main/res/drawable/icon_nav_add_pressed_24px.xml to ./img/origin
2025-04-18T16:43:15.248541+0800 | INFO | move /Users/10254072/si-im/si_common/src/main/res/drawable/icon_time_72.xml to ./img/origin
2025-04-18T16:43:15.248966+0800 | INFO | move /Users/10254072/si-im/si_common/src/main/res/drawable/icon_deleteclose_20px.xml to ./img/origin
2025-04-18T16:43:15.249703+0800 | INFO | move /Users/10254072/si-im/si_common/src/main/res/drawable/agenda_to.xml to ./img/origin
2025-04-18T16:43:15.250064+0800 | INFO | move /Users/10254072/si-im/si_common/src/main/res/drawable/icon_shein_doc_small.xml to ./img/origin
2025-04-18T16:43:15.250513+0800 | INFO | move /Users/10254072/si-im/si_common/src/main/res/drawable/icon_mic_closed.xml to ./img/origin
2025-04-18T16:43:15.250933+0800 | INFO | move /Users/10254072/si-im/si_common/src/main/res/drawable/icon_meetingroom_16px.xml to ./img/origin
2025-04-18T16:43:15.251283+0800 | INFO | move /Users/10254072/si-im/si_common/src/main/res/drawable/add_person_call.xml to ./img/origin
2025-04-18T16:43:15.251967+0800 | INFO | move /Users/10254072/si-im/si_common/src/main/res/drawable/icon_copy_16px.xml to ./img/origin
2025-04-18T16:43:15.252780+0800 | INFO | move /Users/10254072/si-im/si_common/src/main/res/drawable/chat_permission_icon_camera.png to ./img/origin
2025-04-18T16:43:15.253095+0800 | INFO | move /Users/10254072/si-im/si_common/src/main/res/drawable/icon_pending_fill_12px.xml to ./img/origin
2025-04-18T16:43:15.254042+0800 | INFO | move /Users/10254072/si-im/si_common/src/main/res/drawable/icon_downtrangle.xml to ./img/origin
2025-04-18T16:43:15.254503+0800 | INFO | move /Users/10254072/si-im/si_common/src/main/res/drawable/album_ic_camera.xml to ./img/origin
2025-04-18T16:43:15.254838+0800 | INFO | move /Users/10254072/si-im/si_common/src/main/res/drawable/icon_success_filled_68px.xml to ./img/origin
2025-04-18T16:43:15.255149+0800 | INFO | move /Users/10254072/si-im/si_common/src/main/res/drawable/icon_audio.xml to ./img/origin
2025-04-18T16:43:15.255557+0800 | INFO | move /Users/10254072/si-im/si_common/src/main/res/drawable/icon_calendar_fill_32px.xml to ./img/origin
2025-04-18T16:43:15.256088+0800 | INFO | move /Users/10254072/si-im/si_common/src/main/res/drawable/icon_search_16px.xml to ./img/origin
2025-04-18T16:43:15.256470+0800 | INFO | move /Users/10254072/si-im/si_common/src/main/res/drawable/icon_warn_18.xml to ./img/origin
2025-04-18T16:43:15.256837+0800 | INFO | move /Users/10254072/si-im/si_common/src/main/res/drawable/sui_icon_setting_fill_30px.xml to ./img/origin
2025-04-18T16:43:15.257152+0800 | INFO | move /Users/10254072/si-im/si_common/src/main/res/drawable/icon_mic_open.xml to ./img/origin
2025-04-18T16:43:15.257470+0800 | INFO | move /Users/10254072/si-im/si_common/src/main/res/drawable/icon_schedule_line_18px.xml to ./img/origin
2025-04-18T16:43:15.257771+0800 | INFO | move /Users/10254072/si-im/si_common/src/main/res/drawable/album_ic_video.xml to ./img/origin
2025-04-18T16:43:15.258104+0800 | INFO | move /Users/10254072/si-im/si_common/src/main/res/drawable/icon_headset_usb_32px.xml to ./img/origin
2025-04-18T16:43:15.258593+0800 | INFO | move /Users/10254072/si-im/si_common/src/main/res/drawable/icon_repeat_24px.xml to ./img/origin
2025-04-18T16:43:15.258882+0800 | INFO | move /Users/10254072/si-im/si_common/src/main/res/drawable/album_play.xml to ./img/origin
2025-04-18T16:43:15.259448+0800 | INFO | move /Users/10254072/si-im/si_common/src/main/res/drawable/icon_default_avatar.xml to ./img/origin
2025-04-18T16:43:15.259736+0800 | INFO | move /Users/10254072/si-im/si_common/src/main/res/drawable/icon_phone_accept_green_32px.xml to ./img/origin
2025-04-18T16:43:15.260381+0800 | INFO | move /Users/10254072/si-im/si_common/src/main/res/drawable/icon_caution_16px.xml to ./img/origin
2025-04-18T16:43:15.260769+0800 | INFO | move /Users/10254072/si-im/si_common/src/main/res/drawable/icon_reject_fill_12px.xml to ./img/origin
2025-04-18T16:43:15.261052+0800 | INFO | move /Users/10254072/si-im/si_common/src/main/res/drawable/album_ic_gif.xml to ./img/origin
2025-04-18T16:43:15.261426+0800 | INFO | move /Users/10254072/si-im/si_common/src/main/res/drawable/icon_ear_32px.xml to ./img/origin
2025-04-18T16:43:15.261716+0800 | INFO | move /Users/10254072/si-im/si_common/src/main/res/drawable/search.xml to ./img/origin
2025-04-18T16:43:15.262283+0800 | INFO | move /Users/10254072/si-im/si_common/src/main/res/drawable/icon_add_fill_24px.xml to ./img/origin
2025-04-18T16:43:15.262824+0800 | INFO | move /Users/10254072/si-im/si_common/src/main/res/drawable/icon_video_18px.xml to ./img/origin
2025-04-18T16:43:15.263325+0800 | INFO | move /Users/10254072/si-im/si_common/src/main/res/drawable/icon_video_fill_18px.xml to ./img/origin
2025-04-18T16:43:15.263630+0800 | INFO | move /Users/10254072/si-im/si_common/src/main/res/drawable/icon_address_16px.xml to ./img/origin
2025-04-18T16:43:15.263957+0800 | INFO | move /Users/10254072/si-im/si_common/src/main/res/drawable/chat_permission_icon_mic.png to ./img/origin
2025-04-18T16:43:15.264254+0800 | INFO | move /Users/10254072/si-im/si_common/src/main/res/drawable/icon_schedule_24px.xml to ./img/origin
2025-04-18T16:43:15.264546+0800 | INFO | move /Users/10254072/si-im/si_common/src/main/res/drawable/album_ic_dropdown.xml to ./img/origin
2025-04-18T16:43:15.264830+0800 | INFO | move /Users/10254072/si-im/si_common/src/main/res/drawable/icon_nav_add_blue_20px.xml to ./img/origin
2025-04-18T16:43:15.265282+0800 | INFO | move /Users/10254072/si-im/si_common/src/main/res/drawable/icon_nav_menu_24px.xml to ./img/origin
2025-04-18T16:43:15.265937+0800 | INFO | move /Users/10254072/si-im/si_common/src/main/res/drawable/icon_check_in_line_30px.xml to ./img/origin
2025-04-18T16:43:15.266434+0800 | INFO | move /Users/10254072/si-im/si_common/src/main/res/drawable/icon_nav_filter_24px.xml to ./img/origin
2025-04-18T16:43:15.267120+0800 | INFO | move /Users/10254072/si-im/si_common/src/main/res/drawable/icon_caution.xml to ./img/origin
2025-04-18T16:43:15.267401+0800 | INFO | move /Users/10254072/si-im/si_common/src/main/res/drawable/icon_noresult_120px.xml to ./img/origin
2025-04-18T16:43:15.267780+0800 | INFO | move /Users/10254072/si-im/si_common/src/main/res/drawable/icon_abnormal_28px.xml to ./img/origin
2025-04-18T16:43:15.268623+0800 | INFO | move /Users/10254072/si-im/si_common/src/main/res/drawable/icon_voice_fill_18px.xml to ./img/origin
2025-04-18T16:43:15.269022+0800 | INFO | move /Users/10254072/si-im/si_common/src/main/res/drawable/icon_clear_14px.xml to ./img/origin
2025-04-18T16:43:15.269327+0800 | INFO | move /Users/10254072/si-im/si_common/src/main/res/drawable/icon_phone_accept_48px.xml to ./img/origin
2025-04-18T16:43:15.269692+0800 | INFO | move /Users/10254072/si-im/si_common/src/main/res/drawable/icon_nav_close_24px.xml to ./img/origin
2025-04-18T16:43:15.270392+0800 | INFO | move /Users/10254072/si-im/si_common/src/main/res/drawable/icon_arrow_back_24.xml to ./img/origin
2025-04-18T16:43:15.270795+0800 | INFO | move /Users/10254072/si-im/si_common/src/main/res/drawable/icon_arrowright_16px.xml to ./img/origin
2025-04-18T16:43:15.271162+0800 | INFO | move /Users/10254072/si-im/si_common/src/main/res/drawable/icon_statistics_fill_30px.xml to ./img/origin
2025-04-18T16:43:15.271722+0800 | INFO | move /Users/10254072/si-im/si_common/src/main/res/drawable/icon_call_fill_18px.xml to ./img/origin
2025-04-18T16:43:15.271978+0800 | INFO | move /Users/10254072/si-im/si_common/src/main/res/drawable/chat_permission_icon_file.png to ./img/origin
2025-04-18T16:43:15.272302+0800 | INFO | move /Users/10254072/si-im/si_common/src/main/res/drawable/icon_shein_doc.xml to ./img/origin
2025-04-18T16:43:15.272970+0800 | INFO | move /Users/10254072/si-im/si_common/src/main/res/drawable/icon_checkin_circle.xml to ./img/origin
2025-04-18T16:43:15.273625+0800 | INFO | move /Users/10254072/si-im/si_common/src/main/res/drawable/icon_label_setting.xml to ./img/origin
2025-04-18T16:43:15.274206+0800 | INFO | move /Users/10254072/si-im/si_common/src/main/res/drawable/icon_arrow_right_40px.xml to ./img/origin
2025-04-18T16:43:15.274888+0800 | INFO | move /Users/10254072/si-im/si_common/src/main/res/drawable/icon_avatar_calendar_48px.xml to ./img/origin
2025-04-18T16:43:15.275244+0800 | INFO | move /Users/10254072/si-im/si_common/src/main/res/drawable/icon_member_16px.xml to ./img/origin
2025-04-18T16:43:15.275567+0800 | INFO | move /Users/10254072/si-im/si_common/src/main/res/drawable/icon_loudspeaker_32px.xml to ./img/origin
2025-04-18T16:43:15.275896+0800 | INFO | move /Users/10254072/si-im/si_common/src/main/res/drawable/icon_fiipcamera_32px.xml to ./img/origin
2025-04-18T16:43:15.276966+0800 | INFO | move /Users/10254072/si-im/si_common/src/main/res/drawable/icon_time_fill_16px.xml to ./img/origin
2025-04-18T16:43:15.277357+0800 | INFO | move /Users/10254072/si-im/si_common/src/main/res/drawable/icon_check_in_fill_30px.xml to ./img/origin
2025-04-18T16:43:15.278223+0800 | INFO | move /Users/10254072/si-im/si_common/src/main/res/drawable/icon_vacation.xml to ./img/origin
2025-04-18T16:43:15.278551+0800 | INFO | move /Users/10254072/si-im/si_common/src/main/res/drawable/icon_bluetooth_32px.xml to ./img/origin
2025-04-18T16:43:15.278957+0800 | INFO | move /Users/10254072/si-im/si_common/src/main/res/drawable/icon_nav_add_common_24px.xml to ./img/origin
2025-04-18T16:43:15.279403+0800 | INFO | move /Users/10254072/si-im/si_common/src/main/res/drawable/icon_loudspeaker_off_32px.xml to ./img/origin
2025-04-18T16:43:15.279748+0800 | INFO | move /Users/10254072/si-im/si_common/src/main/res/drawable/icon_video_cancel_18px.xml to ./img/origin
2025-04-18T16:43:15.280306+0800 | INFO | move /Users/10254072/si-im/si_common/src/main/res/drawable/icon_history_line_30px.xml to ./img/origin
2025-04-18T16:43:15.281185+0800 | INFO | move /Users/10254072/si-im/si_common/src/main/res/drawable/icon_statistics_line_30px.xml to ./img/origin
2025-04-18T16:43:15.281586+0800 | INFO | move /Users/10254072/si-im/si_common/src/main/res/drawable/album_ic_check.xml to ./img/origin
2025-04-18T16:43:15.281987+0800 | INFO | move /Users/10254072/si-im/si_common/src/main/res/drawable/icon_phone_hangup_32px.xml to ./img/origin
2025-04-18T16:43:15.283136+0800 | INFO | move /Users/10254072/si-im/si_common/src/main/res/drawable-xxhdpi/icon_computer_online.webp to ./img/origin
2025-04-18T16:43:15.283514+0800 | INFO | move /Users/10254072/si-im/si_common/src/main/res/drawable-xxhdpi/icon_schedule_grey_16px.webp to ./img/origin
2025-04-18T16:43:15.283783+0800 | INFO | move /Users/10254072/si-im/si_common/src/main/res/drawable-xxhdpi/icon_video.webp to ./img/origin
2025-04-18T16:43:15.284270+0800 | INFO | move /Users/10254072/si-im/si_common/src/main/res/drawable-xxhdpi/icon_arrow_right_black.webp to ./img/origin
2025-04-18T16:43:15.284524+0800 | INFO | move /Users/10254072/si-im/si_common/src/main/res/drawable-xxhdpi/icon_dmg.webp to ./img/origin
2025-04-18T16:43:15.284813+0800 | INFO | move /Users/10254072/si-im/si_common/src/main/res/drawable-xxhdpi/icon_schedule_location.webp to ./img/origin
2025-04-18T16:43:15.285191+0800 | INFO | move /Users/10254072/si-im/si_common/src/main/res/drawable-xxhdpi/icon_schedule_blue_16px.webp to ./img/origin
2025-04-18T16:43:15.285437+0800 | INFO | move /Users/10254072/si-im/si_common/src/main/res/drawable-xxhdpi/icon_deleteclose_20px.webp to ./img/origin
2025-04-18T16:43:15.285705+0800 | INFO | move /Users/10254072/si-im/si_common/src/main/res/drawable-xxhdpi/icon_computer_offline.webp to ./img/origin
2025-04-18T16:43:15.286091+0800 | INFO | move /Users/10254072/si-im/si_common/src/main/res/drawable-xxhdpi/icon_black_nav_add.webp to ./img/origin
2025-04-18T16:43:15.286396+0800 | INFO | move /Users/10254072/si-im/si_common/src/main/res/drawable-xxhdpi/icon_nosearch.webp to ./img/origin
2025-04-18T16:43:15.286691+0800 | INFO | move /Users/10254072/si-im/si_common/src/main/res/drawable-xxhdpi/icon_ps.webp to ./img/origin
2025-04-18T16:43:15.287080+0800 | INFO | move /Users/10254072/si-im/si_common/src/main/res/drawable-xxhdpi/icon_move.webp to ./img/origin
2025-04-18T16:43:15.287382+0800 | INFO | move /Users/10254072/si-im/si_common/src/main/res/drawable-xxhdpi/icon_pending.webp to ./img/origin
2025-04-18T16:43:15.287661+0800 | INFO | move /Users/10254072/si-im/si_common/src/main/res/drawable-xxhdpi/icon_multi_select.webp to ./img/origin
2025-04-18T16:43:15.288078+0800 | INFO | move /Users/10254072/si-im/si_common/src/main/res/drawable-xxhdpi/icon_schedule_busy_sun.webp to ./img/origin
2025-04-18T16:43:15.288400+0800 | INFO | move /Users/10254072/si-im/si_common/src/main/res/drawable-xxhdpi/icon_calendar_schedule_room.webp to ./img/origin
2025-04-18T16:43:15.288843+0800 | INFO | move /Users/10254072/si-im/si_common/src/main/res/drawable-xxhdpi/icon_month_normal.webp to ./img/origin
2025-04-18T16:43:15.289303+0800 | INFO | move /Users/10254072/si-im/si_common/src/main/res/drawable-xxhdpi/icon_edit_highlight.webp to ./img/origin
2025-04-18T16:43:15.289770+0800 | INFO | move /Users/10254072/si-im/si_common/src/main/res/drawable-xxhdpi/icon_reject.webp to ./img/origin
2025-04-18T16:43:15.290245+0800 | INFO | move /Users/10254072/si-im/si_common/src/main/res/drawable-xxhdpi/icon_select_all_contact.webp to ./img/origin
2025-04-18T16:43:15.290812+0800 | INFO | move /Users/10254072/si-im/si_common/src/main/res/drawable-xxhdpi/icon_blank_person.webp to ./img/origin
2025-04-18T16:43:15.291274+0800 | INFO | move /Users/10254072/si-im/si_common/src/main/res/drawable-xxhdpi/icon_not_agree.webp to ./img/origin
2025-04-18T16:43:15.291826+0800 | INFO | move /Users/10254072/si-im/si_common/src/main/res/drawable-xxhdpi/icon_avatar_calendar_48px.webp to ./img/origin
2025-04-18T16:43:15.292267+0800 | INFO | move /Users/10254072/si-im/si_common/src/main/res/drawable-xxhdpi/icon_calendar_schedule_room_selected.webp to ./img/origin
2025-04-18T16:43:15.292707+0800 | INFO | move /Users/10254072/si-im/si_common/src/main/res/drawable-xxhdpi/icon_edit.webp to ./img/origin
2025-04-18T16:43:15.293170+0800 | INFO | move /Users/10254072/si-im/si_common/src/main/res/drawable-xxhdpi/icon_week_normal.webp to ./img/origin
2025-04-18T16:43:15.293590+0800 | INFO | move /Users/10254072/si-im/si_common/src/main/res/drawable-xxhdpi/icon_video_blue_16px.webp to ./img/origin
2025-04-18T16:43:15.294001+0800 | INFO | move /Users/10254072/si-im/si_common/src/main/res/drawable-xxhdpi/icon_month_clicked.webp to ./img/origin
2025-04-18T16:43:15.294650+0800 | INFO | move /Users/10254072/si-im/si_common/src/main/res/drawable-xxhdpi/icon_arrowleft.webp to ./img/origin
2025-04-18T16:43:15.295085+0800 | INFO | move /Users/10254072/si-im/si_common/src/main/res/drawable-xxhdpi/icon_video_grey_16px.webp to ./img/origin
2025-04-18T16:43:15.295633+0800 | INFO | move /Users/10254072/si-im/si_common/src/main/res/drawable-xxhdpi/icon_addmenmber.webp to ./img/origin
2025-04-18T16:43:15.296041+0800 | INFO | move /Users/10254072/si-im/si_common/src/main/res/drawable-xxhdpi/icon_week_clicked.webp to ./img/origin
2025-04-18T16:43:15.296418+0800 | INFO | move /Users/10254072/si-im/si_common/src/main/res/drawable-xxhdpi/icon_select_single.webp to ./img/origin
2025-04-18T16:43:15.296910+0800 | INFO | move /Users/10254072/si-im/si_common/src/main/res/drawable-xxhdpi/icon_agreed.webp to ./img/origin
2025-04-18T16:43:15.297305+0800 | INFO | move /Users/10254072/si-im/si_common/src/main/res/drawable-xxhdpi/icon_file_key.webp to ./img/origin
2025-04-18T16:43:15.297683+0800 | INFO | move /Users/10254072/si-im/si_common/src/main/res/drawable-xxhdpi/icon_doc.webp to ./img/origin
2025-04-18T16:43:15.298017+0800 | INFO | move /Users/10254072/si-im/si_common/src/main/res/drawable-xxhdpi/icon_multiple_item_mic_on.png to ./img/origin
2025-04-18T16:43:15.298376+0800 | INFO | move /Users/10254072/si-im/si_common/src/main/res/drawable-xxhdpi/icon_not_pending.webp to ./img/origin
2025-04-18T16:43:15.298752+0800 | INFO | move /Users/10254072/si-im/si_common/src/main/res/drawable-xxhdpi/album_bg_selected_n.webp to ./img/origin
2025-04-18T16:43:15.299103+0800 | INFO | move /Users/10254072/si-im/si_common/src/main/res/drawable-xxhdpi/icon_pic.webp to ./img/origin
2025-04-18T16:43:15.299592+0800 | INFO | move /Users/10254072/si-im/si_common/src/main/res/drawable-xxhdpi/icon_arrowright.webp to ./img/origin
2025-04-18T16:43:15.299965+0800 | INFO | move /Users/10254072/si-im/si_common/src/main/res/drawable-xxhdpi/icon_zip.webp to ./img/origin
2025-04-18T16:43:15.300353+0800 | INFO | move /Users/10254072/si-im/si_common/src/main/res/drawable-xxhdpi/icon_pdf.webp to ./img/origin
2025-04-18T16:43:15.300730+0800 | INFO | move /Users/10254072/si-im/si_common/src/main/res/drawable-xxhdpi/icon_calendar_schedule_date.webp to ./img/origin
2025-04-18T16:43:15.301097+0800 | INFO | move /Users/10254072/si-im/si_common/src/main/res/drawable-xxhdpi/icon_clock.webp to ./img/origin
2025-04-18T16:43:15.301496+0800 | INFO | move /Users/10254072/si-im/si_common/src/main/res/drawable-xxhdpi/icon_dayly_timezone_switch.webp to ./img/origin
2025-04-18T16:43:15.301947+0800 | INFO | move /Users/10254072/si-im/si_common/src/main/res/drawable-xxhdpi/icon_excel.webp to ./img/origin
2025-04-18T16:43:15.302325+0800 | INFO | move /Users/10254072/si-im/si_common/src/main/res/drawable-xxhdpi/icon_not_reject.webp to ./img/origin
2025-04-18T16:43:15.302708+0800 | INFO | move /Users/10254072/si-im/si_common/src/main/res/drawable-xxhdpi/icon_dialog_close.webp to ./img/origin
2025-04-18T16:43:15.303077+0800 | INFO | move /Users/10254072/si-im/si_common/src/main/res/drawable-xxhdpi/icon_timezone_radio_selected.webp to ./img/origin
2025-04-18T16:43:15.304205+0800 | INFO | move /Users/10254072/si-im/si_common/src/main/res/drawable-xxhdpi/icon_schedule_busy_moon.webp to ./img/origin
2025-04-18T16:43:15.304854+0800 | INFO | move /Users/10254072/si-im/si_common/src/main/res/drawable-xxhdpi/icon_unselect.webp to ./img/origin
2025-04-18T16:43:15.305484+0800 | INFO | move /Users/10254072/si-im/si_common/src/main/res/drawable-xxhdpi/bg_week_schedule_right_trangle.webp to ./img/origin
2025-04-18T16:43:15.305948+0800 | INFO | move /Users/10254072/si-im/si_common/src/main/res/drawable-xxhdpi/icon_unknow.webp to ./img/origin
2025-04-18T16:43:15.306360+0800 | INFO | move /Users/10254072/si-im/si_common/src/main/res/drawable-xxhdpi/icon_day_normal.webp to ./img/origin
2025-04-18T16:43:15.306950+0800 | INFO | move /Users/10254072/si-im/si_common/src/main/res/drawable-xxhdpi/icon_loading.webp to ./img/origin
2025-04-18T16:43:15.307390+0800 | INFO | move /Users/10254072/si-im/si_common/src/main/res/drawable-xxhdpi/icon_label_add.webp to ./img/origin
2025-04-18T16:43:15.307812+0800 | INFO | move /Users/10254072/si-im/si_common/src/main/res/drawable-xxhdpi/icon_calendar_schedule_date_selected.webp to ./img/origin
2025-04-18T16:43:15.308417+0800 | INFO | move /Users/10254072/si-im/si_common/src/main/res/drawable-xxhdpi/icon_arrow_right.webp to ./img/origin
2025-04-18T16:43:15.308799+0800 | INFO | move /Users/10254072/si-im/si_common/src/main/res/drawable-xxhdpi/icon_apk.webp to ./img/origin
2025-04-18T16:43:15.309449+0800 | INFO | move /Users/10254072/si-im/si_common/src/main/res/drawable-xxhdpi/icon_file_xmind.webp to ./img/origin
2025-04-18T16:43:15.310009+0800 | INFO | move /Users/10254072/si-im/si_common/src/main/res/drawable-xxhdpi/icon_txt.webp to ./img/origin
2025-04-18T16:43:15.310421+0800 | INFO | move /Users/10254072/si-im/si_common/src/main/res/drawable-xxhdpi/icon_black_close.webp to ./img/origin
2025-04-18T16:43:15.311083+0800 | INFO | move /Users/10254072/si-im/si_common/src/main/res/drawable-xxhdpi/icon_update_dialog.png to ./img/origin
2025-04-18T16:43:15.311506+0800 | INFO | move /Users/10254072/si-im/si_common/src/main/res/drawable-xxhdpi/icon_file_ai.webp to ./img/origin
2025-04-18T16:43:15.312143+0800 | INFO | move /Users/10254072/si-im/si_common/src/main/res/drawable-xxhdpi/s_chat_logo.webp to ./img/origin
2025-04-18T16:43:15.312730+0800 | INFO | move /Users/10254072/si-im/si_common/src/main/res/drawable-xxhdpi/icon_day_clicked.webp to ./img/origin
2025-04-18T16:43:15.313310+0800 | INFO | move /Users/10254072/si-im/si_common/src/main/res/drawable-xxhdpi/icon_file_ae.webp to ./img/origin
2025-04-18T16:43:15.313817+0800 | INFO | move /Users/10254072/si-im/si_common/src/main/res/drawable-xxhdpi/icon_timezone_radio_delete.webp to ./img/origin
2025-04-18T16:43:15.314496+0800 | INFO | move /Users/10254072/si-im/si_common/src/main/res/drawable-xxhdpi/icon_remove.webp to ./img/origin
2025-04-18T16:43:15.315003+0800 | INFO | move /Users/10254072/si-im/si_common/src/main/res/drawable-xxhdpi/icon_title_more.webp to ./img/origin
2025-04-18T16:43:15.315444+0800 | INFO | move /Users/10254072/si-im/si_common/src/main/res/drawable-xxhdpi/icon_mark.webp to ./img/origin
2025-04-18T16:43:15.315850+0800 | INFO | move /Users/10254072/si-im/si_common/src/main/res/drawable-xxhdpi/icon_timezone_radio_unselect.webp to ./img/origin
2025-04-18T16:43:15.316266+0800 | INFO | move /Users/10254072/si-im/si_common/src/main/res/drawable-xxhdpi/icon_close.webp to ./img/origin
2025-04-18T16:43:15.316686+0800 | INFO | move /Users/10254072/si-im/si_common/src/main/res/drawable-xxhdpi/icon_checked.webp to ./img/origin
2025-04-18T16:43:15.317102+0800 | INFO | move /Users/10254072/si-im/si_common/src/main/res/drawable-xxhdpi/icon_mic_off_14px.png to ./img/origin
2025-04-18T16:43:15.333829+0800 | INFO | move /Users/10254072/si-im/si_network/src/main/res/drawable/ic_launcher_foreground.xml to ./img/origin
2025-04-18T16:43:15.334700+0800 | INFO | move /Users/10254072/si-im/si_network/src/main/res/drawable/ic_launcher_background.xml to ./img/origin
2025-04-18T16:43:15.356376+0800 | INFO | move /Users/10254072/si-im/si_rtc_meet/src/main/res/drawable/ic_refuse.xml to ./img/origin
2025-04-18T16:43:15.357039+0800 | INFO | move /Users/10254072/si-im/si_rtc_meet/src/main/res/drawable/ic_allow.xml to ./img/origin
2025-04-18T16:43:15.358365+0800 | INFO | move /Users/10254072/si-im/si_rtc_meet/src/main/res/drawable-xxhdpi/icon_back.png to ./img/origin
2025-04-18T16:43:15.358875+0800 | INFO | move /Users/10254072/si-im/si_rtc_meet/src/main/res/drawable-xxhdpi/sample_switch_on.png to ./img/origin
2025-04-18T16:43:15.359366+0800 | INFO | move /Users/10254072/si-im/si_rtc_meet/src/main/res/drawable-xxhdpi/sample_switch_off.png to ./img/origin
2025-04-18T16:43:15.373173+0800 | INFO | move /Users/10254072/si-im/si_calendar/src/main/res/drawable-xxhdpi/icon_meetingroom.png to ./img/origin
2025-04-18T16:43:15.373532+0800 | INFO | move /Users/10254072/si-im/si_calendar/src/main/res/drawable-xxhdpi/icon_sel.png to ./img/origin
2025-04-18T16:43:15.373843+0800 | INFO | move /Users/10254072/si-im/si_calendar/src/main/res/drawable-xxhdpi/icon_empty.png to ./img/origin
2025-04-18T16:43:15.374132+0800 | INFO | move /Users/10254072/si-im/si_calendar/src/main/res/drawable-xxhdpi/icon_device.png to ./img/origin
2025-04-18T16:43:15.374424+0800 | INFO | move /Users/10254072/si-im/si_calendar/src/main/res/drawable-xxhdpi/icon_meeting_capacity.png to ./img/origin
2025-04-18T16:43:15.374713+0800 | INFO | move /Users/10254072/si-im/si_calendar/src/main/res/drawable-xxhdpi/bg_add_pop.png to ./img/origin
2025-04-18T16:43:15.377297+0800 | INFO | move 474 files to ./img/origin
