2025-04-18T16:16:09.770862+0800 | INFO | move /Users/10254072/si-im/app/src/google/res/drawable-xxhdpi/s_chat_logo.webp to ./img/origin
2025-04-18T16:16:09.774746+0800 | INFO | move /Users/10254072/si-im/app/src/main/res/drawable/icon_meeting_gray_no_background.xml to ./img/origin
2025-04-18T16:16:09.775977+0800 | INFO | move /Users/10254072/si-im/app/src/main/res/drawable/default_avatar.png to ./img/origin
2025-04-18T16:16:09.776535+0800 | INFO | move /Users/10254072/si-im/app/src/main/res/drawable/icon_scan_light_off.xml to ./img/origin
2025-04-18T16:16:09.777421+0800 | INFO | move /Users/10254072/si-im/app/src/main/res/drawable/icon_checkin_position.xml to ./img/origin
2025-04-18T16:16:09.777800+0800 | INFO | move /Users/10254072/si-im/app/src/main/res/drawable/contact_my_client.png to ./img/origin
2025-04-18T16:16:09.779062+0800 | INFO | move /Users/10254072/si-im/app/src/main/res/drawable/sui_icon_nav_more_back.xml to ./img/origin
2025-04-18T16:16:09.780028+0800 | INFO | move /Users/10254072/si-im/app/src/main/res/drawable/ic_notice.xml to ./img/origin
2025-04-18T16:16:09.780819+0800 | INFO | move /Users/10254072/si-im/app/src/main/res/drawable/icon_contacts_line_30px.xml to ./img/origin
2025-04-18T16:16:09.781380+0800 | INFO | move /Users/10254072/si-im/app/src/main/res/drawable/icon_wechat_16px.xml to ./img/origin
2025-04-18T16:16:09.781893+0800 | INFO | move /Users/10254072/si-im/app/src/main/res/drawable/icon_insertion_close_32px.xml to ./img/origin
2025-04-18T16:16:09.782672+0800 | INFO | move /Users/10254072/si-im/app/src/main/res/drawable/icon_expend_20px.xml to ./img/origin
2025-04-18T16:16:09.782939+0800 | INFO | move /Users/10254072/si-im/app/src/main/res/drawable/contact_shein.png to ./img/origin
2025-04-18T16:16:09.783597+0800 | INFO | move /Users/10254072/si-im/app/src/main/res/drawable/icon_copylink_24px.xml to ./img/origin
2025-04-18T16:16:09.783861+0800 | INFO | move /Users/10254072/si-im/app/src/main/res/drawable/ic_volume_dialog_length_short.png to ./img/origin
2025-04-18T16:16:09.784790+0800 | INFO | move /Users/10254072/si-im/app/src/main/res/drawable/icon_check_unselected.xml to ./img/origin
2025-04-18T16:16:09.785534+0800 | INFO | move /Users/10254072/si-im/app/src/main/res/drawable/sign_clear.xml to ./img/origin
2025-04-18T16:16:09.786239+0800 | INFO | move /Users/10254072/si-im/app/src/main/res/drawable/search_filter_delete.xml to ./img/origin
2025-04-18T16:16:09.786873+0800 | INFO | move /Users/10254072/si-im/app/src/main/res/drawable/icon_tip.xml to ./img/origin
2025-04-18T16:16:09.787389+0800 | INFO | move /Users/10254072/si-im/app/src/main/res/drawable/icon_email_fill_30px.xml to ./img/origin
2025-04-18T16:16:09.788059+0800 | INFO | move /Users/10254072/si-im/app/src/main/res/drawable/icon_input_32dp.xml to ./img/origin
2025-04-18T16:16:09.788463+0800 | INFO | move /Users/10254072/si-im/app/src/main/res/drawable/contact_other.png to ./img/origin
2025-04-18T16:16:09.789490+0800 | INFO | move /Users/10254072/si-im/app/src/main/res/drawable/icon_meeting_blue_no_background.xml to ./img/origin
2025-04-18T16:16:09.790818+0800 | INFO | move /Users/10254072/si-im/app/src/main/res/drawable/chat_more_action_file.png to ./img/origin
2025-04-18T16:16:09.791975+0800 | INFO | move /Users/10254072/si-im/app/src/main/res/drawable/icon_scan_corner_lt.xml to ./img/origin
2025-04-18T16:16:09.792766+0800 | INFO | move /Users/10254072/si-im/app/src/main/res/drawable/tuiemoji_default_emoji_group_icon.png to ./img/origin
2025-04-18T16:16:09.793300+0800 | INFO | move /Users/10254072/si-im/app/src/main/res/drawable/chat_more_action_dot_selected.png to ./img/origin
2025-04-18T16:16:09.793715+0800 | INFO | move /Users/10254072/si-im/app/src/main/res/drawable/sui_icon_save_filled.png to ./img/origin
2025-04-18T16:16:09.794670+0800 | INFO | move /Users/10254072/si-im/app/src/main/res/drawable/icon_scan_corner_lb.xml to ./img/origin
2025-04-18T16:16:09.796692+0800 | INFO | move /Users/10254072/si-im/app/src/main/res/drawable/icon_message_line_30px.xml to ./img/origin
2025-04-18T16:16:09.797559+0800 | INFO | move /Users/10254072/si-im/app/src/main/res/drawable/icon_download.xml to ./img/origin
2025-04-18T16:16:09.798217+0800 | INFO | move /Users/10254072/si-im/app/src/main/res/drawable/icon_deleteclose_20px.xml to ./img/origin
2025-04-18T16:16:09.798713+0800 | INFO | move /Users/10254072/si-im/app/src/main/res/drawable/chat_more_action_fav.png to ./img/origin
2025-04-18T16:16:09.799972+0800 | INFO | move /Users/10254072/si-im/app/src/main/res/drawable/icon_pinned_sound.xml to ./img/origin
2025-04-18T16:16:09.806854+0800 | INFO | move /Users/10254072/si-im/app/src/main/res/drawable/chat_more_action_shot.png to ./img/origin
2025-04-18T16:16:09.808574+0800 | INFO | move /Users/10254072/si-im/app/src/main/res/drawable/search_pre_month.xml to ./img/origin
2025-04-18T16:16:09.809917+0800 | INFO | move /Users/10254072/si-im/app/src/main/res/drawable/search_time_checked.xml to ./img/origin
2025-04-18T16:16:09.810795+0800 | INFO | move /Users/10254072/si-im/app/src/main/res/drawable/icon_menu_line_30px.xml to ./img/origin
2025-04-18T16:16:09.812114+0800 | INFO | move /Users/10254072/si-im/app/src/main/res/drawable/icon_voicecall_fill_34px.xml to ./img/origin
2025-04-18T16:16:09.813124+0800 | INFO | move /Users/10254072/si-im/app/src/main/res/drawable/me_sign_image.xml to ./img/origin
2025-04-18T16:16:09.813964+0800 | INFO | move /Users/10254072/si-im/app/src/main/res/drawable/icon_translate_done.xml to ./img/origin
2025-04-18T16:16:09.814915+0800 | INFO | move /Users/10254072/si-im/app/src/main/res/drawable/icon_check_selected.xml to ./img/origin
2025-04-18T16:16:09.815820+0800 | INFO | move /Users/10254072/si-im/app/src/main/res/drawable/ic_volume_dialog_cancel.png to ./img/origin
2025-04-18T16:16:09.816986+0800 | INFO | move /Users/10254072/si-im/app/src/main/res/drawable/icon_phonecall_30px.xml to ./img/origin
2025-04-18T16:16:09.817736+0800 | INFO | move /Users/10254072/si-im/app/src/main/res/drawable/icon_position.xml to ./img/origin
2025-04-18T16:16:09.818270+0800 | INFO | move /Users/10254072/si-im/app/src/main/res/drawable/icon_speech_32px.xml to ./img/origin
2025-04-18T16:16:09.818656+0800 | INFO | move /Users/10254072/si-im/app/src/main/res/drawable/icon_scan.xml to ./img/origin
2025-04-18T16:16:09.819207+0800 | INFO | move /Users/10254072/si-im/app/src/main/res/drawable/ic_meeting_search.xml to ./img/origin
2025-04-18T16:16:09.820601+0800 | INFO | move /Users/10254072/si-im/app/src/main/res/drawable/icon_save_32px.xml to ./img/origin
2025-04-18T16:16:09.821624+0800 | INFO | move /Users/10254072/si-im/app/src/main/res/drawable/edit_notify_top.xml to ./img/origin
2025-04-18T16:16:09.822406+0800 | INFO | move /Users/10254072/si-im/app/src/main/res/drawable/icon_contacts_fill_30px.xml to ./img/origin
2025-04-18T16:16:09.877711+0800 | INFO | move /Users/10254072/si-im/app/src/main/res/drawable/icon_arrowdown_fill_8px.xml to ./img/origin
2025-04-18T16:16:09.880081+0800 | INFO | move /Users/10254072/si-im/app/src/main/res/drawable/icon_nav_back.xml to ./img/origin
2025-04-18T16:16:09.881242+0800 | INFO | move /Users/10254072/si-im/app/src/main/res/drawable/icon_pinned_notice.xml to ./img/origin
2025-04-18T16:16:09.881884+0800 | INFO | move /Users/10254072/si-im/app/src/main/res/drawable/icon_rm_pin.xml to ./img/origin
2025-04-18T16:16:09.882429+0800 | INFO | move /Users/10254072/si-im/app/src/main/res/drawable/icon_email_line_30px.xml to ./img/origin
2025-04-18T16:16:09.882914+0800 | INFO | move /Users/10254072/si-im/app/src/main/res/drawable/icon_scan_corner_rt.xml to ./img/origin
2025-04-18T16:16:09.883917+0800 | INFO | move /Users/10254072/si-im/app/src/main/res/drawable/ic_launcher_foreground.xml to ./img/origin
2025-04-18T16:16:09.885405+0800 | INFO | move /Users/10254072/si-im/app/src/main/res/drawable/icon_scan_corner_rb.xml to ./img/origin
2025-04-18T16:16:09.898717+0800 | INFO | move /Users/10254072/si-im/app/src/main/res/drawable/icon_keyboard_32px.xml to ./img/origin
2025-04-18T16:16:09.899811+0800 | INFO | move /Users/10254072/si-im/app/src/main/res/drawable/chat_more_action_quick_meeting.xml to ./img/origin
2025-04-18T16:16:09.901014+0800 | INFO | move /Users/10254072/si-im/app/src/main/res/drawable/icon_menu.xml to ./img/origin
2025-04-18T16:16:09.902106+0800 | INFO | move /Users/10254072/si-im/app/src/main/res/drawable/icon_meeting_overview_booking_meeting.xml to ./img/origin
2025-04-18T16:16:09.904492+0800 | INFO | move /Users/10254072/si-im/app/src/main/res/drawable/icon_translation_24px.xml to ./img/origin
2025-04-18T16:16:09.905012+0800 | INFO | move /Users/10254072/si-im/app/src/main/res/drawable/chat_more_action_location.png to ./img/origin
2025-04-18T16:16:09.906238+0800 | INFO | move /Users/10254072/si-im/app/src/main/res/drawable/album_ic_rtc_meeting_finished.xml to ./img/origin
2025-04-18T16:16:09.921136+0800 | INFO | move /Users/10254072/si-im/app/src/main/res/drawable/icon_checkin_set.xml to ./img/origin
2025-04-18T16:16:09.922924+0800 | INFO | move /Users/10254072/si-im/app/src/main/res/drawable/icon_checkin_summary.xml to ./img/origin
2025-04-18T16:16:09.923651+0800 | INFO | move /Users/10254072/si-im/app/src/main/res/drawable/icon_message_fill_30px.xml to ./img/origin
2025-04-18T16:16:09.924349+0800 | INFO | move /Users/10254072/si-im/app/src/main/res/drawable/load_fail.png to ./img/origin
2025-04-18T16:16:09.924807+0800 | INFO | move /Users/10254072/si-im/app/src/main/res/drawable/chat_more_action_card.png to ./img/origin
2025-04-18T16:16:09.925399+0800 | INFO | move /Users/10254072/si-im/app/src/main/res/drawable/ic_meeting_blue.xml to ./img/origin
2025-04-18T16:16:09.926304+0800 | INFO | move /Users/10254072/si-im/app/src/main/res/drawable/icon_delete_32px.xml to ./img/origin
2025-04-18T16:16:09.927036+0800 | INFO | move /Users/10254072/si-im/app/src/main/res/drawable/icon_menu_fill_30px.xml to ./img/origin
2025-04-18T16:16:09.927794+0800 | INFO | move /Users/10254072/si-im/app/src/main/res/drawable/icon_meeting_overview_join_meeting.xml to ./img/origin
2025-04-18T16:16:09.928415+0800 | INFO | move /Users/10254072/si-im/app/src/main/res/drawable/chat_more_action_schedule.png to ./img/origin
2025-04-18T16:16:09.928876+0800 | INFO | move /Users/10254072/si-im/app/src/main/res/drawable/ic_volume_8.png to ./img/origin
2025-04-18T16:16:09.929526+0800 | INFO | move /Users/10254072/si-im/app/src/main/res/drawable/icon_pin_24px.xml to ./img/origin
2025-04-18T16:16:09.930407+0800 | INFO | move /Users/10254072/si-im/app/src/main/res/drawable/icon_pinned_msg.xml to ./img/origin
2025-04-18T16:16:09.930979+0800 | INFO | move /Users/10254072/si-im/app/src/main/res/drawable/icon_scan_line.xml to ./img/origin
2025-04-18T16:16:09.931424+0800 | INFO | move /Users/10254072/si-im/app/src/main/res/drawable/contact_add.png to ./img/origin
2025-04-18T16:16:09.932152+0800 | INFO | move /Users/10254072/si-im/app/src/main/res/drawable/chat_revoke.xml to ./img/origin
2025-04-18T16:16:09.932566+0800 | INFO | move /Users/10254072/si-im/app/src/main/res/drawable/ic_volume_5.png to ./img/origin
2025-04-18T16:16:09.932964+0800 | INFO | move /Users/10254072/si-im/app/src/main/res/drawable/shein.png to ./img/origin
2025-04-18T16:16:09.933596+0800 | INFO | move /Users/10254072/si-im/app/src/main/res/drawable/chat_voice_msg_playing_1.png to ./img/origin
2025-04-18T16:16:09.934116+0800 | INFO | move /Users/10254072/si-im/app/src/main/res/drawable/icon_meeting_overview_quick_meeting.xml to ./img/origin
2025-04-18T16:16:09.934645+0800 | INFO | move /Users/10254072/si-im/app/src/main/res/drawable/me_right.xml to ./img/origin
2025-04-18T16:16:09.935038+0800 | INFO | move /Users/10254072/si-im/app/src/main/res/drawable/ic_volume_4.png to ./img/origin
2025-04-18T16:16:09.935570+0800 | INFO | move /Users/10254072/si-im/app/src/main/res/drawable/conversation_no_network.png to ./img/origin
2025-04-18T16:16:09.936054+0800 | INFO | move /Users/10254072/si-im/app/src/main/res/drawable/at_all_member.xml to ./img/origin
2025-04-18T16:16:09.936774+0800 | INFO | move /Users/10254072/si-im/app/src/main/res/drawable/icon_check_blue_16px.xml to ./img/origin
2025-04-18T16:16:09.937113+0800 | INFO | move /Users/10254072/si-im/app/src/main/res/drawable/chat_send_fail.png to ./img/origin
2025-04-18T16:16:09.937616+0800 | INFO | move /Users/10254072/si-im/app/src/main/res/drawable/icon_expression_32px.xml to ./img/origin
2025-04-18T16:16:09.938284+0800 | INFO | move /Users/10254072/si-im/app/src/main/res/drawable/ic_message_sending_state.xml to ./img/origin
2025-04-18T16:16:09.938619+0800 | INFO | move /Users/10254072/si-im/app/src/main/res/drawable/chat_sent.png to ./img/origin
2025-04-18T16:16:09.938941+0800 | INFO | move /Users/10254072/si-im/app/src/main/res/drawable/ic_volume_6.png to ./img/origin
2025-04-18T16:16:09.939401+0800 | INFO | move /Users/10254072/si-im/app/src/main/res/drawable/chat_voice_msg_playing_2.png to ./img/origin
2025-04-18T16:16:09.939876+0800 | INFO | move /Users/10254072/si-im/app/src/main/res/drawable/icon_add_32px.xml to ./img/origin
2025-04-18T16:16:09.940901+0800 | INFO | move /Users/10254072/si-im/app/src/main/res/drawable/icon_fail_96px.xml to ./img/origin
2025-04-18T16:16:09.941456+0800 | INFO | move /Users/10254072/si-im/app/src/main/res/drawable/chat_voice_msg_playing_3.png to ./img/origin
2025-04-18T16:16:09.941896+0800 | INFO | move /Users/10254072/si-im/app/src/main/res/drawable/message_send_fail.png to ./img/origin
2025-04-18T16:16:09.942404+0800 | INFO | move /Users/10254072/si-im/app/src/main/res/drawable/at_close.xml to ./img/origin
2025-04-18T16:16:09.942802+0800 | INFO | move /Users/10254072/si-im/app/src/main/res/drawable/search_back.xml to ./img/origin
2025-04-18T16:16:09.943179+0800 | INFO | move /Users/10254072/si-im/app/src/main/res/drawable/ic_volume_7.png to ./img/origin
2025-04-18T16:16:09.943764+0800 | INFO | move /Users/10254072/si-im/app/src/main/res/drawable/chat_down_position_tips.xml to ./img/origin
2025-04-18T16:16:09.944125+0800 | INFO | move /Users/10254072/si-im/app/src/main/res/drawable/default_avatar2.png to ./img/origin
2025-04-18T16:16:09.944467+0800 | INFO | move /Users/10254072/si-im/app/src/main/res/drawable/chat_more_action_meeting.png to ./img/origin
2025-04-18T16:16:09.946041+0800 | INFO | move /Users/10254072/si-im/app/src/main/res/drawable/default_emoji.xml to ./img/origin
2025-04-18T16:16:09.946508+0800 | INFO | move /Users/10254072/si-im/app/src/main/res/drawable/search_next_month.xml to ./img/origin
2025-04-18T16:16:09.947128+0800 | INFO | move /Users/10254072/si-im/app/src/main/res/drawable/ic_volume_3.png to ./img/origin
2025-04-18T16:16:09.947640+0800 | INFO | move /Users/10254072/si-im/app/src/main/res/drawable/ic_meeting_green.xml to ./img/origin
2025-04-18T16:16:09.948227+0800 | INFO | move /Users/10254072/si-im/app/src/main/res/drawable/icon_quick_meeting_24px.xml to ./img/origin
2025-04-18T16:16:09.948795+0800 | INFO | move /Users/10254072/si-im/app/src/main/res/drawable/icon_has_child_menu.xml to ./img/origin
2025-04-18T16:16:09.949420+0800 | INFO | move /Users/10254072/si-im/app/src/main/res/drawable/icon_meeting_blue.xml to ./img/origin
2025-04-18T16:16:09.950088+0800 | INFO | move /Users/10254072/si-im/app/src/main/res/drawable/album_ic_rtc_meeting_in_meeting.xml to ./img/origin
2025-04-18T16:16:09.950462+0800 | INFO | move /Users/10254072/si-im/app/src/main/res/drawable/chat_face_delete_btn_icon.png to ./img/origin
2025-04-18T16:16:09.952190+0800 | INFO | move /Users/10254072/si-im/app/src/main/res/drawable/icon_group_notify.xml to ./img/origin
2025-04-18T16:16:09.952547+0800 | INFO | move /Users/10254072/si-im/app/src/main/res/drawable/ic_volume_2.png to ./img/origin
2025-04-18T16:16:09.953154+0800 | INFO | move /Users/10254072/si-im/app/src/main/res/drawable/icon_right_more.xml to ./img/origin
2025-04-18T16:16:09.953701+0800 | INFO | move /Users/10254072/si-im/app/src/main/res/drawable/icon_map_loading.xml to ./img/origin
2025-04-18T16:16:09.954059+0800 | INFO | move /Users/10254072/si-im/app/src/main/res/drawable/chat_more_action_red_pocket.png to ./img/origin
2025-04-18T16:16:09.954529+0800 | INFO | move /Users/10254072/si-im/app/src/main/res/drawable/chat_position_up_tips.xml to ./img/origin
2025-04-18T16:16:09.955315+0800 | INFO | move /Users/10254072/si-im/app/src/main/res/drawable/chat_play.png to ./img/origin
2025-04-18T16:16:09.955933+0800 | INFO | move /Users/10254072/si-im/app/src/main/res/drawable/at_selector_unchecked.xml to ./img/origin
2025-04-18T16:16:09.956839+0800 | INFO | move /Users/10254072/si-im/app/src/main/res/drawable/search_reset.png to ./img/origin
2025-04-18T16:16:09.957207+0800 | INFO | move /Users/10254072/si-im/app/src/main/res/drawable/ic_volume_1.png to ./img/origin
2025-04-18T16:16:09.957770+0800 | INFO | move /Users/10254072/si-im/app/src/main/res/drawable/icon_tag_24px.xml to ./img/origin
2025-04-18T16:16:09.958284+0800 | INFO | move /Users/10254072/si-im/app/src/main/res/drawable/icon_check_selected_disable.xml to ./img/origin
2025-04-18T16:16:09.958923+0800 | INFO | move /Users/10254072/si-im/app/src/main/res/drawable/icon_announcement_16px.xml to ./img/origin
2025-04-18T16:16:09.959345+0800 | INFO | move /Users/10254072/si-im/app/src/main/res/drawable/icon_meeting_green_no_background.xml to ./img/origin
2025-04-18T16:16:09.959871+0800 | INFO | move /Users/10254072/si-im/app/src/main/res/drawable/edit_notify_top_unselected.xml to ./img/origin
2025-04-18T16:16:09.960474+0800 | INFO | move /Users/10254072/si-im/app/src/main/res/drawable/icon_untranslation_24px.xml to ./img/origin
2025-04-18T16:16:09.961420+0800 | INFO | move /Users/10254072/si-im/app/src/main/res/drawable/search_filter_down_arrow.xml to ./img/origin
2025-04-18T16:16:09.961768+0800 | INFO | move /Users/10254072/si-im/app/src/main/res/drawable/chat_read.png to ./img/origin
2025-04-18T16:16:09.962627+0800 | INFO | move /Users/10254072/si-im/app/src/main/res/drawable/at_selector_checked.xml to ./img/origin
2025-04-18T16:16:09.963475+0800 | INFO | move /Users/10254072/si-im/app/src/main/res/drawable/icon_group_forward_to_chat.xml to ./img/origin
2025-04-18T16:16:09.964480+0800 | INFO | move /Users/10254072/si-im/app/src/main/res/drawable/icon_meeting_gray.xml to ./img/origin
2025-04-18T16:16:09.965110+0800 | INFO | move /Users/10254072/si-im/app/src/main/res/drawable/icon_insertion_32px.xml to ./img/origin
2025-04-18T16:16:09.966125+0800 | INFO | move /Users/10254072/si-im/app/src/main/res/drawable/icon_repost_32px.xml to ./img/origin
2025-04-18T16:16:09.967062+0800 | INFO | move /Users/10254072/si-im/app/src/main/res/drawable/chat_more_action_photo.png to ./img/origin
2025-04-18T16:16:09.967844+0800 | INFO | move /Users/10254072/si-im/app/src/main/res/drawable/icon_position_60px.xml to ./img/origin
2025-04-18T16:16:09.968463+0800 | INFO | move /Users/10254072/si-im/app/src/main/res/drawable/icon_earth_24px.xml to ./img/origin
2025-04-18T16:16:09.969051+0800 | INFO | move /Users/10254072/si-im/app/src/main/res/drawable/icon_unpin_24px.xml to ./img/origin
2025-04-18T16:16:09.970078+0800 | INFO | move /Users/10254072/si-im/app/src/main/res/drawable/icon_nosearch_120px.xml to ./img/origin
2025-04-18T16:16:09.971297+0800 | INFO | move /Users/10254072/si-im/app/src/main/res/drawable/search_no_match.xml to ./img/origin
2025-04-18T16:16:09.972332+0800 | INFO | move /Users/10254072/si-im/app/src/main/res/drawable/chat_more_action_phone.png to ./img/origin
2025-04-18T16:16:09.973266+0800 | INFO | move /Users/10254072/si-im/app/src/main/res/drawable/icon_arrow_up_gray.xml to ./img/origin
2025-04-18T16:16:09.973893+0800 | INFO | move /Users/10254072/si-im/app/src/main/res/drawable/chat_more_action_dot.png to ./img/origin
2025-04-18T16:16:09.974237+0800 | INFO | move /Users/10254072/si-im/app/src/main/res/drawable/chat_more_action_doc.png to ./img/origin
2025-04-18T16:16:09.975173+0800 | INFO | move /Users/10254072/si-im/app/src/main/res/drawable/search_contact_button.xml to ./img/origin
2025-04-18T16:16:09.975619+0800 | INFO | move /Users/10254072/si-im/app/src/main/res/drawable/search_right_arrow.xml to ./img/origin
2025-04-18T16:16:09.976170+0800 | INFO | move /Users/10254072/si-im/app/src/main/res/drawable/rectangle_789.png to ./img/origin
2025-04-18T16:16:09.976648+0800 | INFO | move /Users/10254072/si-im/app/src/main/res/drawable/converstaion_empty.xml to ./img/origin
2025-04-18T16:16:09.977369+0800 | INFO | move /Users/10254072/si-im/app/src/main/res/drawable/ic_meeting_setting.xml to ./img/origin
2025-04-18T16:16:09.977740+0800 | INFO | move /Users/10254072/si-im/app/src/main/res/drawable/ic_volume_dialog_bg.9.png to ./img/origin
2025-04-18T16:16:09.978227+0800 | INFO | move /Users/10254072/si-im/app/src/main/res/drawable/icon_chat_add.xml to ./img/origin
2025-04-18T16:16:09.979704+0800 | INFO | move /Users/10254072/si-im/app/src/main/res/drawable/icon_scan_light_on.xml to ./img/origin
2025-04-18T16:16:09.980499+0800 | INFO | move /Users/10254072/si-im/app/src/main/res/drawable/ic_launcher_background.xml to ./img/origin
2025-04-18T16:16:09.981057+0800 | INFO | move /Users/10254072/si-im/app/src/main/res/drawable/icon_chat_ignore.xml to ./img/origin
2025-04-18T16:16:09.981762+0800 | INFO | move /Users/10254072/si-im/app/src/main/res/drawable/contact_service.png to ./img/origin
2025-04-18T16:16:09.999609+0800 | INFO | move /Users/10254072/si-im/app/src/main/res/drawable-xxhdpi/icon_delete_24px.webp to ./img/origin
2025-04-18T16:16:10.000121+0800 | INFO | move /Users/10254072/si-im/app/src/main/res/drawable-xxhdpi/icon_label_custom.webp to ./img/origin
2025-04-18T16:16:10.001045+0800 | INFO | move /Users/10254072/si-im/app/src/main/res/drawable-xxhdpi/sui_icon_select_img_selected_transparent.webp to ./img/origin
2025-04-18T16:16:10.001525+0800 | INFO | move /Users/10254072/si-im/app/src/main/res/drawable-xxhdpi/icon_multiselect_filled_24px.webp to ./img/origin
2025-04-18T16:16:10.001932+0800 | INFO | move /Users/10254072/si-im/app/src/main/res/drawable-xxhdpi/icon_link_24px.webp to ./img/origin
2025-04-18T16:16:10.002591+0800 | INFO | move /Users/10254072/si-im/app/src/main/res/drawable-xxhdpi/icon_chat.webp to ./img/origin
2025-04-18T16:16:10.004240+0800 | INFO | move /Users/10254072/si-im/app/src/main/res/drawable-xxhdpi/icon_group_chat.webp to ./img/origin
2025-04-18T16:16:10.004752+0800 | INFO | move /Users/10254072/si-im/app/src/main/res/drawable-xxhdpi/icon_online_doc.webp to ./img/origin
2025-04-18T16:16:10.005342+0800 | INFO | move /Users/10254072/si-im/app/src/main/res/drawable-xxhdpi/icon_config.webp to ./img/origin
2025-04-18T16:16:10.006009+0800 | INFO | move /Users/10254072/si-im/app/src/main/res/drawable-xxhdpi/icon_contact_search_empty.webp to ./img/origin
2025-04-18T16:16:10.006734+0800 | INFO | move /Users/10254072/si-im/app/src/main/res/drawable-xxhdpi/icon_item_refresh.webp to ./img/origin
2025-04-18T16:16:10.007436+0800 | INFO | move /Users/10254072/si-im/app/src/main/res/drawable-xxhdpi/icon_item_copy.webp to ./img/origin
2025-04-18T16:16:10.008066+0800 | INFO | move /Users/10254072/si-im/app/src/main/res/drawable-xxhdpi/login_password_hide.webp to ./img/origin
2025-04-18T16:16:10.008953+0800 | INFO | move /Users/10254072/si-im/app/src/main/res/drawable-xxhdpi/ic_setting.png to ./img/origin
2025-04-18T16:16:10.010929+0800 | INFO | move /Users/10254072/si-im/app/src/main/res/drawable-xxhdpi/icon_meeting.webp to ./img/origin
2025-04-18T16:16:10.011882+0800 | INFO | move /Users/10254072/si-im/app/src/main/res/drawable-xxhdpi/login_bg.webp to ./img/origin
2025-04-18T16:16:10.014755+0800 | INFO | move /Users/10254072/si-im/app/src/main/res/drawable-xxhdpi/icon_label_me.webp to ./img/origin
2025-04-18T16:16:10.015830+0800 | INFO | move /Users/10254072/si-im/app/src/main/res/drawable-xxhdpi/icon_album.png to ./img/origin
2025-04-18T16:16:10.018814+0800 | INFO | move /Users/10254072/si-im/app/src/main/res/drawable-xxhdpi/icon_label_single.webp to ./img/origin
2025-04-18T16:16:10.021958+0800 | INFO | move /Users/10254072/si-im/app/src/main/res/drawable-xxhdpi/icon_file.webp to ./img/origin
2025-04-18T16:16:10.022522+0800 | INFO | move /Users/10254072/si-im/app/src/main/res/drawable-xxhdpi/icon_quote_24px.webp to ./img/origin
2025-04-18T16:16:10.023075+0800 | INFO | move /Users/10254072/si-im/app/src/main/res/drawable-xxhdpi/icon_defaultheadpic_48px.webp to ./img/origin
2025-04-18T16:16:10.023820+0800 | INFO | move /Users/10254072/si-im/app/src/main/res/drawable-xxhdpi/icon_label_edit.webp to ./img/origin
2025-04-18T16:16:10.024298+0800 | INFO | move /Users/10254072/si-im/app/src/main/res/drawable-xxhdpi/icon_defaultheadpic_group_48px.webp to ./img/origin
2025-04-18T16:16:10.024873+0800 | INFO | move /Users/10254072/si-im/app/src/main/res/drawable-xxhdpi/icon_qrcode.png to ./img/origin
2025-04-18T16:16:10.025317+0800 | INFO | move /Users/10254072/si-im/app/src/main/res/drawable-xxhdpi/icon_item_browser.webp to ./img/origin
2025-04-18T16:16:10.025804+0800 | INFO | move /Users/10254072/si-im/app/src/main/res/drawable-xxhdpi/icon_qr_code.webp to ./img/origin
2025-04-18T16:16:10.026303+0800 | INFO | move /Users/10254072/si-im/app/src/main/res/drawable-xxhdpi/icon_add.webp to ./img/origin
2025-04-18T16:16:10.026962+0800 | INFO | move /Users/10254072/si-im/app/src/main/res/drawable-xxhdpi/ic_arrow.png to ./img/origin
2025-04-18T16:16:10.027402+0800 | INFO | move /Users/10254072/si-im/app/src/main/res/drawable-xxhdpi/icon_select.webp to ./img/origin
2025-04-18T16:16:10.028090+0800 | INFO | move /Users/10254072/si-im/app/src/main/res/drawable-xxhdpi/sui_icon_select_m_transparent.webp to ./img/origin
2025-04-18T16:16:10.028672+0800 | INFO | move /Users/10254072/si-im/app/src/main/res/drawable-xxhdpi/icon_copy_24px.webp to ./img/origin
2025-04-18T16:16:10.029075+0800 | INFO | move /Users/10254072/si-im/app/src/main/res/drawable-xxhdpi/icon_label_unread.webp to ./img/origin
2025-04-18T16:16:10.029585+0800 | INFO | move /Users/10254072/si-im/app/src/main/res/drawable-xxhdpi/icon_repo_24px.webp to ./img/origin
2025-04-18T16:16:10.038085+0800 | INFO | move /Users/10254072/si-im/app/src/main/res/drawable-xxhdpi/ic_big_img_download.png to ./img/origin
2025-04-18T16:16:10.042307+0800 | INFO | move /Users/10254072/si-im/app/src/main/res/drawable-xxhdpi/icon_item_forward.webp to ./img/origin
2025-04-18T16:16:10.045848+0800 | INFO | move /Users/10254072/si-im/app/src/main/res/drawable-xxhdpi/icon_label_group.webp to ./img/origin
2025-04-18T16:16:10.046608+0800 | INFO | move /Users/10254072/si-im/app/src/main/res/drawable-xxhdpi/login_password_show.webp to ./img/origin
2025-04-18T16:16:10.047364+0800 | INFO | move /Users/10254072/si-im/app/src/main/res/drawable-xxhdpi/icon_pics_24px.webp to ./img/origin
2025-04-18T16:16:10.048193+0800 | INFO | move /Users/10254072/si-im/app/src/main/res/drawable-xxhdpi/icon_notification_remind.png to ./img/origin
2025-04-18T16:16:10.048709+0800 | INFO | move /Users/10254072/si-im/app/src/main/res/drawable-xxhdpi/icon_file_24px.webp to ./img/origin
2025-04-18T16:16:10.049293+0800 | INFO | move /Users/10254072/si-im/app/src/main/res/drawable-xxhdpi/ic_collection.png to ./img/origin
2025-04-18T16:16:10.049972+0800 | INFO | move /Users/10254072/si-im/app/src/main/res/drawable-xxhdpi/icon_collect_empty.png to ./img/origin
2025-04-18T16:16:10.050587+0800 | INFO | move /Users/10254072/si-im/app/src/main/res/drawable-xxhdpi/icon_right_arrow_small.png to ./img/origin
2025-04-18T16:16:10.051025+0800 | INFO | move /Users/10254072/si-im/app/src/main/res/drawable-xxhdpi/chat_back_white.png to ./img/origin
2025-04-18T16:16:10.051604+0800 | INFO | move /Users/10254072/si-im/app/src/main/res/drawable-xxhdpi/icon_save_24px.png to ./img/origin
2025-04-18T16:16:10.052116+0800 | INFO | move /Users/10254072/si-im/app/src/main/res/drawable-xxhdpi/icon_arrow_down.png to ./img/origin
2025-04-18T16:16:10.052587+0800 | INFO | move /Users/10254072/si-im/app/src/main/res/drawable-xxhdpi/icon_label_mark.webp to ./img/origin
2025-04-18T16:16:10.053020+0800 | INFO | move /Users/10254072/si-im/app/src/main/res/drawable-xxhdpi/core_close_icon.png to ./img/origin
2025-04-18T16:16:10.053431+0800 | INFO | move /Users/10254072/si-im/app/src/main/res/drawable-xxhdpi/icon_email_line_black.webp to ./img/origin
2025-04-18T16:16:10.201319+0800 | INFO | move /Users/10254072/si-im/si_rtc_call/component/videocall/src/main/res/drawable/icon_voice_calling_blue_24px.xml to ./img/origin
2025-04-18T16:16:10.204175+0800 | INFO | move /Users/10254072/si-im/si_rtc_call/component/videocall/src/main/res/drawable-xxhdpi/ic_effect_filter_sparkling_water.png to ./img/origin
2025-04-18T16:16:10.204837+0800 | INFO | move /Users/10254072/si-im/si_rtc_call/component/videocall/src/main/res/drawable-xxhdpi/ic_effect_sharp.png to ./img/origin
2025-04-18T16:16:10.205393+0800 | INFO | move /Users/10254072/si-im/si_rtc_call/component/videocall/src/main/res/drawable-xxhdpi/ic_audio_route_speaker.png to ./img/origin
2025-04-18T16:16:10.206200+0800 | INFO | move /Users/10254072/si-im/si_rtc_call/component/videocall/src/main/res/drawable-xxhdpi/ic_effect_filter_bright.png to ./img/origin
2025-04-18T16:16:10.206746+0800 | INFO | move /Users/10254072/si-im/si_rtc_call/component/videocall/src/main/res/drawable-xxhdpi/effect_seekbar_thumb.png to ./img/origin
2025-04-18T16:16:10.207268+0800 | INFO | move /Users/10254072/si-im/si_rtc_call/component/videocall/src/main/res/drawable-xxhdpi/ic_camera_off_red.png to ./img/origin
2025-04-18T16:16:10.207779+0800 | INFO | move /Users/10254072/si-im/si_rtc_call/component/videocall/src/main/res/drawable-xxhdpi/ic_video_call.png to ./img/origin
2025-04-18T16:16:10.208490+0800 | INFO | move /Users/10254072/si-im/si_rtc_call/component/videocall/src/main/res/drawable-xxhdpi/scene_video_call.png to ./img/origin
2025-04-18T16:16:10.209004+0800 | INFO | move /Users/10254072/si-im/si_rtc_call/component/videocall/src/main/res/drawable-xxhdpi/ic_effect_boy.png to ./img/origin
2025-04-18T16:16:10.209577+0800 | INFO | move /Users/10254072/si-im/si_rtc_call/component/videocall/src/main/res/drawable-xxhdpi/ic_effect_nose.png to ./img/origin
2025-04-18T16:16:10.210044+0800 | INFO | move /Users/10254072/si-im/si_rtc_call/component/videocall/src/main/res/drawable-xxhdpi/ic_close.png to ./img/origin
2025-04-18T16:16:10.210595+0800 | INFO | move /Users/10254072/si-im/si_rtc_call/component/videocall/src/main/res/drawable-xxhdpi/ic_effect_filter_vintage.png to ./img/origin
2025-04-18T16:16:10.211089+0800 | INFO | move /Users/10254072/si-im/si_rtc_call/component/videocall/src/main/res/drawable-xxhdpi/effect_selected_rec_bg.png to ./img/origin
2025-04-18T16:16:10.211479+0800 | INFO | move /Users/10254072/si-im/si_rtc_call/component/videocall/src/main/res/drawable-xxhdpi/ic_voice_call.png to ./img/origin
2025-04-18T16:16:10.211971+0800 | INFO | move /Users/10254072/si-im/si_rtc_call/component/videocall/src/main/res/drawable-xxhdpi/ic_camera_off_white.png to ./img/origin
2025-04-18T16:16:10.212490+0800 | INFO | move /Users/10254072/si-im/si_rtc_call/component/videocall/src/main/res/drawable-xxhdpi/ic_effect_whiten.png to ./img/origin
2025-04-18T16:16:10.213013+0800 | INFO | move /Users/10254072/si-im/si_rtc_call/component/videocall/src/main/res/drawable-xxhdpi/ic_microphone_off.png to ./img/origin
2025-04-18T16:16:10.213562+0800 | INFO | move /Users/10254072/si-im/si_rtc_call/component/videocall/src/main/res/drawable-xxhdpi/ic_camera_switch.png to ./img/origin
2025-04-18T16:16:10.214263+0800 | INFO | move /Users/10254072/si-im/si_rtc_call/component/videocall/src/main/res/drawable-xxhdpi/ic_effect_filter_milk_tea.png to ./img/origin
2025-04-18T16:16:10.214956+0800 | INFO | move /Users/10254072/si-im/si_rtc_call/component/videocall/src/main/res/drawable-xxhdpi/ic_effect_filter_dracula.png to ./img/origin
2025-04-18T16:16:10.215731+0800 | INFO | move /Users/10254072/si-im/si_rtc_call/component/videocall/src/main/res/drawable-xxhdpi/ic_effect_filter_nature.png to ./img/origin
2025-04-18T16:16:10.216280+0800 | INFO | move /Users/10254072/si-im/si_rtc_call/component/videocall/src/main/res/drawable-xxhdpi/ic_audio_route_earpiece.png to ./img/origin
2025-04-18T16:16:10.216842+0800 | INFO | move /Users/10254072/si-im/si_rtc_call/component/videocall/src/main/res/drawable-xxhdpi/ic_effect_filter_landscape.png to ./img/origin
2025-04-18T16:16:10.217324+0800 | INFO | move /Users/10254072/si-im/si_rtc_call/component/videocall/src/main/res/drawable-xxhdpi/ic_back_arrow.png to ./img/origin
2025-04-18T16:16:10.217772+0800 | INFO | move /Users/10254072/si-im/si_rtc_call/component/videocall/src/main/res/drawable-xxhdpi/ic_effect_smooth.png to ./img/origin
2025-04-18T16:16:10.218427+0800 | INFO | move /Users/10254072/si-im/si_rtc_call/component/videocall/src/main/res/drawable-xxhdpi/empty_view.png to ./img/origin
2025-04-18T16:16:10.218926+0800 | INFO | move /Users/10254072/si-im/si_rtc_call/component/videocall/src/main/res/drawable-xxhdpi/ic_effect_no_select.png to ./img/origin
2025-04-18T16:16:10.219493+0800 | INFO | move /Users/10254072/si-im/si_rtc_call/component/videocall/src/main/res/drawable-xxhdpi/ic_effect_remove_pouch.png to ./img/origin
2025-04-18T16:16:10.220186+0800 | INFO | move /Users/10254072/si-im/si_rtc_call/component/videocall/src/main/res/drawable-xxhdpi/ic_effect_filter_american_film.png to ./img/origin
2025-04-18T16:16:10.220872+0800 | INFO | move /Users/10254072/si-im/si_rtc_call/component/videocall/src/main/res/drawable-xxhdpi/ic_effect_slim_face.png to ./img/origin
2025-04-18T16:16:10.221360+0800 | INFO | move /Users/10254072/si-im/si_rtc_call/component/videocall/src/main/res/drawable-xxhdpi/ic_effect_jawbone.png to ./img/origin
2025-04-18T16:16:10.221877+0800 | INFO | move /Users/10254072/si-im/si_rtc_call/component/videocall/src/main/res/drawable-xxhdpi/bg_calle_name_prefix.webp to ./img/origin
2025-04-18T16:16:10.222566+0800 | INFO | move /Users/10254072/si-im/si_rtc_call/component/videocall/src/main/res/drawable-xxhdpi/ic_effect_filter_green.png to ./img/origin
2025-04-18T16:16:10.223111+0800 | INFO | move /Users/10254072/si-im/si_rtc_call/component/videocall/src/main/res/drawable-xxhdpi/ic_search.png to ./img/origin
2025-04-18T16:16:10.223663+0800 | INFO | move /Users/10254072/si-im/si_rtc_call/component/videocall/src/main/res/drawable-xxhdpi/ic_effect_big_eye.png to ./img/origin
2025-04-18T16:16:10.224247+0800 | INFO | move /Users/10254072/si-im/si_rtc_call/component/videocall/src/main/res/drawable-xxhdpi/ic_enter_pip.png to ./img/origin
2025-04-18T16:16:10.225013+0800 | INFO | move /Users/10254072/si-im/si_rtc_call/component/videocall/src/main/res/drawable-xxhdpi/effect_btn_selected_bg.png to ./img/origin
2025-04-18T16:16:10.225539+0800 | INFO | move /Users/10254072/si-im/si_rtc_call/component/videocall/src/main/res/drawable-xxhdpi/icon_warning.png to ./img/origin
2025-04-18T16:16:10.226083+0800 | INFO | move /Users/10254072/si-im/si_rtc_call/component/videocall/src/main/res/drawable-xxhdpi/ic_effect_smiles_folds.png to ./img/origin
2025-04-18T16:16:10.226796+0800 | INFO | move /Users/10254072/si-im/si_rtc_call/component/videocall/src/main/res/drawable-xxhdpi/ic_effect_filter_bright_orange.png to ./img/origin
2025-04-18T16:16:10.227328+0800 | INFO | move /Users/10254072/si-im/si_rtc_call/component/videocall/src/main/res/drawable-xxhdpi/ic_dial_put_through.png to ./img/origin
2025-04-18T16:16:10.227867+0800 | INFO | move /Users/10254072/si-im/si_rtc_call/component/videocall/src/main/res/drawable-xxhdpi/ic_effect_filter_food.png to ./img/origin
2025-04-18T16:16:10.228531+0800 | INFO | move /Users/10254072/si-im/si_rtc_call/component/videocall/src/main/res/drawable-xxhdpi/ic_effect_nature.png to ./img/origin
2025-04-18T16:16:10.229179+0800 | INFO | move /Users/10254072/si-im/si_rtc_call/component/videocall/src/main/res/drawable-xxhdpi/ic_effect_narrow_face.png to ./img/origin
2025-04-18T16:16:10.229778+0800 | INFO | move /Users/10254072/si-im/si_rtc_call/component/videocall/src/main/res/drawable-xxhdpi/effect_btn_normal_bg.png to ./img/origin
2025-04-18T16:16:10.230396+0800 | INFO | move /Users/10254072/si-im/si_rtc_call/component/videocall/src/main/res/drawable-xxhdpi/ic_effect_cheekbone.png to ./img/origin
2025-04-18T16:16:10.231120+0800 | INFO | move /Users/10254072/si-im/si_rtc_call/component/videocall/src/main/res/drawable-xxhdpi/ic_effect_gril.png to ./img/origin
2025-04-18T16:16:10.231748+0800 | INFO | move /Users/10254072/si-im/si_rtc_call/component/videocall/src/main/res/drawable-xxhdpi/ic_warning.png to ./img/origin
2025-04-18T16:16:10.232402+0800 | INFO | move /Users/10254072/si-im/si_rtc_call/component/videocall/src/main/res/drawable-xxhdpi/ic_hangup.png to ./img/origin
2025-04-18T16:16:10.233060+0800 | INFO | move /Users/10254072/si-im/si_rtc_call/component/videocall/src/main/res/drawable-xxhdpi/ic_video_effect.png to ./img/origin
2025-04-18T16:16:10.233899+0800 | INFO | move /Users/10254072/si-im/si_rtc_call/component/videocall/src/main/res/drawable-xxhdpi/bg_effect_dialog.png to ./img/origin
2025-04-18T16:16:10.234767+0800 | INFO | move /Users/10254072/si-im/si_rtc_call/component/videocall/src/main/res/drawable-xxhdpi/ic_microphone_on.png to ./img/origin
2025-04-18T16:16:10.235252+0800 | INFO | move /Users/10254072/si-im/si_rtc_call/component/videocall/src/main/res/drawable-xxhdpi/ic_ringing_tune.png to ./img/origin
2025-04-18T16:16:10.235927+0800 | INFO | move /Users/10254072/si-im/si_rtc_call/component/videocall/src/main/res/drawable-xxhdpi/ic_effect_filter_portrait.png to ./img/origin
2025-04-18T16:16:10.236686+0800 | INFO | move /Users/10254072/si-im/si_rtc_call/component/videocall/src/main/res/drawable-xxhdpi/bg_calling_animation.png to ./img/origin
2025-04-18T16:16:10.237227+0800 | INFO | move /Users/10254072/si-im/si_rtc_call/component/videocall/src/main/res/drawable-xxhdpi/bg_round.png to ./img/origin
2025-04-18T16:16:10.237788+0800 | INFO | move /Users/10254072/si-im/si_rtc_call/component/videocall/src/main/res/drawable-xxhdpi/ic_camera_on.png to ./img/origin
2025-04-18T16:16:10.238366+0800 | INFO | move /Users/10254072/si-im/si_rtc_call/component/videocall/src/main/res/drawable-xxhdpi/ic_effect_clear.png to ./img/origin
2025-04-18T16:16:10.239039+0800 | INFO | move /Users/10254072/si-im/si_rtc_call/component/videocall/src/main/res/drawable-xxhdpi/ic_effect_filter_cold_white.png to ./img/origin
2025-04-18T16:16:10.239632+0800 | INFO | move /Users/10254072/si-im/si_rtc_call/component/videocall/src/main/res/drawable-xxhdpi/ic_effect_filter_hokkaido.png to ./img/origin
2025-04-18T16:16:10.252900+0800 | INFO | move /Users/10254072/si-im/si_rtc_call/component/LoginKit/src/main/res/drawable-xxxhdpi/login_update.png to ./img/origin
2025-04-18T16:16:10.253639+0800 | INFO | move /Users/10254072/si-im/si_rtc_call/component/LoginKit/src/main/res/drawable-xxxhdpi/login_background_image.webp to ./img/origin
2025-04-18T16:16:10.254428+0800 | INFO | move /Users/10254072/si-im/si_rtc_call/component/LoginKit/src/main/res/drawable-xxxhdpi/ic_circle_checked.png to ./img/origin
2025-04-18T16:16:10.255020+0800 | INFO | move /Users/10254072/si-im/si_rtc_call/component/LoginKit/src/main/res/drawable-xxxhdpi/close_red.png to ./img/origin
2025-04-18T16:16:10.255611+0800 | INFO | move /Users/10254072/si-im/si_rtc_call/component/LoginKit/src/main/res/drawable-xxxhdpi/ic_circle_unchecked.png to ./img/origin
2025-04-18T16:16:10.256301+0800 | INFO | move /Users/10254072/si-im/si_rtc_call/component/LoginKit/src/main/res/drawable-xxxhdpi/edit_name_clear_icon.png to ./img/origin
2025-04-18T16:16:10.266131+0800 | INFO | move /Users/10254072/si-im/si_rtc_call/component/ToolKit/src/main/res/drawable-xxhdpi/common_refresh.png to ./img/origin
2025-04-18T16:16:10.266756+0800 | INFO | move /Users/10254072/si-im/si_rtc_call/component/ToolKit/src/main/res/drawable-xxhdpi/close_red.png to ./img/origin
2025-04-18T16:16:10.267354+0800 | INFO | move /Users/10254072/si-im/si_rtc_call/component/ToolKit/src/main/res/drawable-xxhdpi/common_right_arrow.png to ./img/origin
2025-04-18T16:16:10.267959+0800 | INFO | move /Users/10254072/si-im/si_rtc_call/component/ToolKit/src/main/res/drawable-xxhdpi/common_back_arrow.png to ./img/origin
2025-04-18T16:16:10.282320+0800 | INFO | move /Users/10254072/si-im/si_rtc_call/src/withRtc/res/drawable-xxhdpi/main_page_selected.png to ./img/origin
2025-04-18T16:16:10.283493+0800 | INFO | move /Users/10254072/si-im/si_rtc_call/src/withRtc/res/drawable-xxhdpi/app_icon.png to ./img/origin
2025-04-18T16:16:10.284385+0800 | INFO | move /Users/10254072/si-im/si_rtc_call/src/withRtc/res/drawable-xxhdpi/verify_update.png to ./img/origin
2025-04-18T16:16:10.285351+0800 | INFO | move /Users/10254072/si-im/si_rtc_call/src/withRtc/res/drawable-xxhdpi/profile_unselected.png to ./img/origin
2025-04-18T16:16:10.286183+0800 | INFO | move /Users/10254072/si-im/si_rtc_call/src/withRtc/res/drawable-xxhdpi/main_page_unselected.png to ./img/origin
2025-04-18T16:16:10.287140+0800 | INFO | move /Users/10254072/si-im/si_rtc_call/src/withRtc/res/drawable-xxhdpi/byteplus_logo.png to ./img/origin
2025-04-18T16:16:10.287779+0800 | INFO | move /Users/10254072/si-im/si_rtc_call/src/withRtc/res/drawable-xxhdpi/profile_selected.png to ./img/origin
2025-04-18T16:16:10.288637+0800 | INFO | move /Users/10254072/si-im/si_rtc_call/src/withRtc/res/drawable-xxhdpi/app_logo.png to ./img/origin
2025-04-18T16:16:10.311207+0800 | INFO | move /Users/10254072/si-im/si_common/src/main/res/drawable/icon_check_green_12px.xml to ./img/origin
2025-04-18T16:16:10.313274+0800 | INFO | move /Users/10254072/si-im/si_common/src/main/res/drawable/icon_fastmeeting_fill_34px.xml to ./img/origin
2025-04-18T16:16:10.314025+0800 | INFO | move /Users/10254072/si-im/si_common/src/main/res/drawable/icon_nav_minimize.xml to ./img/origin
2025-04-18T16:16:10.314712+0800 | INFO | move /Users/10254072/si-im/si_common/src/main/res/drawable/icon_check_black_16px.xml to ./img/origin
2025-04-18T16:16:10.315460+0800 | INFO | move /Users/10254072/si-im/si_common/src/main/res/drawable/icon_video_off_32px.xml to ./img/origin
2025-04-18T16:16:10.316656+0800 | INFO | move /Users/10254072/si-im/si_common/src/main/res/drawable/icon_wechat_16px.xml to ./img/origin
2025-04-18T16:16:10.317394+0800 | INFO | move /Users/10254072/si-im/si_common/src/main/res/drawable/icon_transparent.xml to ./img/origin
2025-04-18T16:16:10.318139+0800 | INFO | move /Users/10254072/si-im/si_common/src/main/res/drawable/icon_voicecall_cancel_18px.xml to ./img/origin
2025-04-18T16:16:10.318824+0800 | INFO | move /Users/10254072/si-im/si_common/src/main/res/drawable/album_ic_back.xml to ./img/origin
2025-04-18T16:16:10.319486+0800 | INFO | move /Users/10254072/si-im/si_common/src/main/res/drawable/album_ic_close.xml to ./img/origin
2025-04-18T16:16:10.320262+0800 | INFO | move /Users/10254072/si-im/si_common/src/main/res/drawable/icon_ppt.xml to ./img/origin
2025-04-18T16:16:10.320788+0800 | INFO | move /Users/10254072/si-im/si_common/src/main/res/drawable/icon_nonnotification_16px.xml to ./img/origin
2025-04-18T16:16:10.321649+0800 | INFO | move /Users/10254072/si-im/si_common/src/main/res/drawable/icon_copylink_24px.xml to ./img/origin
2025-04-18T16:16:10.322255+0800 | INFO | move /Users/10254072/si-im/si_common/src/main/res/drawable/album_preview_select_p.xml to ./img/origin
2025-04-18T16:16:10.322905+0800 | INFO | move /Users/10254072/si-im/si_common/src/main/res/drawable/icon_check_in_96px.xml to ./img/origin
2025-04-18T16:16:10.324493+0800 | INFO | move /Users/10254072/si-im/si_common/src/main/res/drawable/album_pause.xml to ./img/origin
2025-04-18T16:16:10.325139+0800 | INFO | move /Users/10254072/si-im/si_common/src/main/res/drawable/sui_icon_setting_line_30px.xml to ./img/origin
2025-04-18T16:16:10.325852+0800 | INFO | move /Users/10254072/si-im/si_common/src/main/res/drawable/icon_regular_28px.xml to ./img/origin
2025-04-18T16:16:10.327237+0800 | INFO | move /Users/10254072/si-im/si_common/src/main/res/drawable/icon_share_24px.xml to ./img/origin
2025-04-18T16:16:10.327705+0800 | INFO | move /Users/10254072/si-im/si_common/src/main/res/drawable/icon_video_white_32px.xml to ./img/origin
2025-04-18T16:16:10.328149+0800 | INFO | move /Users/10254072/si-im/si_common/src/main/res/drawable/icon_top_alert.xml to ./img/origin
2025-04-18T16:16:10.328665+0800 | INFO | move /Users/10254072/si-im/si_common/src/main/res/drawable/icon_nav_add_pressed_24px.xml to ./img/origin
2025-04-18T16:16:10.329294+0800 | INFO | move /Users/10254072/si-im/si_common/src/main/res/drawable/icon_time_72.xml to ./img/origin
2025-04-18T16:16:10.329923+0800 | INFO | move /Users/10254072/si-im/si_common/src/main/res/drawable/icon_deleteclose_20px.xml to ./img/origin
2025-04-18T16:16:10.330907+0800 | INFO | move /Users/10254072/si-im/si_common/src/main/res/drawable/agenda_to.xml to ./img/origin
2025-04-18T16:16:10.331465+0800 | INFO | move /Users/10254072/si-im/si_common/src/main/res/drawable/icon_shein_doc_small.xml to ./img/origin
2025-04-18T16:16:10.332272+0800 | INFO | move /Users/10254072/si-im/si_common/src/main/res/drawable/icon_mic_closed.xml to ./img/origin
2025-04-18T16:16:10.332904+0800 | INFO | move /Users/10254072/si-im/si_common/src/main/res/drawable/icon_meetingroom_16px.xml to ./img/origin
2025-04-18T16:16:10.333396+0800 | INFO | move /Users/10254072/si-im/si_common/src/main/res/drawable/add_person_call.xml to ./img/origin
2025-04-18T16:16:10.334351+0800 | INFO | move /Users/10254072/si-im/si_common/src/main/res/drawable/icon_copy_16px.xml to ./img/origin
2025-04-18T16:16:10.335386+0800 | INFO | move /Users/10254072/si-im/si_common/src/main/res/drawable/chat_permission_icon_camera.png to ./img/origin
2025-04-18T16:16:10.335911+0800 | INFO | move /Users/10254072/si-im/si_common/src/main/res/drawable/icon_pending_fill_12px.xml to ./img/origin
2025-04-18T16:16:10.336896+0800 | INFO | move /Users/10254072/si-im/si_common/src/main/res/drawable/icon_downtrangle.xml to ./img/origin
2025-04-18T16:16:10.337575+0800 | INFO | move /Users/10254072/si-im/si_common/src/main/res/drawable/album_ic_camera.xml to ./img/origin
2025-04-18T16:16:10.338188+0800 | INFO | move /Users/10254072/si-im/si_common/src/main/res/drawable/icon_success_filled_68px.xml to ./img/origin
2025-04-18T16:16:10.338655+0800 | INFO | move /Users/10254072/si-im/si_common/src/main/res/drawable/icon_audio.xml to ./img/origin
2025-04-18T16:16:10.339239+0800 | INFO | move /Users/10254072/si-im/si_common/src/main/res/drawable/icon_calendar_fill_32px.xml to ./img/origin
2025-04-18T16:16:10.340210+0800 | INFO | move /Users/10254072/si-im/si_common/src/main/res/drawable/icon_search_16px.xml to ./img/origin
2025-04-18T16:16:10.340966+0800 | INFO | move /Users/10254072/si-im/si_common/src/main/res/drawable/icon_warn_18.xml to ./img/origin
2025-04-18T16:16:10.341575+0800 | INFO | move /Users/10254072/si-im/si_common/src/main/res/drawable/sui_icon_setting_fill_30px.xml to ./img/origin
2025-04-18T16:16:10.342093+0800 | INFO | move /Users/10254072/si-im/si_common/src/main/res/drawable/icon_mic_open.xml to ./img/origin
2025-04-18T16:16:10.342721+0800 | INFO | move /Users/10254072/si-im/si_common/src/main/res/drawable/icon_schedule_line_18px.xml to ./img/origin
2025-04-18T16:16:10.343310+0800 | INFO | move /Users/10254072/si-im/si_common/src/main/res/drawable/album_ic_video.xml to ./img/origin
2025-04-18T16:16:10.343796+0800 | INFO | move /Users/10254072/si-im/si_common/src/main/res/drawable/icon_headset_usb_32px.xml to ./img/origin
2025-04-18T16:16:10.344565+0800 | INFO | move /Users/10254072/si-im/si_common/src/main/res/drawable/icon_repeat_24px.xml to ./img/origin
2025-04-18T16:16:10.344988+0800 | INFO | move /Users/10254072/si-im/si_common/src/main/res/drawable/album_play.xml to ./img/origin
2025-04-18T16:16:10.345849+0800 | INFO | move /Users/10254072/si-im/si_common/src/main/res/drawable/icon_default_avatar.xml to ./img/origin
2025-04-18T16:16:10.346318+0800 | INFO | move /Users/10254072/si-im/si_common/src/main/res/drawable/icon_phone_accept_green_32px.xml to ./img/origin
2025-04-18T16:16:10.347179+0800 | INFO | move /Users/10254072/si-im/si_common/src/main/res/drawable/icon_caution_16px.xml to ./img/origin
2025-04-18T16:16:10.347776+0800 | INFO | move /Users/10254072/si-im/si_common/src/main/res/drawable/icon_reject_fill_12px.xml to ./img/origin
2025-04-18T16:16:10.348270+0800 | INFO | move /Users/10254072/si-im/si_common/src/main/res/drawable/album_ic_gif.xml to ./img/origin
2025-04-18T16:16:10.348869+0800 | INFO | move /Users/10254072/si-im/si_common/src/main/res/drawable/icon_ear_32px.xml to ./img/origin
2025-04-18T16:16:10.349414+0800 | INFO | move /Users/10254072/si-im/si_common/src/main/res/drawable/search.xml to ./img/origin
2025-04-18T16:16:10.350116+0800 | INFO | move /Users/10254072/si-im/si_common/src/main/res/drawable/icon_add_fill_24px.xml to ./img/origin
2025-04-18T16:16:10.350668+0800 | INFO | move /Users/10254072/si-im/si_common/src/main/res/drawable/icon_video_18px.xml to ./img/origin
2025-04-18T16:16:10.351430+0800 | INFO | move /Users/10254072/si-im/si_common/src/main/res/drawable/icon_video_fill_18px.xml to ./img/origin
2025-04-18T16:16:10.352037+0800 | INFO | move /Users/10254072/si-im/si_common/src/main/res/drawable/icon_address_16px.xml to ./img/origin
2025-04-18T16:16:10.352551+0800 | INFO | move /Users/10254072/si-im/si_common/src/main/res/drawable/chat_permission_icon_mic.png to ./img/origin
2025-04-18T16:16:10.353234+0800 | INFO | move /Users/10254072/si-im/si_common/src/main/res/drawable/icon_schedule_24px.xml to ./img/origin
2025-04-18T16:16:10.353996+0800 | INFO | move /Users/10254072/si-im/si_common/src/main/res/drawable/album_ic_dropdown.xml to ./img/origin
2025-04-18T16:16:10.354680+0800 | INFO | move /Users/10254072/si-im/si_common/src/main/res/drawable/icon_nav_add_blue_20px.xml to ./img/origin
2025-04-18T16:16:10.355422+0800 | INFO | move /Users/10254072/si-im/si_common/src/main/res/drawable/icon_nav_menu_24px.xml to ./img/origin
2025-04-18T16:16:10.356446+0800 | INFO | move /Users/10254072/si-im/si_common/src/main/res/drawable/icon_check_in_line_30px.xml to ./img/origin
2025-04-18T16:16:10.357233+0800 | INFO | move /Users/10254072/si-im/si_common/src/main/res/drawable/icon_nav_filter_24px.xml to ./img/origin
2025-04-18T16:16:10.358440+0800 | INFO | move /Users/10254072/si-im/si_common/src/main/res/drawable/icon_caution.xml to ./img/origin
2025-04-18T16:16:10.358935+0800 | INFO | move /Users/10254072/si-im/si_common/src/main/res/drawable/icon_noresult_120px.xml to ./img/origin
2025-04-18T16:16:10.359582+0800 | INFO | move /Users/10254072/si-im/si_common/src/main/res/drawable/icon_abnormal_28px.xml to ./img/origin
2025-04-18T16:16:10.360677+0800 | INFO | move /Users/10254072/si-im/si_common/src/main/res/drawable/icon_voice_fill_18px.xml to ./img/origin
2025-04-18T16:16:10.361249+0800 | INFO | move /Users/10254072/si-im/si_common/src/main/res/drawable/icon_clear_14px.xml to ./img/origin
2025-04-18T16:16:10.361536+0800 | INFO | move /Users/10254072/si-im/si_common/src/main/res/drawable/icon_phone_accept_48px.xml to ./img/origin
2025-04-18T16:16:10.361907+0800 | INFO | move /Users/10254072/si-im/si_common/src/main/res/drawable/icon_nav_close_24px.xml to ./img/origin
2025-04-18T16:16:10.362492+0800 | INFO | move /Users/10254072/si-im/si_common/src/main/res/drawable/icon_arrow_back_24.xml to ./img/origin
2025-04-18T16:16:10.362992+0800 | INFO | move /Users/10254072/si-im/si_common/src/main/res/drawable/icon_arrowright_16px.xml to ./img/origin
2025-04-18T16:16:10.363420+0800 | INFO | move /Users/10254072/si-im/si_common/src/main/res/drawable/icon_statistics_fill_30px.xml to ./img/origin
2025-04-18T16:16:10.364042+0800 | INFO | move /Users/10254072/si-im/si_common/src/main/res/drawable/icon_call_fill_18px.xml to ./img/origin
2025-04-18T16:16:10.364282+0800 | INFO | move /Users/10254072/si-im/si_common/src/main/res/drawable/chat_permission_icon_file.png to ./img/origin
2025-04-18T16:16:10.364619+0800 | INFO | move /Users/10254072/si-im/si_common/src/main/res/drawable/icon_shein_doc.xml to ./img/origin
2025-04-18T16:16:10.365392+0800 | INFO | move /Users/10254072/si-im/si_common/src/main/res/drawable/icon_checkin_circle.xml to ./img/origin
2025-04-18T16:16:10.366081+0800 | INFO | move /Users/10254072/si-im/si_common/src/main/res/drawable/icon_label_setting.xml to ./img/origin
2025-04-18T16:16:10.366739+0800 | INFO | move /Users/10254072/si-im/si_common/src/main/res/drawable/icon_arrow_right_40px.xml to ./img/origin
2025-04-18T16:16:10.367484+0800 | INFO | move /Users/10254072/si-im/si_common/src/main/res/drawable/icon_avatar_calendar_48px.xml to ./img/origin
2025-04-18T16:16:10.367998+0800 | INFO | move /Users/10254072/si-im/si_common/src/main/res/drawable/icon_member_16px.xml to ./img/origin
2025-04-18T16:16:10.368386+0800 | INFO | move /Users/10254072/si-im/si_common/src/main/res/drawable/icon_loudspeaker_32px.xml to ./img/origin
2025-04-18T16:16:10.368778+0800 | INFO | move /Users/10254072/si-im/si_common/src/main/res/drawable/icon_fiipcamera_32px.xml to ./img/origin
2025-04-18T16:16:10.370190+0800 | INFO | move /Users/10254072/si-im/si_common/src/main/res/drawable/icon_time_fill_16px.xml to ./img/origin
2025-04-18T16:16:10.370736+0800 | INFO | move /Users/10254072/si-im/si_common/src/main/res/drawable/icon_check_in_fill_30px.xml to ./img/origin
2025-04-18T16:16:10.371632+0800 | INFO | move /Users/10254072/si-im/si_common/src/main/res/drawable/icon_vacation.xml to ./img/origin
2025-04-18T16:16:10.371937+0800 | INFO | move /Users/10254072/si-im/si_common/src/main/res/drawable/icon_bluetooth_32px.xml to ./img/origin
2025-04-18T16:16:10.372438+0800 | INFO | move /Users/10254072/si-im/si_common/src/main/res/drawable/icon_nav_add_common_24px.xml to ./img/origin
2025-04-18T16:16:10.372911+0800 | INFO | move /Users/10254072/si-im/si_common/src/main/res/drawable/icon_loudspeaker_off_32px.xml to ./img/origin
2025-04-18T16:16:10.373256+0800 | INFO | move /Users/10254072/si-im/si_common/src/main/res/drawable/icon_video_cancel_18px.xml to ./img/origin
2025-04-18T16:16:10.373753+0800 | INFO | move /Users/10254072/si-im/si_common/src/main/res/drawable/icon_history_line_30px.xml to ./img/origin
2025-04-18T16:16:10.374602+0800 | INFO | move /Users/10254072/si-im/si_common/src/main/res/drawable/icon_statistics_line_30px.xml to ./img/origin
2025-04-18T16:16:10.375023+0800 | INFO | move /Users/10254072/si-im/si_common/src/main/res/drawable/album_ic_check.xml to ./img/origin
2025-04-18T16:16:10.375533+0800 | INFO | move /Users/10254072/si-im/si_common/src/main/res/drawable/icon_phone_hangup_32px.xml to ./img/origin
2025-04-18T16:16:10.377444+0800 | INFO | move /Users/10254072/si-im/si_common/src/main/res/drawable-xxhdpi/icon_computer_online.webp to ./img/origin
2025-04-18T16:16:10.377896+0800 | INFO | move /Users/10254072/si-im/si_common/src/main/res/drawable-xxhdpi/icon_schedule_grey_16px.webp to ./img/origin
2025-04-18T16:16:10.378161+0800 | INFO | move /Users/10254072/si-im/si_common/src/main/res/drawable-xxhdpi/icon_video.webp to ./img/origin
2025-04-18T16:16:10.378729+0800 | INFO | move /Users/10254072/si-im/si_common/src/main/res/drawable-xxhdpi/icon_arrow_right_black.webp to ./img/origin
2025-04-18T16:16:10.379010+0800 | INFO | move /Users/10254072/si-im/si_common/src/main/res/drawable-xxhdpi/icon_dmg.webp to ./img/origin
2025-04-18T16:16:10.379285+0800 | INFO | move /Users/10254072/si-im/si_common/src/main/res/drawable-xxhdpi/icon_schedule_location.webp to ./img/origin
2025-04-18T16:16:10.379651+0800 | INFO | move /Users/10254072/si-im/si_common/src/main/res/drawable-xxhdpi/icon_schedule_blue_16px.webp to ./img/origin
2025-04-18T16:16:10.379876+0800 | INFO | move /Users/10254072/si-im/si_common/src/main/res/drawable-xxhdpi/icon_deleteclose_20px.webp to ./img/origin
2025-04-18T16:16:10.380317+0800 | INFO | move /Users/10254072/si-im/si_common/src/main/res/drawable-xxhdpi/icon_computer_offline.webp to ./img/origin
2025-04-18T16:16:10.380917+0800 | INFO | move /Users/10254072/si-im/si_common/src/main/res/drawable-xxhdpi/icon_black_nav_add.webp to ./img/origin
2025-04-18T16:16:10.381317+0800 | INFO | move /Users/10254072/si-im/si_common/src/main/res/drawable-xxhdpi/icon_nosearch.webp to ./img/origin
2025-04-18T16:16:10.381664+0800 | INFO | move /Users/10254072/si-im/si_common/src/main/res/drawable-xxhdpi/icon_ps.webp to ./img/origin
2025-04-18T16:16:10.382008+0800 | INFO | move /Users/10254072/si-im/si_common/src/main/res/drawable-xxhdpi/icon_move.webp to ./img/origin
2025-04-18T16:16:10.382364+0800 | INFO | move /Users/10254072/si-im/si_common/src/main/res/drawable-xxhdpi/icon_pending.webp to ./img/origin
2025-04-18T16:16:10.382737+0800 | INFO | move /Users/10254072/si-im/si_common/src/main/res/drawable-xxhdpi/icon_multi_select.webp to ./img/origin
2025-04-18T16:16:10.383339+0800 | INFO | move /Users/10254072/si-im/si_common/src/main/res/drawable-xxhdpi/icon_schedule_busy_sun.webp to ./img/origin
2025-04-18T16:16:10.383782+0800 | INFO | move /Users/10254072/si-im/si_common/src/main/res/drawable-xxhdpi/icon_calendar_schedule_room.webp to ./img/origin
2025-04-18T16:16:10.384183+0800 | INFO | move /Users/10254072/si-im/si_common/src/main/res/drawable-xxhdpi/icon_month_normal.webp to ./img/origin
2025-04-18T16:16:10.384838+0800 | INFO | move /Users/10254072/si-im/si_common/src/main/res/drawable-xxhdpi/icon_edit_highlight.webp to ./img/origin
2025-04-18T16:16:10.385527+0800 | INFO | move /Users/10254072/si-im/si_common/src/main/res/drawable-xxhdpi/icon_reject.webp to ./img/origin
2025-04-18T16:16:10.386360+0800 | INFO | move /Users/10254072/si-im/si_common/src/main/res/drawable-xxhdpi/icon_select_all_contact.webp to ./img/origin
2025-04-18T16:16:10.387214+0800 | INFO | move /Users/10254072/si-im/si_common/src/main/res/drawable-xxhdpi/icon_blank_person.webp to ./img/origin
2025-04-18T16:16:10.387668+0800 | INFO | move /Users/10254072/si-im/si_common/src/main/res/drawable-xxhdpi/icon_not_agree.webp to ./img/origin
2025-04-18T16:16:10.388276+0800 | INFO | move /Users/10254072/si-im/si_common/src/main/res/drawable-xxhdpi/icon_avatar_calendar_48px.webp to ./img/origin
2025-04-18T16:16:10.389542+0800 | INFO | move /Users/10254072/si-im/si_common/src/main/res/drawable-xxhdpi/icon_calendar_schedule_room_selected.webp to ./img/origin
2025-04-18T16:16:10.390179+0800 | INFO | move /Users/10254072/si-im/si_common/src/main/res/drawable-xxhdpi/icon_edit.webp to ./img/origin
2025-04-18T16:16:10.390762+0800 | INFO | move /Users/10254072/si-im/si_common/src/main/res/drawable-xxhdpi/icon_week_normal.webp to ./img/origin
2025-04-18T16:16:10.391324+0800 | INFO | move /Users/10254072/si-im/si_common/src/main/res/drawable-xxhdpi/icon_video_blue_16px.webp to ./img/origin
2025-04-18T16:16:10.391921+0800 | INFO | move /Users/10254072/si-im/si_common/src/main/res/drawable-xxhdpi/icon_month_clicked.webp to ./img/origin
2025-04-18T16:16:10.392684+0800 | INFO | move /Users/10254072/si-im/si_common/src/main/res/drawable-xxhdpi/icon_arrowleft.webp to ./img/origin
2025-04-18T16:16:10.393204+0800 | INFO | move /Users/10254072/si-im/si_common/src/main/res/drawable-xxhdpi/icon_video_grey_16px.webp to ./img/origin
2025-04-18T16:16:10.393839+0800 | INFO | move /Users/10254072/si-im/si_common/src/main/res/drawable-xxhdpi/icon_addmenmber.webp to ./img/origin
2025-04-18T16:16:10.395085+0800 | INFO | move /Users/10254072/si-im/si_common/src/main/res/drawable-xxhdpi/icon_week_clicked.webp to ./img/origin
2025-04-18T16:16:10.395554+0800 | INFO | move /Users/10254072/si-im/si_common/src/main/res/drawable-xxhdpi/icon_select_single.webp to ./img/origin
2025-04-18T16:16:10.396193+0800 | INFO | move /Users/10254072/si-im/si_common/src/main/res/drawable-xxhdpi/icon_agreed.webp to ./img/origin
2025-04-18T16:16:10.396908+0800 | INFO | move /Users/10254072/si-im/si_common/src/main/res/drawable-xxhdpi/icon_file_key.webp to ./img/origin
2025-04-18T16:16:10.397344+0800 | INFO | move /Users/10254072/si-im/si_common/src/main/res/drawable-xxhdpi/icon_doc.webp to ./img/origin
2025-04-18T16:16:10.397772+0800 | INFO | move /Users/10254072/si-im/si_common/src/main/res/drawable-xxhdpi/icon_multiple_item_mic_on.png to ./img/origin
2025-04-18T16:16:10.398207+0800 | INFO | move /Users/10254072/si-im/si_common/src/main/res/drawable-xxhdpi/icon_not_pending.webp to ./img/origin
2025-04-18T16:16:10.398753+0800 | INFO | move /Users/10254072/si-im/si_common/src/main/res/drawable-xxhdpi/album_bg_selected_n.webp to ./img/origin
2025-04-18T16:16:10.399148+0800 | INFO | move /Users/10254072/si-im/si_common/src/main/res/drawable-xxhdpi/icon_pic.webp to ./img/origin
2025-04-18T16:16:10.399694+0800 | INFO | move /Users/10254072/si-im/si_common/src/main/res/drawable-xxhdpi/icon_arrowright.webp to ./img/origin
2025-04-18T16:16:10.400094+0800 | INFO | move /Users/10254072/si-im/si_common/src/main/res/drawable-xxhdpi/icon_zip.webp to ./img/origin
2025-04-18T16:16:10.400554+0800 | INFO | move /Users/10254072/si-im/si_common/src/main/res/drawable-xxhdpi/icon_pdf.webp to ./img/origin
2025-04-18T16:16:10.401100+0800 | INFO | move /Users/10254072/si-im/si_common/src/main/res/drawable-xxhdpi/icon_calendar_schedule_date.webp to ./img/origin
2025-04-18T16:16:10.401589+0800 | INFO | move /Users/10254072/si-im/si_common/src/main/res/drawable-xxhdpi/icon_clock.webp to ./img/origin
2025-04-18T16:16:10.402219+0800 | INFO | move /Users/10254072/si-im/si_common/src/main/res/drawable-xxhdpi/icon_dayly_timezone_switch.webp to ./img/origin
2025-04-18T16:16:10.402625+0800 | INFO | move /Users/10254072/si-im/si_common/src/main/res/drawable-xxhdpi/icon_excel.webp to ./img/origin
2025-04-18T16:16:10.403068+0800 | INFO | move /Users/10254072/si-im/si_common/src/main/res/drawable-xxhdpi/icon_not_reject.webp to ./img/origin
2025-04-18T16:16:10.403864+0800 | INFO | move /Users/10254072/si-im/si_common/src/main/res/drawable-xxhdpi/icon_dialog_close.webp to ./img/origin
2025-04-18T16:16:10.404340+0800 | INFO | move /Users/10254072/si-im/si_common/src/main/res/drawable-xxhdpi/icon_timezone_radio_selected.webp to ./img/origin
2025-04-18T16:16:10.404845+0800 | INFO | move /Users/10254072/si-im/si_common/src/main/res/drawable-xxhdpi/icon_schedule_busy_moon.webp to ./img/origin
2025-04-18T16:16:10.405301+0800 | INFO | move /Users/10254072/si-im/si_common/src/main/res/drawable-xxhdpi/icon_unselect.webp to ./img/origin
2025-04-18T16:16:10.405969+0800 | INFO | move /Users/10254072/si-im/si_common/src/main/res/drawable-xxhdpi/bg_week_schedule_right_trangle.webp to ./img/origin
2025-04-18T16:16:10.406414+0800 | INFO | move /Users/10254072/si-im/si_common/src/main/res/drawable-xxhdpi/icon_unknow.webp to ./img/origin
2025-04-18T16:16:10.406836+0800 | INFO | move /Users/10254072/si-im/si_common/src/main/res/drawable-xxhdpi/icon_day_normal.webp to ./img/origin
2025-04-18T16:16:10.407253+0800 | INFO | move /Users/10254072/si-im/si_common/src/main/res/drawable-xxhdpi/icon_loading.webp to ./img/origin
2025-04-18T16:16:10.407671+0800 | INFO | move /Users/10254072/si-im/si_common/src/main/res/drawable-xxhdpi/icon_label_add.webp to ./img/origin
2025-04-18T16:16:10.408270+0800 | INFO | move /Users/10254072/si-im/si_common/src/main/res/drawable-xxhdpi/icon_calendar_schedule_date_selected.webp to ./img/origin
2025-04-18T16:16:10.409160+0800 | INFO | move /Users/10254072/si-im/si_common/src/main/res/drawable-xxhdpi/icon_arrow_right.webp to ./img/origin
2025-04-18T16:16:10.409940+0800 | INFO | move /Users/10254072/si-im/si_common/src/main/res/drawable-xxhdpi/icon_apk.webp to ./img/origin
2025-04-18T16:16:10.410613+0800 | INFO | move /Users/10254072/si-im/si_common/src/main/res/drawable-xxhdpi/icon_file_xmind.webp to ./img/origin
2025-04-18T16:16:10.411138+0800 | INFO | move /Users/10254072/si-im/si_common/src/main/res/drawable-xxhdpi/icon_txt.webp to ./img/origin
2025-04-18T16:16:10.411688+0800 | INFO | move /Users/10254072/si-im/si_common/src/main/res/drawable-xxhdpi/icon_black_close.webp to ./img/origin
2025-04-18T16:16:10.412396+0800 | INFO | move /Users/10254072/si-im/si_common/src/main/res/drawable-xxhdpi/icon_update_dialog.png to ./img/origin
2025-04-18T16:16:10.412980+0800 | INFO | move /Users/10254072/si-im/si_common/src/main/res/drawable-xxhdpi/icon_file_ai.webp to ./img/origin
2025-04-18T16:16:10.413756+0800 | INFO | move /Users/10254072/si-im/si_common/src/main/res/drawable-xxhdpi/s_chat_logo.webp to ./img/origin
2025-04-18T16:16:10.414325+0800 | INFO | move /Users/10254072/si-im/si_common/src/main/res/drawable-xxhdpi/icon_day_clicked.webp to ./img/origin
2025-04-18T16:16:10.414925+0800 | INFO | move /Users/10254072/si-im/si_common/src/main/res/drawable-xxhdpi/icon_file_ae.webp to ./img/origin
2025-04-18T16:16:10.415355+0800 | INFO | move /Users/10254072/si-im/si_common/src/main/res/drawable-xxhdpi/icon_timezone_radio_delete.webp to ./img/origin
2025-04-18T16:16:10.415924+0800 | INFO | move /Users/10254072/si-im/si_common/src/main/res/drawable-xxhdpi/icon_remove.webp to ./img/origin
2025-04-18T16:16:10.416364+0800 | INFO | move /Users/10254072/si-im/si_common/src/main/res/drawable-xxhdpi/icon_title_more.webp to ./img/origin
2025-04-18T16:16:10.416744+0800 | INFO | move /Users/10254072/si-im/si_common/src/main/res/drawable-xxhdpi/icon_mark.webp to ./img/origin
2025-04-18T16:16:10.417177+0800 | INFO | move /Users/10254072/si-im/si_common/src/main/res/drawable-xxhdpi/icon_timezone_radio_unselect.webp to ./img/origin
2025-04-18T16:16:10.417702+0800 | INFO | move /Users/10254072/si-im/si_common/src/main/res/drawable-xxhdpi/icon_close.webp to ./img/origin
2025-04-18T16:16:10.418121+0800 | INFO | move /Users/10254072/si-im/si_common/src/main/res/drawable-xxhdpi/icon_checked.webp to ./img/origin
2025-04-18T16:16:10.418512+0800 | INFO | move /Users/10254072/si-im/si_common/src/main/res/drawable-xxhdpi/icon_mic_off_14px.png to ./img/origin
2025-04-18T16:16:10.450326+0800 | INFO | move /Users/10254072/si-im/si_network/src/main/res/drawable/ic_launcher_foreground.xml to ./img/origin
2025-04-18T16:16:10.451374+0800 | INFO | move /Users/10254072/si-im/si_network/src/main/res/drawable/ic_launcher_background.xml to ./img/origin
2025-04-18T16:16:10.533533+0800 | INFO | move /Users/10254072/si-im/si_rtc_meet/src/main/res/drawable/ic_refuse.xml to ./img/origin
2025-04-18T16:16:10.534624+0800 | INFO | move /Users/10254072/si-im/si_rtc_meet/src/main/res/drawable/ic_allow.xml to ./img/origin
2025-04-18T16:16:10.536621+0800 | INFO | move /Users/10254072/si-im/si_rtc_meet/src/main/res/drawable-xxhdpi/icon_back.png to ./img/origin
2025-04-18T16:16:10.537260+0800 | INFO | move /Users/10254072/si-im/si_rtc_meet/src/main/res/drawable-xxhdpi/sample_switch_on.png to ./img/origin
2025-04-18T16:16:10.537846+0800 | INFO | move /Users/10254072/si-im/si_rtc_meet/src/main/res/drawable-xxhdpi/sample_switch_off.png to ./img/origin
2025-04-18T16:16:10.570480+0800 | INFO | move /Users/10254072/si-im/si_calendar/src/main/res/drawable-xxhdpi/icon_meetingroom.png to ./img/origin
2025-04-18T16:16:10.570956+0800 | INFO | move /Users/10254072/si-im/si_calendar/src/main/res/drawable-xxhdpi/icon_sel.png to ./img/origin
2025-04-18T16:16:10.571421+0800 | INFO | move /Users/10254072/si-im/si_calendar/src/main/res/drawable-xxhdpi/icon_empty.png to ./img/origin
2025-04-18T16:16:10.571865+0800 | INFO | move /Users/10254072/si-im/si_calendar/src/main/res/drawable-xxhdpi/icon_device.png to ./img/origin
2025-04-18T16:16:10.572299+0800 | INFO | move /Users/10254072/si-im/si_calendar/src/main/res/drawable-xxhdpi/icon_meeting_capacity.png to ./img/origin
2025-04-18T16:16:10.572712+0800 | INFO | move /Users/10254072/si-im/si_calendar/src/main/res/drawable-xxhdpi/bg_add_pop.png to ./img/origin
2025-04-18T16:16:10.581311+0800 | INFO | move 474 files to ./img/origin
2025-04-18T16:16:23.771466+0800 | INFO | vector drawable to svg success, vd_path:./img/origin/icon_meeting_gray_no_background.xml, svg_path:./img/handled/icon_meeting_gray_no_background.svg
2025-04-18T16:16:24.099125+0800 | INFO | svg to png success, png_path:./img/handled/icon_meeting_gray_no_background.png, svg_path:./img/handled/icon_meeting_gray_no_background.svg
2025-04-18T16:16:24.100335+0800 | INFO | move ./img/origin/icon_computer_online.webp to ./img/handled
2025-04-18T16:16:24.101296+0800 | INFO | move ./img/origin/icon_schedule_grey_16px.webp to ./img/handled
2025-04-18T16:16:24.102508+0800 | INFO | move ./img/origin/ic_effect_filter_sparkling_water.png to ./img/handled
2025-04-18T16:16:27.873045+0800 | INFO | vector drawable to svg success, vd_path:./img/origin/icon_check_green_12px.xml, svg_path:./img/handled/icon_check_green_12px.svg
2025-04-18T16:16:28.184467+0800 | INFO | svg to png success, png_path:./img/handled/icon_check_green_12px.png, svg_path:./img/handled/icon_check_green_12px.svg
2025-04-18T16:16:28.187085+0800 | INFO | move ./img/origin/icon_delete_24px.webp to ./img/handled
2025-04-18T16:16:28.189562+0800 | INFO | move ./img/origin/default_avatar.png to ./img/handled
2025-04-18T16:16:28.191834+0800 | INFO | move ./img/origin/icon_label_custom.webp to ./img/handled
2025-04-18T16:16:28.193498+0800 | INFO | move ./img/origin/sui_icon_select_img_selected_transparent.webp to ./img/handled
2025-04-18T16:16:33.840247+0800 | INFO | vector drawable to svg success, vd_path:./img/origin/icon_scan_light_off.xml, svg_path:./img/handled/icon_scan_light_off.svg
2025-04-18T16:16:34.151971+0800 | INFO | svg to png success, png_path:./img/handled/icon_scan_light_off.png, svg_path:./img/handled/icon_scan_light_off.svg
